2024-07-28 05:35:32,559:INFO:Running command: python watermarked_text_generator.py ++prompt_file='./data/WQE/dev.csv' ++prompt_num=10 ++is_completion=False ++generator_args.temperature=1 ++generator_args.diversity_penalty=0 ++generation_stats_file_path='./inputs/dev_semstamp_regen/gen_stats/prompt_10.csv' ++watermark_args.use_fine_tuned=False ++watermarked_text_file_path='./inputs/dev_semstamp_regen/watermarked_texts.csv' 
2024-07-28 05:35:32,560:INFO:Saving results to ./inputs/dev_semstamp_regen/logs/logfile_10.log
2024-07-28 05:40:55,402:INFO:Command executed successfully
2024-07-28 05:40:55,402:INFO:stdout, stderr
2024-07-28 05:40:55,402:INFO:('Success', None)
2024-07-28 05:40:55,402:INFO:Running command: python watermarked_text_generator.py ++prompt_file='./data/WQE/dev.csv' ++prompt_num=24 ++is_completion=False ++generator_args.temperature=1 ++generator_args.diversity_penalty=0 ++generation_stats_file_path='./inputs/dev_semstamp_regen/gen_stats/prompt_24.csv' ++watermark_args.use_fine_tuned=False ++watermarked_text_file_path='./inputs/dev_semstamp_regen/watermarked_texts.csv' 
2024-07-28 05:40:55,402:INFO:Saving results to ./inputs/dev_semstamp_regen/logs/logfile_24.log
2024-07-28 05:50:49,793:INFO:Command executed successfully
2024-07-28 05:50:49,793:INFO:stdout, stderr
2024-07-28 05:50:49,793:INFO:('Success', None)
2024-07-28 05:50:49,794:INFO:Running command: python watermarked_text_generator.py ++prompt_file='./data/WQE/dev.csv' ++prompt_num=26 ++is_completion=False ++generator_args.temperature=1 ++generator_args.diversity_penalty=0 ++generation_stats_file_path='./inputs/dev_semstamp_regen/gen_stats/prompt_26.csv' ++watermark_args.use_fine_tuned=False ++watermarked_text_file_path='./inputs/dev_semstamp_regen/watermarked_texts.csv' 
2024-07-28 05:50:49,794:INFO:Saving results to ./inputs/dev_semstamp_regen/logs/logfile_26.log
2024-07-28 05:56:44,157:INFO:Command executed successfully
2024-07-28 05:56:44,157:INFO:stdout, stderr
2024-07-28 05:56:44,157:INFO:('Success', None)
2024-07-28 05:56:44,157:INFO:Running command: python watermarked_text_generator.py ++prompt_file='./data/WQE/dev.csv' ++prompt_num=35 ++is_completion=False ++generator_args.temperature=1 ++generator_args.diversity_penalty=0 ++generation_stats_file_path='./inputs/dev_semstamp_regen/gen_stats/prompt_35.csv' ++watermark_args.use_fine_tuned=False ++watermarked_text_file_path='./inputs/dev_semstamp_regen/watermarked_texts.csv' 
2024-07-28 05:56:44,157:INFO:Saving results to ./inputs/dev_semstamp_regen/logs/logfile_35.log
2024-07-28 06:11:06,011:INFO:Command executed successfully
2024-07-28 06:11:06,011:INFO:stdout, stderr
2024-07-28 06:11:06,011:INFO:('Success', None)
2024-07-28 06:11:06,011:INFO:Running command: python watermarked_text_generator.py ++prompt_file='./data/WQE/dev.csv' ++prompt_num=46 ++is_completion=False ++generator_args.temperature=1 ++generator_args.diversity_penalty=0 ++generation_stats_file_path='./inputs/dev_semstamp_regen/gen_stats/prompt_46.csv' ++watermark_args.use_fine_tuned=False ++watermarked_text_file_path='./inputs/dev_semstamp_regen/watermarked_texts.csv' 
2024-07-28 06:11:06,011:INFO:Saving results to ./inputs/dev_semstamp_regen/logs/logfile_46.log
2024-07-28 06:18:52,834:INFO:Command executed successfully
2024-07-28 06:18:52,834:INFO:stdout, stderr
2024-07-28 06:18:52,834:INFO:('Success', None)
2024-07-28 06:18:52,834:INFO:Running command: python watermarked_text_generator.py ++prompt_file='./data/WQE/dev.csv' ++prompt_num=47 ++is_completion=False ++generator_args.temperature=1 ++generator_args.diversity_penalty=0 ++generation_stats_file_path='./inputs/dev_semstamp_regen/gen_stats/prompt_47.csv' ++watermark_args.use_fine_tuned=False ++watermarked_text_file_path='./inputs/dev_semstamp_regen/watermarked_texts.csv' 
2024-07-28 06:18:52,834:INFO:Saving results to ./inputs/dev_semstamp_regen/logs/logfile_47.log
2024-07-28 06:29:13,291:INFO:Command executed successfully
2024-07-28 06:29:13,291:INFO:stdout, stderr
2024-07-28 06:29:13,291:INFO:('Success', None)
2024-07-28 06:29:13,291:INFO:Running command: python watermarked_text_generator.py ++prompt_file='./data/WQE/dev.csv' ++prompt_num=54 ++is_completion=False ++generator_args.temperature=1 ++generator_args.diversity_penalty=0 ++generation_stats_file_path='./inputs/dev_semstamp_regen/gen_stats/prompt_54.csv' ++watermark_args.use_fine_tuned=False ++watermarked_text_file_path='./inputs/dev_semstamp_regen/watermarked_texts.csv' 
2024-07-28 06:29:13,291:INFO:Saving results to ./inputs/dev_semstamp_regen/logs/logfile_54.log
2024-07-28 06:44:14,849:ERROR:Command failed with error: None
2024-07-28 06:44:14,849:INFO:stdout, stderr
2024-07-28 06:44:14,849:INFO:(None, None)
Command succeeded: python watermarked_text_generator.py ++prompt_file='./data/WQE/dev.csv' ++prompt_num=10 ++is_completion=False ++generator_args.temperature=1 ++generator_args.diversity_penalty=0 ++generation_stats_file_path='./inputs/dev_semstamp_regen/gen_stats/prompt_10.csv' ++watermark_args.use_fine_tuned=False ++watermarked_text_file_path='./inputs/dev_semstamp_regen/watermarked_texts.csv' 
Output:
Success
Command succeeded: python watermarked_text_generator.py ++prompt_file='./data/WQE/dev.csv' ++prompt_num=24 ++is_completion=False ++generator_args.temperature=1 ++generator_args.diversity_penalty=0 ++generation_stats_file_path='./inputs/dev_semstamp_regen/gen_stats/prompt_24.csv' ++watermark_args.use_fine_tuned=False ++watermarked_text_file_path='./inputs/dev_semstamp_regen/watermarked_texts.csv' 
Output:
Success
Command succeeded: python watermarked_text_generator.py ++prompt_file='./data/WQE/dev.csv' ++prompt_num=26 ++is_completion=False ++generator_args.temperature=1 ++generator_args.diversity_penalty=0 ++generation_stats_file_path='./inputs/dev_semstamp_regen/gen_stats/prompt_26.csv' ++watermark_args.use_fine_tuned=False ++watermarked_text_file_path='./inputs/dev_semstamp_regen/watermarked_texts.csv' 
Output:
Success
Command succeeded: python watermarked_text_generator.py ++prompt_file='./data/WQE/dev.csv' ++prompt_num=35 ++is_completion=False ++generator_args.temperature=1 ++generator_args.diversity_penalty=0 ++generation_stats_file_path='./inputs/dev_semstamp_regen/gen_stats/prompt_35.csv' ++watermark_args.use_fine_tuned=False ++watermarked_text_file_path='./inputs/dev_semstamp_regen/watermarked_texts.csv' 
Output:
Success
Command succeeded: python watermarked_text_generator.py ++prompt_file='./data/WQE/dev.csv' ++prompt_num=46 ++is_completion=False ++generator_args.temperature=1 ++generator_args.diversity_penalty=0 ++generation_stats_file_path='./inputs/dev_semstamp_regen/gen_stats/prompt_46.csv' ++watermark_args.use_fine_tuned=False ++watermarked_text_file_path='./inputs/dev_semstamp_regen/watermarked_texts.csv' 
Output:
Success
Command succeeded: python watermarked_text_generator.py ++prompt_file='./data/WQE/dev.csv' ++prompt_num=47 ++is_completion=False ++generator_args.temperature=1 ++generator_args.diversity_penalty=0 ++generation_stats_file_path='./inputs/dev_semstamp_regen/gen_stats/prompt_47.csv' ++watermark_args.use_fine_tuned=False ++watermarked_text_file_path='./inputs/dev_semstamp_regen/watermarked_texts.csv' 
Output:
Success
Command succeeded: python watermarked_text_generator.py ++prompt_file='./data/WQE/dev.csv' ++prompt_num=54 ++is_completion=False ++generator_args.temperature=1 ++generator_args.diversity_penalty=0 ++generation_stats_file_path='./inputs/dev_semstamp_regen/gen_stats/prompt_54.csv' ++watermark_args.use_fine_tuned=False ++watermarked_text_file_path='./inputs/dev_semstamp_regen/watermarked_texts.csv' 
Output:
None
