2024-07-29 03:52:02,800:INFO:Running command: python watermarked_text_generator.py ++prompt_file='./data/WQE/dev.csv' ++prompt_num=1 ++is_completion=False ++generator_args.temperature=1 ++generator_args.diversity_penalty=0 ++generation_stats_file_path='./inputs/dev_umd_long_2/gen_stats/prompt_1.csv' ++watermark_args.use_fine_tuned=False ++watermarked_text_file_path='./inputs/dev_umd_long_2/watermarked_texts.csv' 
2024-07-29 03:52:02,800:INFO:Saving results to ./inputs/dev_umd_long_2/logs/logfile_1.log
2024-07-29 03:58:08,750:INFO:Command executed successfully
2024-07-29 03:58:08,750:INFO:stdout, stderr
2024-07-29 03:58:08,750:INFO:('Success', None)
2024-07-29 03:58:08,750:INFO:Running command: python watermarked_text_generator.py ++prompt_file='./data/WQE/dev.csv' ++prompt_num=2 ++is_completion=False ++generator_args.temperature=1 ++generator_args.diversity_penalty=0 ++generation_stats_file_path='./inputs/dev_umd_long_2/gen_stats/prompt_2.csv' ++watermark_args.use_fine_tuned=False ++watermarked_text_file_path='./inputs/dev_umd_long_2/watermarked_texts.csv' 
2024-07-29 03:58:08,750:INFO:Saving results to ./inputs/dev_umd_long_2/logs/logfile_2.log
2024-07-29 04:04:06,296:INFO:Command executed successfully
2024-07-29 04:04:06,296:INFO:stdout, stderr
2024-07-29 04:04:06,296:INFO:('Success', None)
2024-07-29 04:04:06,296:INFO:Running command: python watermarked_text_generator.py ++prompt_file='./data/WQE/dev.csv' ++prompt_num=3 ++is_completion=False ++generator_args.temperature=1 ++generator_args.diversity_penalty=0 ++generation_stats_file_path='./inputs/dev_umd_long_2/gen_stats/prompt_3.csv' ++watermark_args.use_fine_tuned=False ++watermarked_text_file_path='./inputs/dev_umd_long_2/watermarked_texts.csv' 
2024-07-29 04:04:06,296:INFO:Saving results to ./inputs/dev_umd_long_2/logs/logfile_3.log
2024-07-29 04:10:01,759:INFO:Command executed successfully
2024-07-29 04:10:01,759:INFO:stdout, stderr
2024-07-29 04:10:01,759:INFO:('Success', None)
2024-07-29 04:10:01,759:INFO:Running command: python watermarked_text_generator.py ++prompt_file='./data/WQE/dev.csv' ++prompt_num=4 ++is_completion=False ++generator_args.temperature=1 ++generator_args.diversity_penalty=0 ++generation_stats_file_path='./inputs/dev_umd_long_2/gen_stats/prompt_4.csv' ++watermark_args.use_fine_tuned=False ++watermarked_text_file_path='./inputs/dev_umd_long_2/watermarked_texts.csv' 
2024-07-29 04:10:01,759:INFO:Saving results to ./inputs/dev_umd_long_2/logs/logfile_4.log
2024-07-29 04:15:56,307:INFO:Command executed successfully
2024-07-29 04:15:56,307:INFO:stdout, stderr
2024-07-29 04:15:56,307:INFO:('Success', None)
2024-07-29 04:15:56,308:INFO:Running command: python watermarked_text_generator.py ++prompt_file='./data/WQE/dev.csv' ++prompt_num=5 ++is_completion=False ++generator_args.temperature=1 ++generator_args.diversity_penalty=0 ++generation_stats_file_path='./inputs/dev_umd_long_2/gen_stats/prompt_5.csv' ++watermark_args.use_fine_tuned=False ++watermarked_text_file_path='./inputs/dev_umd_long_2/watermarked_texts.csv' 
2024-07-29 04:15:56,308:INFO:Saving results to ./inputs/dev_umd_long_2/logs/logfile_5.log
2024-07-29 04:21:54,240:INFO:Command executed successfully
2024-07-29 04:21:54,240:INFO:stdout, stderr
2024-07-29 04:21:54,240:INFO:('Success', None)
2024-07-29 04:21:54,240:INFO:Running command: python watermarked_text_generator.py ++prompt_file='./data/WQE/dev.csv' ++prompt_num=6 ++is_completion=False ++generator_args.temperature=1 ++generator_args.diversity_penalty=0 ++generation_stats_file_path='./inputs/dev_umd_long_2/gen_stats/prompt_6.csv' ++watermark_args.use_fine_tuned=False ++watermarked_text_file_path='./inputs/dev_umd_long_2/watermarked_texts.csv' 
2024-07-29 04:21:54,240:INFO:Saving results to ./inputs/dev_umd_long_2/logs/logfile_6.log
2024-07-29 04:27:49,923:INFO:Command executed successfully
2024-07-29 04:27:49,923:INFO:stdout, stderr
2024-07-29 04:27:49,923:INFO:('Success', None)
2024-07-29 04:27:49,923:INFO:Running command: python watermarked_text_generator.py ++prompt_file='./data/WQE/dev.csv' ++prompt_num=7 ++is_completion=False ++generator_args.temperature=1 ++generator_args.diversity_penalty=0 ++generation_stats_file_path='./inputs/dev_umd_long_2/gen_stats/prompt_7.csv' ++watermark_args.use_fine_tuned=False ++watermarked_text_file_path='./inputs/dev_umd_long_2/watermarked_texts.csv' 
2024-07-29 04:27:49,923:INFO:Saving results to ./inputs/dev_umd_long_2/logs/logfile_7.log
2024-07-29 04:33:46,548:INFO:Command executed successfully
2024-07-29 04:33:46,549:INFO:stdout, stderr
2024-07-29 04:33:46,549:INFO:('Success', None)
2024-07-29 04:33:46,549:INFO:Running command: python watermarked_text_generator.py ++prompt_file='./data/WQE/dev.csv' ++prompt_num=8 ++is_completion=False ++generator_args.temperature=1 ++generator_args.diversity_penalty=0 ++generation_stats_file_path='./inputs/dev_umd_long_2/gen_stats/prompt_8.csv' ++watermark_args.use_fine_tuned=False ++watermarked_text_file_path='./inputs/dev_umd_long_2/watermarked_texts.csv' 
2024-07-29 04:33:46,549:INFO:Saving results to ./inputs/dev_umd_long_2/logs/logfile_8.log
2024-07-29 04:39:44,440:INFO:Command executed successfully
2024-07-29 04:39:44,441:INFO:stdout, stderr
2024-07-29 04:39:44,441:INFO:('Success', None)
2024-07-29 04:39:44,441:INFO:Running command: python watermarked_text_generator.py ++prompt_file='./data/WQE/dev.csv' ++prompt_num=9 ++is_completion=False ++generator_args.temperature=1 ++generator_args.diversity_penalty=0 ++generation_stats_file_path='./inputs/dev_umd_long_2/gen_stats/prompt_9.csv' ++watermark_args.use_fine_tuned=False ++watermarked_text_file_path='./inputs/dev_umd_long_2/watermarked_texts.csv' 
2024-07-29 04:39:44,442:INFO:Saving results to ./inputs/dev_umd_long_2/logs/logfile_9.log
2024-07-29 04:45:41,796:INFO:Command executed successfully
2024-07-29 04:45:41,796:INFO:stdout, stderr
2024-07-29 04:45:41,796:INFO:('Success', None)
2024-07-29 04:45:41,796:INFO:Running command: python watermarked_text_generator.py ++prompt_file='./data/WQE/dev.csv' ++prompt_num=10 ++is_completion=False ++generator_args.temperature=1 ++generator_args.diversity_penalty=0 ++generation_stats_file_path='./inputs/dev_umd_long_2/gen_stats/prompt_10.csv' ++watermark_args.use_fine_tuned=False ++watermarked_text_file_path='./inputs/dev_umd_long_2/watermarked_texts.csv' 
2024-07-29 04:45:41,796:INFO:Saving results to ./inputs/dev_umd_long_2/logs/logfile_10.log
2024-07-29 04:51:36,175:INFO:Command executed successfully
2024-07-29 04:51:36,175:INFO:stdout, stderr
2024-07-29 04:51:36,175:INFO:('Success', None)
2024-07-29 04:51:36,175:INFO:Running command: python watermarked_text_generator.py ++prompt_file='./data/WQE/dev.csv' ++prompt_num=11 ++is_completion=False ++generator_args.temperature=1 ++generator_args.diversity_penalty=0 ++generation_stats_file_path='./inputs/dev_umd_long_2/gen_stats/prompt_11.csv' ++watermark_args.use_fine_tuned=False ++watermarked_text_file_path='./inputs/dev_umd_long_2/watermarked_texts.csv' 
2024-07-29 04:51:36,175:INFO:Saving results to ./inputs/dev_umd_long_2/logs/logfile_11.log
2024-07-29 04:57:38,964:INFO:Command executed successfully
2024-07-29 04:57:38,964:INFO:stdout, stderr
2024-07-29 04:57:38,964:INFO:('Success', None)
2024-07-29 04:57:38,964:INFO:Running command: python watermarked_text_generator.py ++prompt_file='./data/WQE/dev.csv' ++prompt_num=12 ++is_completion=False ++generator_args.temperature=1 ++generator_args.diversity_penalty=0 ++generation_stats_file_path='./inputs/dev_umd_long_2/gen_stats/prompt_12.csv' ++watermark_args.use_fine_tuned=False ++watermarked_text_file_path='./inputs/dev_umd_long_2/watermarked_texts.csv' 
2024-07-29 04:57:38,965:INFO:Saving results to ./inputs/dev_umd_long_2/logs/logfile_12.log
2024-07-29 05:03:38,625:INFO:Command executed successfully
2024-07-29 05:03:38,625:INFO:stdout, stderr
2024-07-29 05:03:38,625:INFO:('Success', None)
2024-07-29 05:03:38,626:INFO:Running command: python watermarked_text_generator.py ++prompt_file='./data/WQE/dev.csv' ++prompt_num=13 ++is_completion=False ++generator_args.temperature=1 ++generator_args.diversity_penalty=0 ++generation_stats_file_path='./inputs/dev_umd_long_2/gen_stats/prompt_13.csv' ++watermark_args.use_fine_tuned=False ++watermarked_text_file_path='./inputs/dev_umd_long_2/watermarked_texts.csv' 
2024-07-29 05:03:38,626:INFO:Saving results to ./inputs/dev_umd_long_2/logs/logfile_13.log
2024-07-29 05:09:32,816:INFO:Command executed successfully
2024-07-29 05:09:32,816:INFO:stdout, stderr
2024-07-29 05:09:32,816:INFO:('Success', None)
2024-07-29 05:09:32,816:INFO:Running command: python watermarked_text_generator.py ++prompt_file='./data/WQE/dev.csv' ++prompt_num=14 ++is_completion=False ++generator_args.temperature=1 ++generator_args.diversity_penalty=0 ++generation_stats_file_path='./inputs/dev_umd_long_2/gen_stats/prompt_14.csv' ++watermark_args.use_fine_tuned=False ++watermarked_text_file_path='./inputs/dev_umd_long_2/watermarked_texts.csv' 
2024-07-29 05:09:32,816:INFO:Saving results to ./inputs/dev_umd_long_2/logs/logfile_14.log
2024-07-29 05:15:34,394:INFO:Command executed successfully
2024-07-29 05:15:34,395:INFO:stdout, stderr
2024-07-29 05:15:34,395:INFO:('Success', None)
2024-07-29 05:15:34,395:INFO:Running command: python watermarked_text_generator.py ++prompt_file='./data/WQE/dev.csv' ++prompt_num=15 ++is_completion=False ++generator_args.temperature=1 ++generator_args.diversity_penalty=0 ++generation_stats_file_path='./inputs/dev_umd_long_2/gen_stats/prompt_15.csv' ++watermark_args.use_fine_tuned=False ++watermarked_text_file_path='./inputs/dev_umd_long_2/watermarked_texts.csv' 
2024-07-29 05:15:34,395:INFO:Saving results to ./inputs/dev_umd_long_2/logs/logfile_15.log
2024-07-29 05:21:32,489:INFO:Command executed successfully
2024-07-29 05:21:32,489:INFO:stdout, stderr
2024-07-29 05:21:32,489:INFO:('Success', None)
2024-07-29 05:21:32,489:INFO:Running command: python watermarked_text_generator.py ++prompt_file='./data/WQE/dev.csv' ++prompt_num=16 ++is_completion=False ++generator_args.temperature=1 ++generator_args.diversity_penalty=0 ++generation_stats_file_path='./inputs/dev_umd_long_2/gen_stats/prompt_16.csv' ++watermark_args.use_fine_tuned=False ++watermarked_text_file_path='./inputs/dev_umd_long_2/watermarked_texts.csv' 
2024-07-29 05:21:32,489:INFO:Saving results to ./inputs/dev_umd_long_2/logs/logfile_16.log
2024-07-29 05:27:31,445:INFO:Command executed successfully
2024-07-29 05:27:31,446:INFO:stdout, stderr
2024-07-29 05:27:31,446:INFO:('Success', None)
2024-07-29 05:27:31,446:INFO:Running command: python watermarked_text_generator.py ++prompt_file='./data/WQE/dev.csv' ++prompt_num=17 ++is_completion=False ++generator_args.temperature=1 ++generator_args.diversity_penalty=0 ++generation_stats_file_path='./inputs/dev_umd_long_2/gen_stats/prompt_17.csv' ++watermark_args.use_fine_tuned=False ++watermarked_text_file_path='./inputs/dev_umd_long_2/watermarked_texts.csv' 
2024-07-29 05:27:31,446:INFO:Saving results to ./inputs/dev_umd_long_2/logs/logfile_17.log
2024-07-29 05:33:31,041:INFO:Command executed successfully
2024-07-29 05:33:31,041:INFO:stdout, stderr
2024-07-29 05:33:31,041:INFO:('Success', None)
2024-07-29 05:33:31,041:INFO:Running command: python watermarked_text_generator.py ++prompt_file='./data/WQE/dev.csv' ++prompt_num=18 ++is_completion=False ++generator_args.temperature=1 ++generator_args.diversity_penalty=0 ++generation_stats_file_path='./inputs/dev_umd_long_2/gen_stats/prompt_18.csv' ++watermark_args.use_fine_tuned=False ++watermarked_text_file_path='./inputs/dev_umd_long_2/watermarked_texts.csv' 
2024-07-29 05:33:31,041:INFO:Saving results to ./inputs/dev_umd_long_2/logs/logfile_18.log
2024-07-29 05:39:25,774:INFO:Command executed successfully
2024-07-29 05:39:25,774:INFO:stdout, stderr
2024-07-29 05:39:25,774:INFO:('Success', None)
2024-07-29 05:39:25,774:INFO:Running command: python watermarked_text_generator.py ++prompt_file='./data/WQE/dev.csv' ++prompt_num=19 ++is_completion=False ++generator_args.temperature=1 ++generator_args.diversity_penalty=0 ++generation_stats_file_path='./inputs/dev_umd_long_2/gen_stats/prompt_19.csv' ++watermark_args.use_fine_tuned=False ++watermarked_text_file_path='./inputs/dev_umd_long_2/watermarked_texts.csv' 
2024-07-29 05:39:25,774:INFO:Saving results to ./inputs/dev_umd_long_2/logs/logfile_19.log
2024-07-29 05:45:19,961:INFO:Command executed successfully
2024-07-29 05:45:19,961:INFO:stdout, stderr
2024-07-29 05:45:19,961:INFO:('Success', None)
2024-07-29 05:45:19,961:INFO:Running command: python watermarked_text_generator.py ++prompt_file='./data/WQE/dev.csv' ++prompt_num=20 ++is_completion=False ++generator_args.temperature=1 ++generator_args.diversity_penalty=0 ++generation_stats_file_path='./inputs/dev_umd_long_2/gen_stats/prompt_20.csv' ++watermark_args.use_fine_tuned=False ++watermarked_text_file_path='./inputs/dev_umd_long_2/watermarked_texts.csv' 
2024-07-29 05:45:19,961:INFO:Saving results to ./inputs/dev_umd_long_2/logs/logfile_20.log
2024-07-29 05:51:21,648:INFO:Command executed successfully
2024-07-29 05:51:21,649:INFO:stdout, stderr
2024-07-29 05:51:21,649:INFO:('Success', None)
2024-07-29 05:51:21,649:INFO:Running command: python watermarked_text_generator.py ++prompt_file='./data/WQE/dev.csv' ++prompt_num=21 ++is_completion=False ++generator_args.temperature=1 ++generator_args.diversity_penalty=0 ++generation_stats_file_path='./inputs/dev_umd_long_2/gen_stats/prompt_21.csv' ++watermark_args.use_fine_tuned=False ++watermarked_text_file_path='./inputs/dev_umd_long_2/watermarked_texts.csv' 
2024-07-29 05:51:21,649:INFO:Saving results to ./inputs/dev_umd_long_2/logs/logfile_21.log
2024-07-29 05:57:26,520:INFO:Command executed successfully
Command succeeded: python watermarked_text_generator.py ++prompt_file='./data/WQE/dev.csv' ++prompt_num=1 ++is_completion=False ++generator_args.temperature=1 ++generator_args.diversity_penalty=0 ++generation_stats_file_path='./inputs/dev_umd_long_2/gen_stats/prompt_1.csv' ++watermark_args.use_fine_tuned=False ++watermarked_text_file_path='./inputs/dev_umd_long_2/watermarked_texts.csv' 
Output:
Success
Command succeeded: python watermarked_text_generator.py ++prompt_file='./data/WQE/dev.csv' ++prompt_num=2 ++is_completion=False ++generator_args.temperature=1 ++generator_args.diversity_penalty=0 ++generation_stats_file_path='./inputs/dev_umd_long_2/gen_stats/prompt_2.csv' ++watermark_args.use_fine_tuned=False ++watermarked_text_file_path='./inputs/dev_umd_long_2/watermarked_texts.csv' 
Output:
Success
Command succeeded: python watermarked_text_generator.py ++prompt_file='./data/WQE/dev.csv' ++prompt_num=3 ++is_completion=False ++generator_args.temperature=1 ++generator_args.diversity_penalty=0 ++generation_stats_file_path='./inputs/dev_umd_long_2/gen_stats/prompt_3.csv' ++watermark_args.use_fine_tuned=False ++watermarked_text_file_path='./inputs/dev_umd_long_2/watermarked_texts.csv' 
Output:
Success
Command succeeded: python watermarked_text_generator.py ++prompt_file='./data/WQE/dev.csv' ++prompt_num=4 ++is_completion=False ++generator_args.temperature=1 ++generator_args.diversity_penalty=0 ++generation_stats_file_path='./inputs/dev_umd_long_2/gen_stats/prompt_4.csv' ++watermark_args.use_fine_tuned=False ++watermarked_text_file_path='./inputs/dev_umd_long_2/watermarked_texts.csv' 
Output:
Success
Command succeeded: python watermarked_text_generator.py ++prompt_file='./data/WQE/dev.csv' ++prompt_num=5 ++is_completion=False ++generator_args.temperature=1 ++generator_args.diversity_penalty=0 ++generation_stats_file_path='./inputs/dev_umd_long_2/gen_stats/prompt_5.csv' ++watermark_args.use_fine_tuned=False ++watermarked_text_file_path='./inputs/dev_umd_long_2/watermarked_texts.csv' 
Output:
Success
Command succeeded: python watermarked_text_generator.py ++prompt_file='./data/WQE/dev.csv' ++prompt_num=6 ++is_completion=False ++generator_args.temperature=1 ++generator_args.diversity_penalty=0 ++generation_stats_file_path='./inputs/dev_umd_long_2/gen_stats/prompt_6.csv' ++watermark_args.use_fine_tuned=False ++watermarked_text_file_path='./inputs/dev_umd_long_2/watermarked_texts.csv' 
Output:
Success
Command succeeded: python watermarked_text_generator.py ++prompt_file='./data/WQE/dev.csv' ++prompt_num=7 ++is_completion=False ++generator_args.temperature=1 ++generator_args.diversity_penalty=0 ++generation_stats_file_path='./inputs/dev_umd_long_2/gen_stats/prompt_7.csv' ++watermark_args.use_fine_tuned=False ++watermarked_text_file_path='./inputs/dev_umd_long_2/watermarked_texts.csv' 
Output:
Success
Command succeeded: python watermarked_text_generator.py ++prompt_file='./data/WQE/dev.csv' ++prompt_num=8 ++is_completion=False ++generator_args.temperature=1 ++generator_args.diversity_penalty=0 ++generation_stats_file_path='./inputs/dev_umd_long_2/gen_stats/prompt_8.csv' ++watermark_args.use_fine_tuned=False ++watermarked_text_file_path='./inputs/dev_umd_long_2/watermarked_texts.csv' 
Output:
Success
Command succeeded: python watermarked_text_generator.py ++prompt_file='./data/WQE/dev.csv' ++prompt_num=9 ++is_completion=False ++generator_args.temperature=1 ++generator_args.diversity_penalty=0 ++generation_stats_file_path='./inputs/dev_umd_long_2/gen_stats/prompt_9.csv' ++watermark_args.use_fine_tuned=False ++watermarked_text_file_path='./inputs/dev_umd_long_2/watermarked_texts.csv' 
Output:
Success
Command succeeded: python watermarked_text_generator.py ++prompt_file='./data/WQE/dev.csv' ++prompt_num=10 ++is_completion=False ++generator_args.temperature=1 ++generator_args.diversity_penalty=0 ++generation_stats_file_path='./inputs/dev_umd_long_2/gen_stats/prompt_10.csv' ++watermark_args.use_fine_tuned=False ++watermarked_text_file_path='./inputs/dev_umd_long_2/watermarked_texts.csv' 
Output:
Success
Command succeeded: python watermarked_text_generator.py ++prompt_file='./data/WQE/dev.csv' ++prompt_num=11 ++is_completion=False ++generator_args.temperature=1 ++generator_args.diversity_penalty=0 ++generation_stats_file_path='./inputs/dev_umd_long_2/gen_stats/prompt_11.csv' ++watermark_args.use_fine_tuned=False ++watermarked_text_file_path='./inputs/dev_umd_long_2/watermarked_texts.csv' 
Output:
Success
Command succeeded: python watermarked_text_generator.py ++prompt_file='./data/WQE/dev.csv' ++prompt_num=12 ++is_completion=False ++generator_args.temperature=1 ++generator_args.diversity_penalty=0 ++generation_stats_file_path='./inputs/dev_umd_long_2/gen_stats/prompt_12.csv' ++watermark_args.use_fine_tuned=False ++watermarked_text_file_path='./inputs/dev_umd_long_2/watermarked_texts.csv' 
Output:
Success
Command succeeded: python watermarked_text_generator.py ++prompt_file='./data/WQE/dev.csv' ++prompt_num=13 ++is_completion=False ++generator_args.temperature=1 ++generator_args.diversity_penalty=0 ++generation_stats_file_path='./inputs/dev_umd_long_2/gen_stats/prompt_13.csv' ++watermark_args.use_fine_tuned=False ++watermarked_text_file_path='./inputs/dev_umd_long_2/watermarked_texts.csv' 
Output:
Success
Command succeeded: python watermarked_text_generator.py ++prompt_file='./data/WQE/dev.csv' ++prompt_num=14 ++is_completion=False ++generator_args.temperature=1 ++generator_args.diversity_penalty=0 ++generation_stats_file_path='./inputs/dev_umd_long_2/gen_stats/prompt_14.csv' ++watermark_args.use_fine_tuned=False ++watermarked_text_file_path='./inputs/dev_umd_long_2/watermarked_texts.csv' 
Output:
Success
Command succeeded: python watermarked_text_generator.py ++prompt_file='./data/WQE/dev.csv' ++prompt_num=15 ++is_completion=False ++generator_args.temperature=1 ++generator_args.diversity_penalty=0 ++generation_stats_file_path='./inputs/dev_umd_long_2/gen_stats/prompt_15.csv' ++watermark_args.use_fine_tuned=False ++watermarked_text_file_path='./inputs/dev_umd_long_2/watermarked_texts.csv' 
Output:
Success
Command succeeded: python watermarked_text_generator.py ++prompt_file='./data/WQE/dev.csv' ++prompt_num=16 ++is_completion=False ++generator_args.temperature=1 ++generator_args.diversity_penalty=0 ++generation_stats_file_path='./inputs/dev_umd_long_2/gen_stats/prompt_16.csv' ++watermark_args.use_fine_tuned=False ++watermarked_text_file_path='./inputs/dev_umd_long_2/watermarked_texts.csv' 
Output:
Success
Command succeeded: python watermarked_text_generator.py ++prompt_file='./data/WQE/dev.csv' ++prompt_num=17 ++is_completion=False ++generator_args.temperature=1 ++generator_args.diversity_penalty=0 ++generation_stats_file_path='./inputs/dev_umd_long_2/gen_stats/prompt_17.csv' ++watermark_args.use_fine_tuned=False ++watermarked_text_file_path='./inputs/dev_umd_long_2/watermarked_texts.csv' 
Output:
Success
Command succeeded: python watermarked_text_generator.py ++prompt_file='./data/WQE/dev.csv' ++prompt_num=18 ++is_completion=False ++generator_args.temperature=1 ++generator_args.diversity_penalty=0 ++generation_stats_file_path='./inputs/dev_umd_long_2/gen_stats/prompt_18.csv' ++watermark_args.use_fine_tuned=False ++watermarked_text_file_path='./inputs/dev_umd_long_2/watermarked_texts.csv' 
Output:
Success
Command succeeded: python watermarked_text_generator.py ++prompt_file='./data/WQE/dev.csv' ++prompt_num=19 ++is_completion=False ++generator_args.temperature=1 ++generator_args.diversity_penalty=0 ++generation_stats_file_path='./inputs/dev_umd_long_2/gen_stats/prompt_19.csv' ++watermark_args.use_fine_tuned=False ++watermarked_text_file_path='./inputs/dev_umd_long_2/watermarked_texts.csv' 
Output:
Success
Command succeeded: python watermarked_text_generator.py ++prompt_file='./data/WQE/dev.csv' ++prompt_num=20 ++is_completion=False ++generator_args.temperature=1 ++generator_args.diversity_penalty=0 ++generation_stats_file_path='./inputs/dev_umd_long_2/gen_stats/prompt_20.csv' ++watermark_args.use_fine_tuned=False ++watermarked_text_file_path='./inputs/dev_umd_long_2/watermarked_texts.csv' 
Output:
Success
2024-07-29 05:57:26,520:INFO:stdout, stderr
2024-07-29 05:57:26,520:INFO:('Success', None)
2024-07-29 05:57:26,520:INFO:Running command: python watermarked_text_generator.py ++prompt_file='./data/WQE/dev.csv' ++prompt_num=22 ++is_completion=False ++generator_args.temperature=1 ++generator_args.diversity_penalty=0 ++generation_stats_file_path='./inputs/dev_umd_long_2/gen_stats/prompt_22.csv' ++watermark_args.use_fine_tuned=False ++watermarked_text_file_path='./inputs/dev_umd_long_2/watermarked_texts.csv' 
2024-07-29 05:57:26,520:INFO:Saving results to ./inputs/dev_umd_long_2/logs/logfile_22.log
2024-07-29 06:03:21,394:INFO:Command executed successfully
2024-07-29 06:03:21,394:INFO:stdout, stderr
2024-07-29 06:03:21,394:INFO:('Success', None)
2024-07-29 06:03:21,394:INFO:Running command: python watermarked_text_generator.py ++prompt_file='./data/WQE/dev.csv' ++prompt_num=23 ++is_completion=False ++generator_args.temperature=1 ++generator_args.diversity_penalty=0 ++generation_stats_file_path='./inputs/dev_umd_long_2/gen_stats/prompt_23.csv' ++watermark_args.use_fine_tuned=False ++watermarked_text_file_path='./inputs/dev_umd_long_2/watermarked_texts.csv' 
2024-07-29 06:03:21,394:INFO:Saving results to ./inputs/dev_umd_long_2/logs/logfile_23.log
2024-07-29 06:09:19,508:INFO:Command executed successfully
2024-07-29 06:09:19,508:INFO:stdout, stderr
2024-07-29 06:09:19,508:INFO:('Success', None)
2024-07-29 06:09:19,508:INFO:Running command: python watermarked_text_generator.py ++prompt_file='./data/WQE/dev.csv' ++prompt_num=24 ++is_completion=False ++generator_args.temperature=1 ++generator_args.diversity_penalty=0 ++generation_stats_file_path='./inputs/dev_umd_long_2/gen_stats/prompt_24.csv' ++watermark_args.use_fine_tuned=False ++watermarked_text_file_path='./inputs/dev_umd_long_2/watermarked_texts.csv' 
2024-07-29 06:09:19,508:INFO:Saving results to ./inputs/dev_umd_long_2/logs/logfile_24.log
2024-07-29 06:15:16,161:INFO:Command executed successfully
2024-07-29 06:15:16,161:INFO:stdout, stderr
2024-07-29 06:15:16,161:INFO:('Success', None)
2024-07-29 06:15:16,161:INFO:Running command: python watermarked_text_generator.py ++prompt_file='./data/WQE/dev.csv' ++prompt_num=25 ++is_completion=False ++generator_args.temperature=1 ++generator_args.diversity_penalty=0 ++generation_stats_file_path='./inputs/dev_umd_long_2/gen_stats/prompt_25.csv' ++watermark_args.use_fine_tuned=False ++watermarked_text_file_path='./inputs/dev_umd_long_2/watermarked_texts.csv' 
2024-07-29 06:15:16,161:INFO:Saving results to ./inputs/dev_umd_long_2/logs/logfile_25.log
2024-07-29 06:21:15,950:INFO:Command executed successfully
2024-07-29 06:21:15,950:INFO:stdout, stderr
2024-07-29 06:21:15,950:INFO:('Success', None)
2024-07-29 06:21:15,950:INFO:Running command: python watermarked_text_generator.py ++prompt_file='./data/WQE/dev.csv' ++prompt_num=26 ++is_completion=False ++generator_args.temperature=1 ++generator_args.diversity_penalty=0 ++generation_stats_file_path='./inputs/dev_umd_long_2/gen_stats/prompt_26.csv' ++watermark_args.use_fine_tuned=False ++watermarked_text_file_path='./inputs/dev_umd_long_2/watermarked_texts.csv' 
2024-07-29 06:21:15,950:INFO:Saving results to ./inputs/dev_umd_long_2/logs/logfile_26.log
2024-07-29 06:27:08,392:INFO:Command executed successfully
2024-07-29 06:27:08,392:INFO:stdout, stderr
2024-07-29 06:27:08,392:INFO:('Success', None)
2024-07-29 06:27:08,392:INFO:Running command: python watermarked_text_generator.py ++prompt_file='./data/WQE/dev.csv' ++prompt_num=27 ++is_completion=False ++generator_args.temperature=1 ++generator_args.diversity_penalty=0 ++generation_stats_file_path='./inputs/dev_umd_long_2/gen_stats/prompt_27.csv' ++watermark_args.use_fine_tuned=False ++watermarked_text_file_path='./inputs/dev_umd_long_2/watermarked_texts.csv' 
2024-07-29 06:27:08,392:INFO:Saving results to ./inputs/dev_umd_long_2/logs/logfile_27.log
2024-07-29 06:33:04,164:INFO:Command executed successfully
2024-07-29 06:33:04,164:INFO:stdout, stderr
2024-07-29 06:33:04,164:INFO:('Success', None)
2024-07-29 06:33:04,165:INFO:Running command: python watermarked_text_generator.py ++prompt_file='./data/WQE/dev.csv' ++prompt_num=28 ++is_completion=False ++generator_args.temperature=1 ++generator_args.diversity_penalty=0 ++generation_stats_file_path='./inputs/dev_umd_long_2/gen_stats/prompt_28.csv' ++watermark_args.use_fine_tuned=False ++watermarked_text_file_path='./inputs/dev_umd_long_2/watermarked_texts.csv' 
2024-07-29 06:33:04,165:INFO:Saving results to ./inputs/dev_umd_long_2/logs/logfile_28.log
2024-07-29 06:39:01,800:INFO:Command executed successfully
2024-07-29 06:39:01,800:INFO:stdout, stderr
2024-07-29 06:39:01,800:INFO:('Success', None)
2024-07-29 06:39:01,800:INFO:Running command: python watermarked_text_generator.py ++prompt_file='./data/WQE/dev.csv' ++prompt_num=29 ++is_completion=False ++generator_args.temperature=1 ++generator_args.diversity_penalty=0 ++generation_stats_file_path='./inputs/dev_umd_long_2/gen_stats/prompt_29.csv' ++watermark_args.use_fine_tuned=False ++watermarked_text_file_path='./inputs/dev_umd_long_2/watermarked_texts.csv' 
2024-07-29 06:39:01,800:INFO:Saving results to ./inputs/dev_umd_long_2/logs/logfile_29.log
2024-07-29 06:44:57,995:INFO:Command executed successfully
2024-07-29 06:44:57,996:INFO:stdout, stderr
2024-07-29 06:44:57,996:INFO:('Success', None)
2024-07-29 06:44:57,996:INFO:Running command: python watermarked_text_generator.py ++prompt_file='./data/WQE/dev.csv' ++prompt_num=30 ++is_completion=False ++generator_args.temperature=1 ++generator_args.diversity_penalty=0 ++generation_stats_file_path='./inputs/dev_umd_long_2/gen_stats/prompt_30.csv' ++watermark_args.use_fine_tuned=False ++watermarked_text_file_path='./inputs/dev_umd_long_2/watermarked_texts.csv' 
2024-07-29 06:44:57,996:INFO:Saving results to ./inputs/dev_umd_long_2/logs/logfile_30.log
2024-07-29 06:50:56,304:INFO:Command executed successfully
2024-07-29 06:50:56,304:INFO:stdout, stderr
2024-07-29 06:50:56,304:INFO:('Success', None)
2024-07-29 06:50:56,304:INFO:Running command: python watermarked_text_generator.py ++prompt_file='./data/WQE/dev.csv' ++prompt_num=31 ++is_completion=False ++generator_args.temperature=1 ++generator_args.diversity_penalty=0 ++generation_stats_file_path='./inputs/dev_umd_long_2/gen_stats/prompt_31.csv' ++watermark_args.use_fine_tuned=False ++watermarked_text_file_path='./inputs/dev_umd_long_2/watermarked_texts.csv' 
2024-07-29 06:50:56,304:INFO:Saving results to ./inputs/dev_umd_long_2/logs/logfile_31.log
2024-07-29 06:56:50,340:INFO:Command executed successfully
2024-07-29 06:56:50,341:INFO:stdout, stderr
2024-07-29 06:56:50,341:INFO:('Success', None)
2024-07-29 06:56:50,341:INFO:Running command: python watermarked_text_generator.py ++prompt_file='./data/WQE/dev.csv' ++prompt_num=32 ++is_completion=False ++generator_args.temperature=1 ++generator_args.diversity_penalty=0 ++generation_stats_file_path='./inputs/dev_umd_long_2/gen_stats/prompt_32.csv' ++watermark_args.use_fine_tuned=False ++watermarked_text_file_path='./inputs/dev_umd_long_2/watermarked_texts.csv' 
2024-07-29 06:56:50,341:INFO:Saving results to ./inputs/dev_umd_long_2/logs/logfile_32.log
2024-07-29 07:02:47,058:INFO:Command executed successfully
2024-07-29 07:02:47,058:INFO:stdout, stderr
2024-07-29 07:02:47,058:INFO:('Success', None)
2024-07-29 07:02:47,058:INFO:Running command: python watermarked_text_generator.py ++prompt_file='./data/WQE/dev.csv' ++prompt_num=33 ++is_completion=False ++generator_args.temperature=1 ++generator_args.diversity_penalty=0 ++generation_stats_file_path='./inputs/dev_umd_long_2/gen_stats/prompt_33.csv' ++watermark_args.use_fine_tuned=False ++watermarked_text_file_path='./inputs/dev_umd_long_2/watermarked_texts.csv' 
2024-07-29 07:02:47,058:INFO:Saving results to ./inputs/dev_umd_long_2/logs/logfile_33.log
2024-07-29 07:08:48,626:INFO:Command executed successfully
2024-07-29 07:08:48,626:INFO:stdout, stderr
2024-07-29 07:08:48,626:INFO:('Success', None)
2024-07-29 07:08:48,626:INFO:Running command: python watermarked_text_generator.py ++prompt_file='./data/WQE/dev.csv' ++prompt_num=34 ++is_completion=False ++generator_args.temperature=1 ++generator_args.diversity_penalty=0 ++generation_stats_file_path='./inputs/dev_umd_long_2/gen_stats/prompt_34.csv' ++watermark_args.use_fine_tuned=False ++watermarked_text_file_path='./inputs/dev_umd_long_2/watermarked_texts.csv' 
2024-07-29 07:08:48,626:INFO:Saving results to ./inputs/dev_umd_long_2/logs/logfile_34.log
2024-07-29 07:14:48,796:INFO:Command executed successfully
2024-07-29 07:14:48,796:INFO:stdout, stderr
2024-07-29 07:14:48,797:INFO:('Success', None)
2024-07-29 07:14:48,797:INFO:Running command: python watermarked_text_generator.py ++prompt_file='./data/WQE/dev.csv' ++prompt_num=35 ++is_completion=False ++generator_args.temperature=1 ++generator_args.diversity_penalty=0 ++generation_stats_file_path='./inputs/dev_umd_long_2/gen_stats/prompt_35.csv' ++watermark_args.use_fine_tuned=False ++watermarked_text_file_path='./inputs/dev_umd_long_2/watermarked_texts.csv' 
2024-07-29 07:14:48,797:INFO:Saving results to ./inputs/dev_umd_long_2/logs/logfile_35.log
2024-07-29 07:20:45,498:INFO:Command executed successfully
2024-07-29 07:20:45,498:INFO:stdout, stderr
2024-07-29 07:20:45,498:INFO:('Success', None)
2024-07-29 07:20:45,498:INFO:Running command: python watermarked_text_generator.py ++prompt_file='./data/WQE/dev.csv' ++prompt_num=36 ++is_completion=False ++generator_args.temperature=1 ++generator_args.diversity_penalty=0 ++generation_stats_file_path='./inputs/dev_umd_long_2/gen_stats/prompt_36.csv' ++watermark_args.use_fine_tuned=False ++watermarked_text_file_path='./inputs/dev_umd_long_2/watermarked_texts.csv' 
2024-07-29 07:20:45,498:INFO:Saving results to ./inputs/dev_umd_long_2/logs/logfile_36.log
2024-07-29 07:26:42,064:INFO:Command executed successfully
2024-07-29 07:26:42,065:INFO:stdout, stderr
2024-07-29 07:26:42,065:INFO:('Success', None)
2024-07-29 07:26:42,065:INFO:Running command: python watermarked_text_generator.py ++prompt_file='./data/WQE/dev.csv' ++prompt_num=37 ++is_completion=False ++generator_args.temperature=1 ++generator_args.diversity_penalty=0 ++generation_stats_file_path='./inputs/dev_umd_long_2/gen_stats/prompt_37.csv' ++watermark_args.use_fine_tuned=False ++watermarked_text_file_path='./inputs/dev_umd_long_2/watermarked_texts.csv' 
2024-07-29 07:26:42,065:INFO:Saving results to ./inputs/dev_umd_long_2/logs/logfile_37.log
2024-07-29 07:32:38,490:INFO:Command executed successfully
2024-07-29 07:32:38,490:INFO:stdout, stderr
2024-07-29 07:32:38,490:INFO:('Success', None)
2024-07-29 07:32:38,490:INFO:Running command: python watermarked_text_generator.py ++prompt_file='./data/WQE/dev.csv' ++prompt_num=38 ++is_completion=False ++generator_args.temperature=1 ++generator_args.diversity_penalty=0 ++generation_stats_file_path='./inputs/dev_umd_long_2/gen_stats/prompt_38.csv' ++watermark_args.use_fine_tuned=False ++watermarked_text_file_path='./inputs/dev_umd_long_2/watermarked_texts.csv' 
2024-07-29 07:32:38,490:INFO:Saving results to ./inputs/dev_umd_long_2/logs/logfile_38.log
2024-07-29 07:38:37,142:INFO:Command executed successfully
2024-07-29 07:38:37,142:INFO:stdout, stderr
2024-07-29 07:38:37,142:INFO:('Success', None)
2024-07-29 07:38:37,142:INFO:Running command: python watermarked_text_generator.py ++prompt_file='./data/WQE/dev.csv' ++prompt_num=39 ++is_completion=False ++generator_args.temperature=1 ++generator_args.diversity_penalty=0 ++generation_stats_file_path='./inputs/dev_umd_long_2/gen_stats/prompt_39.csv' ++watermark_args.use_fine_tuned=False ++watermarked_text_file_path='./inputs/dev_umd_long_2/watermarked_texts.csv' 
2024-07-29 07:38:37,142:INFO:Saving results to ./inputs/dev_umd_long_2/logs/logfile_39.log
2024-07-29 07:44:34,767:INFO:Command executed successfully
2024-07-29 07:44:34,767:INFO:stdout, stderr
2024-07-29 07:44:34,767:INFO:('Success', None)
2024-07-29 07:44:34,767:INFO:Running command: python watermarked_text_generator.py ++prompt_file='./data/WQE/dev.csv' ++prompt_num=40 ++is_completion=False ++generator_args.temperature=1 ++generator_args.diversity_penalty=0 ++generation_stats_file_path='./inputs/dev_umd_long_2/gen_stats/prompt_40.csv' ++watermark_args.use_fine_tuned=False ++watermarked_text_file_path='./inputs/dev_umd_long_2/watermarked_texts.csv' 
2024-07-29 07:44:34,767:INFO:Saving results to ./inputs/dev_umd_long_2/logs/logfile_40.log
2024-07-29 07:50:30,738:INFO:Command executed successfully
2024-07-29 07:50:30,738:INFO:stdout, stderr
2024-07-29 07:50:30,738:INFO:('Success', None)
2024-07-29 07:50:30,738:INFO:Running command: python watermarked_text_generator.py ++prompt_file='./data/WQE/dev.csv' ++prompt_num=41 ++is_completion=False ++generator_args.temperature=1 ++generator_args.diversity_penalty=0 ++generation_stats_file_path='./inputs/dev_umd_long_2/gen_stats/prompt_41.csv' ++watermark_args.use_fine_tuned=False ++watermarked_text_file_path='./inputs/dev_umd_long_2/watermarked_texts.csv' 
2024-07-29 07:50:30,738:INFO:Saving results to ./inputs/dev_umd_long_2/logs/logfile_41.log
2024-07-29 07:56:26,011:INFO:Command executed successfully
Command succeeded: python watermarked_text_generator.py ++prompt_file='./data/WQE/dev.csv' ++prompt_num=21 ++is_completion=False ++generator_args.temperature=1 ++generator_args.diversity_penalty=0 ++generation_stats_file_path='./inputs/dev_umd_long_2/gen_stats/prompt_21.csv' ++watermark_args.use_fine_tuned=False ++watermarked_text_file_path='./inputs/dev_umd_long_2/watermarked_texts.csv' 
Output:
Success
Command succeeded: python watermarked_text_generator.py ++prompt_file='./data/WQE/dev.csv' ++prompt_num=22 ++is_completion=False ++generator_args.temperature=1 ++generator_args.diversity_penalty=0 ++generation_stats_file_path='./inputs/dev_umd_long_2/gen_stats/prompt_22.csv' ++watermark_args.use_fine_tuned=False ++watermarked_text_file_path='./inputs/dev_umd_long_2/watermarked_texts.csv' 
Output:
Success
Command succeeded: python watermarked_text_generator.py ++prompt_file='./data/WQE/dev.csv' ++prompt_num=23 ++is_completion=False ++generator_args.temperature=1 ++generator_args.diversity_penalty=0 ++generation_stats_file_path='./inputs/dev_umd_long_2/gen_stats/prompt_23.csv' ++watermark_args.use_fine_tuned=False ++watermarked_text_file_path='./inputs/dev_umd_long_2/watermarked_texts.csv' 
Output:
Success
Command succeeded: python watermarked_text_generator.py ++prompt_file='./data/WQE/dev.csv' ++prompt_num=24 ++is_completion=False ++generator_args.temperature=1 ++generator_args.diversity_penalty=0 ++generation_stats_file_path='./inputs/dev_umd_long_2/gen_stats/prompt_24.csv' ++watermark_args.use_fine_tuned=False ++watermarked_text_file_path='./inputs/dev_umd_long_2/watermarked_texts.csv' 
Output:
Success
Command succeeded: python watermarked_text_generator.py ++prompt_file='./data/WQE/dev.csv' ++prompt_num=25 ++is_completion=False ++generator_args.temperature=1 ++generator_args.diversity_penalty=0 ++generation_stats_file_path='./inputs/dev_umd_long_2/gen_stats/prompt_25.csv' ++watermark_args.use_fine_tuned=False ++watermarked_text_file_path='./inputs/dev_umd_long_2/watermarked_texts.csv' 
Output:
Success
Command succeeded: python watermarked_text_generator.py ++prompt_file='./data/WQE/dev.csv' ++prompt_num=26 ++is_completion=False ++generator_args.temperature=1 ++generator_args.diversity_penalty=0 ++generation_stats_file_path='./inputs/dev_umd_long_2/gen_stats/prompt_26.csv' ++watermark_args.use_fine_tuned=False ++watermarked_text_file_path='./inputs/dev_umd_long_2/watermarked_texts.csv' 
Output:
Success
Command succeeded: python watermarked_text_generator.py ++prompt_file='./data/WQE/dev.csv' ++prompt_num=27 ++is_completion=False ++generator_args.temperature=1 ++generator_args.diversity_penalty=0 ++generation_stats_file_path='./inputs/dev_umd_long_2/gen_stats/prompt_27.csv' ++watermark_args.use_fine_tuned=False ++watermarked_text_file_path='./inputs/dev_umd_long_2/watermarked_texts.csv' 
Output:
Success
Command succeeded: python watermarked_text_generator.py ++prompt_file='./data/WQE/dev.csv' ++prompt_num=28 ++is_completion=False ++generator_args.temperature=1 ++generator_args.diversity_penalty=0 ++generation_stats_file_path='./inputs/dev_umd_long_2/gen_stats/prompt_28.csv' ++watermark_args.use_fine_tuned=False ++watermarked_text_file_path='./inputs/dev_umd_long_2/watermarked_texts.csv' 
Output:
Success
Command succeeded: python watermarked_text_generator.py ++prompt_file='./data/WQE/dev.csv' ++prompt_num=29 ++is_completion=False ++generator_args.temperature=1 ++generator_args.diversity_penalty=0 ++generation_stats_file_path='./inputs/dev_umd_long_2/gen_stats/prompt_29.csv' ++watermark_args.use_fine_tuned=False ++watermarked_text_file_path='./inputs/dev_umd_long_2/watermarked_texts.csv' 
Output:
Success
Command succeeded: python watermarked_text_generator.py ++prompt_file='./data/WQE/dev.csv' ++prompt_num=30 ++is_completion=False ++generator_args.temperature=1 ++generator_args.diversity_penalty=0 ++generation_stats_file_path='./inputs/dev_umd_long_2/gen_stats/prompt_30.csv' ++watermark_args.use_fine_tuned=False ++watermarked_text_file_path='./inputs/dev_umd_long_2/watermarked_texts.csv' 
Output:
Success
Command succeeded: python watermarked_text_generator.py ++prompt_file='./data/WQE/dev.csv' ++prompt_num=31 ++is_completion=False ++generator_args.temperature=1 ++generator_args.diversity_penalty=0 ++generation_stats_file_path='./inputs/dev_umd_long_2/gen_stats/prompt_31.csv' ++watermark_args.use_fine_tuned=False ++watermarked_text_file_path='./inputs/dev_umd_long_2/watermarked_texts.csv' 
Output:
Success
Command succeeded: python watermarked_text_generator.py ++prompt_file='./data/WQE/dev.csv' ++prompt_num=32 ++is_completion=False ++generator_args.temperature=1 ++generator_args.diversity_penalty=0 ++generation_stats_file_path='./inputs/dev_umd_long_2/gen_stats/prompt_32.csv' ++watermark_args.use_fine_tuned=False ++watermarked_text_file_path='./inputs/dev_umd_long_2/watermarked_texts.csv' 
Output:
Success
Command succeeded: python watermarked_text_generator.py ++prompt_file='./data/WQE/dev.csv' ++prompt_num=33 ++is_completion=False ++generator_args.temperature=1 ++generator_args.diversity_penalty=0 ++generation_stats_file_path='./inputs/dev_umd_long_2/gen_stats/prompt_33.csv' ++watermark_args.use_fine_tuned=False ++watermarked_text_file_path='./inputs/dev_umd_long_2/watermarked_texts.csv' 
Output:
Success
Command succeeded: python watermarked_text_generator.py ++prompt_file='./data/WQE/dev.csv' ++prompt_num=34 ++is_completion=False ++generator_args.temperature=1 ++generator_args.diversity_penalty=0 ++generation_stats_file_path='./inputs/dev_umd_long_2/gen_stats/prompt_34.csv' ++watermark_args.use_fine_tuned=False ++watermarked_text_file_path='./inputs/dev_umd_long_2/watermarked_texts.csv' 
Output:
Success
Command succeeded: python watermarked_text_generator.py ++prompt_file='./data/WQE/dev.csv' ++prompt_num=35 ++is_completion=False ++generator_args.temperature=1 ++generator_args.diversity_penalty=0 ++generation_stats_file_path='./inputs/dev_umd_long_2/gen_stats/prompt_35.csv' ++watermark_args.use_fine_tuned=False ++watermarked_text_file_path='./inputs/dev_umd_long_2/watermarked_texts.csv' 
Output:
Success
Command succeeded: python watermarked_text_generator.py ++prompt_file='./data/WQE/dev.csv' ++prompt_num=36 ++is_completion=False ++generator_args.temperature=1 ++generator_args.diversity_penalty=0 ++generation_stats_file_path='./inputs/dev_umd_long_2/gen_stats/prompt_36.csv' ++watermark_args.use_fine_tuned=False ++watermarked_text_file_path='./inputs/dev_umd_long_2/watermarked_texts.csv' 
Output:
Success
Command succeeded: python watermarked_text_generator.py ++prompt_file='./data/WQE/dev.csv' ++prompt_num=37 ++is_completion=False ++generator_args.temperature=1 ++generator_args.diversity_penalty=0 ++generation_stats_file_path='./inputs/dev_umd_long_2/gen_stats/prompt_37.csv' ++watermark_args.use_fine_tuned=False ++watermarked_text_file_path='./inputs/dev_umd_long_2/watermarked_texts.csv' 
Output:
Success
Command succeeded: python watermarked_text_generator.py ++prompt_file='./data/WQE/dev.csv' ++prompt_num=38 ++is_completion=False ++generator_args.temperature=1 ++generator_args.diversity_penalty=0 ++generation_stats_file_path='./inputs/dev_umd_long_2/gen_stats/prompt_38.csv' ++watermark_args.use_fine_tuned=False ++watermarked_text_file_path='./inputs/dev_umd_long_2/watermarked_texts.csv' 
Output:
Success
Command succeeded: python watermarked_text_generator.py ++prompt_file='./data/WQE/dev.csv' ++prompt_num=39 ++is_completion=False ++generator_args.temperature=1 ++generator_args.diversity_penalty=0 ++generation_stats_file_path='./inputs/dev_umd_long_2/gen_stats/prompt_39.csv' ++watermark_args.use_fine_tuned=False ++watermarked_text_file_path='./inputs/dev_umd_long_2/watermarked_texts.csv' 
Output:
Success
Command succeeded: python watermarked_text_generator.py ++prompt_file='./data/WQE/dev.csv' ++prompt_num=40 ++is_completion=False ++generator_args.temperature=1 ++generator_args.diversity_penalty=0 ++generation_stats_file_path='./inputs/dev_umd_long_2/gen_stats/prompt_40.csv' ++watermark_args.use_fine_tuned=False ++watermarked_text_file_path='./inputs/dev_umd_long_2/watermarked_texts.csv' 
Output:
Success
2024-07-29 07:56:26,011:INFO:stdout, stderr
2024-07-29 07:56:26,012:INFO:('Success', None)
2024-07-29 07:56:26,012:INFO:Running command: python watermarked_text_generator.py ++prompt_file='./data/WQE/dev.csv' ++prompt_num=42 ++is_completion=False ++generator_args.temperature=1 ++generator_args.diversity_penalty=0 ++generation_stats_file_path='./inputs/dev_umd_long_2/gen_stats/prompt_42.csv' ++watermark_args.use_fine_tuned=False ++watermarked_text_file_path='./inputs/dev_umd_long_2/watermarked_texts.csv' 
2024-07-29 07:56:26,012:INFO:Saving results to ./inputs/dev_umd_long_2/logs/logfile_42.log
2024-07-29 08:02:22,109:INFO:Command executed successfully
2024-07-29 08:02:22,109:INFO:stdout, stderr
2024-07-29 08:02:22,109:INFO:('Success', None)
2024-07-29 08:02:22,109:INFO:Running command: python watermarked_text_generator.py ++prompt_file='./data/WQE/dev.csv' ++prompt_num=43 ++is_completion=False ++generator_args.temperature=1 ++generator_args.diversity_penalty=0 ++generation_stats_file_path='./inputs/dev_umd_long_2/gen_stats/prompt_43.csv' ++watermark_args.use_fine_tuned=False ++watermarked_text_file_path='./inputs/dev_umd_long_2/watermarked_texts.csv' 
2024-07-29 08:02:22,109:INFO:Saving results to ./inputs/dev_umd_long_2/logs/logfile_43.log
2024-07-29 08:08:17,330:INFO:Command executed successfully
2024-07-29 08:08:17,330:INFO:stdout, stderr
2024-07-29 08:08:17,330:INFO:('Success', None)
2024-07-29 08:08:17,331:INFO:Running command: python watermarked_text_generator.py ++prompt_file='./data/WQE/dev.csv' ++prompt_num=44 ++is_completion=False ++generator_args.temperature=1 ++generator_args.diversity_penalty=0 ++generation_stats_file_path='./inputs/dev_umd_long_2/gen_stats/prompt_44.csv' ++watermark_args.use_fine_tuned=False ++watermarked_text_file_path='./inputs/dev_umd_long_2/watermarked_texts.csv' 
2024-07-29 08:08:17,331:INFO:Saving results to ./inputs/dev_umd_long_2/logs/logfile_44.log
2024-07-29 08:14:17,115:INFO:Command executed successfully
2024-07-29 08:14:17,116:INFO:stdout, stderr
2024-07-29 08:14:17,116:INFO:('Success', None)
2024-07-29 08:14:17,116:INFO:Running command: python watermarked_text_generator.py ++prompt_file='./data/WQE/dev.csv' ++prompt_num=45 ++is_completion=False ++generator_args.temperature=1 ++generator_args.diversity_penalty=0 ++generation_stats_file_path='./inputs/dev_umd_long_2/gen_stats/prompt_45.csv' ++watermark_args.use_fine_tuned=False ++watermarked_text_file_path='./inputs/dev_umd_long_2/watermarked_texts.csv' 
2024-07-29 08:14:17,116:INFO:Saving results to ./inputs/dev_umd_long_2/logs/logfile_45.log
2024-07-29 08:20:13,837:INFO:Command executed successfully
2024-07-29 08:20:13,838:INFO:stdout, stderr
2024-07-29 08:20:13,838:INFO:('Success', None)
2024-07-29 08:20:13,838:INFO:Running command: python watermarked_text_generator.py ++prompt_file='./data/WQE/dev.csv' ++prompt_num=46 ++is_completion=False ++generator_args.temperature=1 ++generator_args.diversity_penalty=0 ++generation_stats_file_path='./inputs/dev_umd_long_2/gen_stats/prompt_46.csv' ++watermark_args.use_fine_tuned=False ++watermarked_text_file_path='./inputs/dev_umd_long_2/watermarked_texts.csv' 
2024-07-29 08:20:13,838:INFO:Saving results to ./inputs/dev_umd_long_2/logs/logfile_46.log
2024-07-29 08:26:13,700:INFO:Command executed successfully
2024-07-29 08:26:13,701:INFO:stdout, stderr
2024-07-29 08:26:13,701:INFO:('Success', None)
2024-07-29 08:26:13,701:INFO:Running command: python watermarked_text_generator.py ++prompt_file='./data/WQE/dev.csv' ++prompt_num=47 ++is_completion=False ++generator_args.temperature=1 ++generator_args.diversity_penalty=0 ++generation_stats_file_path='./inputs/dev_umd_long_2/gen_stats/prompt_47.csv' ++watermark_args.use_fine_tuned=False ++watermarked_text_file_path='./inputs/dev_umd_long_2/watermarked_texts.csv' 
2024-07-29 08:26:13,701:INFO:Saving results to ./inputs/dev_umd_long_2/logs/logfile_47.log
2024-07-29 08:32:10,960:INFO:Command executed successfully
2024-07-29 08:32:10,961:INFO:stdout, stderr
2024-07-29 08:32:10,961:INFO:('Success', None)
2024-07-29 08:32:10,961:INFO:Running command: python watermarked_text_generator.py ++prompt_file='./data/WQE/dev.csv' ++prompt_num=48 ++is_completion=False ++generator_args.temperature=1 ++generator_args.diversity_penalty=0 ++generation_stats_file_path='./inputs/dev_umd_long_2/gen_stats/prompt_48.csv' ++watermark_args.use_fine_tuned=False ++watermarked_text_file_path='./inputs/dev_umd_long_2/watermarked_texts.csv' 
2024-07-29 08:32:10,961:INFO:Saving results to ./inputs/dev_umd_long_2/logs/logfile_48.log
2024-07-29 08:38:07,858:INFO:Command executed successfully
2024-07-29 08:38:07,858:INFO:stdout, stderr
2024-07-29 08:38:07,858:INFO:('Success', None)
2024-07-29 08:38:07,858:INFO:Running command: python watermarked_text_generator.py ++prompt_file='./data/WQE/dev.csv' ++prompt_num=49 ++is_completion=False ++generator_args.temperature=1 ++generator_args.diversity_penalty=0 ++generation_stats_file_path='./inputs/dev_umd_long_2/gen_stats/prompt_49.csv' ++watermark_args.use_fine_tuned=False ++watermarked_text_file_path='./inputs/dev_umd_long_2/watermarked_texts.csv' 
2024-07-29 08:38:07,858:INFO:Saving results to ./inputs/dev_umd_long_2/logs/logfile_49.log
2024-07-29 08:44:03,648:INFO:Command executed successfully
2024-07-29 08:44:03,648:INFO:stdout, stderr
2024-07-29 08:44:03,648:INFO:('Success', None)
2024-07-29 08:44:03,648:INFO:Running command: python watermarked_text_generator.py ++prompt_file='./data/WQE/dev.csv' ++prompt_num=50 ++is_completion=False ++generator_args.temperature=1 ++generator_args.diversity_penalty=0 ++generation_stats_file_path='./inputs/dev_umd_long_2/gen_stats/prompt_50.csv' ++watermark_args.use_fine_tuned=False ++watermarked_text_file_path='./inputs/dev_umd_long_2/watermarked_texts.csv' 
2024-07-29 08:44:03,648:INFO:Saving results to ./inputs/dev_umd_long_2/logs/logfile_50.log
2024-07-29 08:50:02,338:INFO:Command executed successfully
2024-07-29 08:50:02,338:INFO:stdout, stderr
2024-07-29 08:50:02,338:INFO:('Success', None)
2024-07-29 08:50:02,338:INFO:Running command: python watermarked_text_generator.py ++prompt_file='./data/WQE/dev.csv' ++prompt_num=51 ++is_completion=False ++generator_args.temperature=1 ++generator_args.diversity_penalty=0 ++generation_stats_file_path='./inputs/dev_umd_long_2/gen_stats/prompt_51.csv' ++watermark_args.use_fine_tuned=False ++watermarked_text_file_path='./inputs/dev_umd_long_2/watermarked_texts.csv' 
2024-07-29 08:50:02,338:INFO:Saving results to ./inputs/dev_umd_long_2/logs/logfile_51.log
2024-07-29 08:56:00,275:INFO:Command executed successfully
2024-07-29 08:56:00,276:INFO:stdout, stderr
2024-07-29 08:56:00,276:INFO:('Success', None)
2024-07-29 08:56:00,276:INFO:Running command: python watermarked_text_generator.py ++prompt_file='./data/WQE/dev.csv' ++prompt_num=52 ++is_completion=False ++generator_args.temperature=1 ++generator_args.diversity_penalty=0 ++generation_stats_file_path='./inputs/dev_umd_long_2/gen_stats/prompt_52.csv' ++watermark_args.use_fine_tuned=False ++watermarked_text_file_path='./inputs/dev_umd_long_2/watermarked_texts.csv' 
2024-07-29 08:56:00,276:INFO:Saving results to ./inputs/dev_umd_long_2/logs/logfile_52.log
2024-07-29 09:01:56,064:INFO:Command executed successfully
2024-07-29 09:01:56,064:INFO:stdout, stderr
2024-07-29 09:01:56,064:INFO:('Success', None)
2024-07-29 09:01:56,064:INFO:Running command: python watermarked_text_generator.py ++prompt_file='./data/WQE/dev.csv' ++prompt_num=53 ++is_completion=False ++generator_args.temperature=1 ++generator_args.diversity_penalty=0 ++generation_stats_file_path='./inputs/dev_umd_long_2/gen_stats/prompt_53.csv' ++watermark_args.use_fine_tuned=False ++watermarked_text_file_path='./inputs/dev_umd_long_2/watermarked_texts.csv' 
2024-07-29 09:01:56,064:INFO:Saving results to ./inputs/dev_umd_long_2/logs/logfile_53.log
2024-07-29 09:07:54,499:INFO:Command executed successfully
2024-07-29 09:07:54,499:INFO:stdout, stderr
2024-07-29 09:07:54,499:INFO:('Success', None)
2024-07-29 09:07:54,499:INFO:Running command: python watermarked_text_generator.py ++prompt_file='./data/WQE/dev.csv' ++prompt_num=54 ++is_completion=False ++generator_args.temperature=1 ++generator_args.diversity_penalty=0 ++generation_stats_file_path='./inputs/dev_umd_long_2/gen_stats/prompt_54.csv' ++watermark_args.use_fine_tuned=False ++watermarked_text_file_path='./inputs/dev_umd_long_2/watermarked_texts.csv' 
2024-07-29 09:07:54,499:INFO:Saving results to ./inputs/dev_umd_long_2/logs/logfile_54.log
2024-07-29 09:13:51,477:INFO:Command executed successfully
2024-07-29 09:13:51,477:INFO:stdout, stderr
2024-07-29 09:13:51,478:INFO:('Success', None)
2024-07-29 09:13:51,478:INFO:Running command: python watermarked_text_generator.py ++prompt_file='./data/WQE/dev.csv' ++prompt_num=55 ++is_completion=False ++generator_args.temperature=1 ++generator_args.diversity_penalty=0 ++generation_stats_file_path='./inputs/dev_umd_long_2/gen_stats/prompt_55.csv' ++watermark_args.use_fine_tuned=False ++watermarked_text_file_path='./inputs/dev_umd_long_2/watermarked_texts.csv' 
2024-07-29 09:13:51,478:INFO:Saving results to ./inputs/dev_umd_long_2/logs/logfile_55.log
2024-07-29 09:19:51,312:INFO:Command executed successfully
2024-07-29 09:19:51,312:INFO:stdout, stderr
2024-07-29 09:19:51,312:INFO:('Success', None)
2024-07-29 09:19:51,312:INFO:Running command: python watermarked_text_generator.py ++prompt_file='./data/WQE/dev.csv' ++prompt_num=56 ++is_completion=False ++generator_args.temperature=1 ++generator_args.diversity_penalty=0 ++generation_stats_file_path='./inputs/dev_umd_long_2/gen_stats/prompt_56.csv' ++watermark_args.use_fine_tuned=False ++watermarked_text_file_path='./inputs/dev_umd_long_2/watermarked_texts.csv' 
2024-07-29 09:19:51,312:INFO:Saving results to ./inputs/dev_umd_long_2/logs/logfile_56.log
2024-07-29 09:25:43,634:INFO:Command executed successfully
2024-07-29 09:25:43,634:INFO:stdout, stderr
2024-07-29 09:25:43,634:INFO:('Success', None)
2024-07-29 09:25:43,634:INFO:Running command: python watermarked_text_generator.py ++prompt_file='./data/WQE/dev.csv' ++prompt_num=57 ++is_completion=False ++generator_args.temperature=1 ++generator_args.diversity_penalty=0 ++generation_stats_file_path='./inputs/dev_umd_long_2/gen_stats/prompt_57.csv' ++watermark_args.use_fine_tuned=False ++watermarked_text_file_path='./inputs/dev_umd_long_2/watermarked_texts.csv' 
2024-07-29 09:25:43,634:INFO:Saving results to ./inputs/dev_umd_long_2/logs/logfile_57.log
2024-07-29 09:33:00,848:INFO:Command executed successfully
2024-07-29 09:33:00,848:INFO:stdout, stderr
2024-07-29 09:33:00,848:INFO:('Success', None)
2024-07-29 09:33:00,848:INFO:Running command: python watermarked_text_generator.py ++prompt_file='./data/WQE/dev.csv' ++prompt_num=58 ++is_completion=False ++generator_args.temperature=1 ++generator_args.diversity_penalty=0 ++generation_stats_file_path='./inputs/dev_umd_long_2/gen_stats/prompt_58.csv' ++watermark_args.use_fine_tuned=False ++watermarked_text_file_path='./inputs/dev_umd_long_2/watermarked_texts.csv' 
2024-07-29 09:33:00,848:INFO:Saving results to ./inputs/dev_umd_long_2/logs/logfile_58.log
2024-07-29 09:38:58,801:INFO:Command executed successfully
2024-07-29 09:38:58,801:INFO:stdout, stderr
2024-07-29 09:38:58,801:INFO:('Success', None)
2024-07-29 09:38:58,801:INFO:Running command: python watermarked_text_generator.py ++prompt_file='./data/WQE/dev.csv' ++prompt_num=59 ++is_completion=False ++generator_args.temperature=1 ++generator_args.diversity_penalty=0 ++generation_stats_file_path='./inputs/dev_umd_long_2/gen_stats/prompt_59.csv' ++watermark_args.use_fine_tuned=False ++watermarked_text_file_path='./inputs/dev_umd_long_2/watermarked_texts.csv' 
2024-07-29 09:38:58,801:INFO:Saving results to ./inputs/dev_umd_long_2/logs/logfile_59.log
2024-07-29 09:44:57,554:INFO:Command executed successfully
2024-07-29 09:44:57,554:INFO:stdout, stderr
2024-07-29 09:44:57,554:INFO:('Success', None)
2024-07-29 09:44:57,554:INFO:Running command: python watermarked_text_generator.py ++prompt_file='./data/WQE/dev.csv' ++prompt_num=60 ++is_completion=False ++generator_args.temperature=1 ++generator_args.diversity_penalty=0 ++generation_stats_file_path='./inputs/dev_umd_long_2/gen_stats/prompt_60.csv' ++watermark_args.use_fine_tuned=False ++watermarked_text_file_path='./inputs/dev_umd_long_2/watermarked_texts.csv' 
2024-07-29 09:44:57,554:INFO:Saving results to ./inputs/dev_umd_long_2/logs/logfile_60.log
2024-07-29 09:50:50,761:INFO:Command executed successfully
2024-07-29 09:50:50,761:INFO:stdout, stderr
2024-07-29 09:50:50,761:INFO:('Success', None)
2024-07-29 09:50:50,762:INFO:Running command: python watermarked_text_generator.py ++prompt_file='./data/WQE/dev.csv' ++prompt_num=61 ++is_completion=False ++generator_args.temperature=1 ++generator_args.diversity_penalty=0 ++generation_stats_file_path='./inputs/dev_umd_long_2/gen_stats/prompt_61.csv' ++watermark_args.use_fine_tuned=False ++watermarked_text_file_path='./inputs/dev_umd_long_2/watermarked_texts.csv' 
2024-07-29 09:50:50,762:INFO:Saving results to ./inputs/dev_umd_long_2/logs/logfile_61.log
2024-07-29 09:56:47,586:INFO:Command executed successfully
Command succeeded: python watermarked_text_generator.py ++prompt_file='./data/WQE/dev.csv' ++prompt_num=41 ++is_completion=False ++generator_args.temperature=1 ++generator_args.diversity_penalty=0 ++generation_stats_file_path='./inputs/dev_umd_long_2/gen_stats/prompt_41.csv' ++watermark_args.use_fine_tuned=False ++watermarked_text_file_path='./inputs/dev_umd_long_2/watermarked_texts.csv' 
Output:
Success
Command succeeded: python watermarked_text_generator.py ++prompt_file='./data/WQE/dev.csv' ++prompt_num=42 ++is_completion=False ++generator_args.temperature=1 ++generator_args.diversity_penalty=0 ++generation_stats_file_path='./inputs/dev_umd_long_2/gen_stats/prompt_42.csv' ++watermark_args.use_fine_tuned=False ++watermarked_text_file_path='./inputs/dev_umd_long_2/watermarked_texts.csv' 
Output:
Success
Command succeeded: python watermarked_text_generator.py ++prompt_file='./data/WQE/dev.csv' ++prompt_num=43 ++is_completion=False ++generator_args.temperature=1 ++generator_args.diversity_penalty=0 ++generation_stats_file_path='./inputs/dev_umd_long_2/gen_stats/prompt_43.csv' ++watermark_args.use_fine_tuned=False ++watermarked_text_file_path='./inputs/dev_umd_long_2/watermarked_texts.csv' 
Output:
Success
Command succeeded: python watermarked_text_generator.py ++prompt_file='./data/WQE/dev.csv' ++prompt_num=44 ++is_completion=False ++generator_args.temperature=1 ++generator_args.diversity_penalty=0 ++generation_stats_file_path='./inputs/dev_umd_long_2/gen_stats/prompt_44.csv' ++watermark_args.use_fine_tuned=False ++watermarked_text_file_path='./inputs/dev_umd_long_2/watermarked_texts.csv' 
Output:
Success
Command succeeded: python watermarked_text_generator.py ++prompt_file='./data/WQE/dev.csv' ++prompt_num=45 ++is_completion=False ++generator_args.temperature=1 ++generator_args.diversity_penalty=0 ++generation_stats_file_path='./inputs/dev_umd_long_2/gen_stats/prompt_45.csv' ++watermark_args.use_fine_tuned=False ++watermarked_text_file_path='./inputs/dev_umd_long_2/watermarked_texts.csv' 
Output:
Success
Command succeeded: python watermarked_text_generator.py ++prompt_file='./data/WQE/dev.csv' ++prompt_num=46 ++is_completion=False ++generator_args.temperature=1 ++generator_args.diversity_penalty=0 ++generation_stats_file_path='./inputs/dev_umd_long_2/gen_stats/prompt_46.csv' ++watermark_args.use_fine_tuned=False ++watermarked_text_file_path='./inputs/dev_umd_long_2/watermarked_texts.csv' 
Output:
Success
Command succeeded: python watermarked_text_generator.py ++prompt_file='./data/WQE/dev.csv' ++prompt_num=47 ++is_completion=False ++generator_args.temperature=1 ++generator_args.diversity_penalty=0 ++generation_stats_file_path='./inputs/dev_umd_long_2/gen_stats/prompt_47.csv' ++watermark_args.use_fine_tuned=False ++watermarked_text_file_path='./inputs/dev_umd_long_2/watermarked_texts.csv' 
Output:
Success
Command succeeded: python watermarked_text_generator.py ++prompt_file='./data/WQE/dev.csv' ++prompt_num=48 ++is_completion=False ++generator_args.temperature=1 ++generator_args.diversity_penalty=0 ++generation_stats_file_path='./inputs/dev_umd_long_2/gen_stats/prompt_48.csv' ++watermark_args.use_fine_tuned=False ++watermarked_text_file_path='./inputs/dev_umd_long_2/watermarked_texts.csv' 
Output:
Success
Command succeeded: python watermarked_text_generator.py ++prompt_file='./data/WQE/dev.csv' ++prompt_num=49 ++is_completion=False ++generator_args.temperature=1 ++generator_args.diversity_penalty=0 ++generation_stats_file_path='./inputs/dev_umd_long_2/gen_stats/prompt_49.csv' ++watermark_args.use_fine_tuned=False ++watermarked_text_file_path='./inputs/dev_umd_long_2/watermarked_texts.csv' 
Output:
Success
Command succeeded: python watermarked_text_generator.py ++prompt_file='./data/WQE/dev.csv' ++prompt_num=50 ++is_completion=False ++generator_args.temperature=1 ++generator_args.diversity_penalty=0 ++generation_stats_file_path='./inputs/dev_umd_long_2/gen_stats/prompt_50.csv' ++watermark_args.use_fine_tuned=False ++watermarked_text_file_path='./inputs/dev_umd_long_2/watermarked_texts.csv' 
Output:
Success
Command succeeded: python watermarked_text_generator.py ++prompt_file='./data/WQE/dev.csv' ++prompt_num=51 ++is_completion=False ++generator_args.temperature=1 ++generator_args.diversity_penalty=0 ++generation_stats_file_path='./inputs/dev_umd_long_2/gen_stats/prompt_51.csv' ++watermark_args.use_fine_tuned=False ++watermarked_text_file_path='./inputs/dev_umd_long_2/watermarked_texts.csv' 
Output:
Success
Command succeeded: python watermarked_text_generator.py ++prompt_file='./data/WQE/dev.csv' ++prompt_num=52 ++is_completion=False ++generator_args.temperature=1 ++generator_args.diversity_penalty=0 ++generation_stats_file_path='./inputs/dev_umd_long_2/gen_stats/prompt_52.csv' ++watermark_args.use_fine_tuned=False ++watermarked_text_file_path='./inputs/dev_umd_long_2/watermarked_texts.csv' 
Output:
Success
Command succeeded: python watermarked_text_generator.py ++prompt_file='./data/WQE/dev.csv' ++prompt_num=53 ++is_completion=False ++generator_args.temperature=1 ++generator_args.diversity_penalty=0 ++generation_stats_file_path='./inputs/dev_umd_long_2/gen_stats/prompt_53.csv' ++watermark_args.use_fine_tuned=False ++watermarked_text_file_path='./inputs/dev_umd_long_2/watermarked_texts.csv' 
Output:
Success
Command succeeded: python watermarked_text_generator.py ++prompt_file='./data/WQE/dev.csv' ++prompt_num=54 ++is_completion=False ++generator_args.temperature=1 ++generator_args.diversity_penalty=0 ++generation_stats_file_path='./inputs/dev_umd_long_2/gen_stats/prompt_54.csv' ++watermark_args.use_fine_tuned=False ++watermarked_text_file_path='./inputs/dev_umd_long_2/watermarked_texts.csv' 
Output:
Success
Command succeeded: python watermarked_text_generator.py ++prompt_file='./data/WQE/dev.csv' ++prompt_num=55 ++is_completion=False ++generator_args.temperature=1 ++generator_args.diversity_penalty=0 ++generation_stats_file_path='./inputs/dev_umd_long_2/gen_stats/prompt_55.csv' ++watermark_args.use_fine_tuned=False ++watermarked_text_file_path='./inputs/dev_umd_long_2/watermarked_texts.csv' 
Output:
Success
Command succeeded: python watermarked_text_generator.py ++prompt_file='./data/WQE/dev.csv' ++prompt_num=56 ++is_completion=False ++generator_args.temperature=1 ++generator_args.diversity_penalty=0 ++generation_stats_file_path='./inputs/dev_umd_long_2/gen_stats/prompt_56.csv' ++watermark_args.use_fine_tuned=False ++watermarked_text_file_path='./inputs/dev_umd_long_2/watermarked_texts.csv' 
Output:
Success
Command succeeded: python watermarked_text_generator.py ++prompt_file='./data/WQE/dev.csv' ++prompt_num=57 ++is_completion=False ++generator_args.temperature=1 ++generator_args.diversity_penalty=0 ++generation_stats_file_path='./inputs/dev_umd_long_2/gen_stats/prompt_57.csv' ++watermark_args.use_fine_tuned=False ++watermarked_text_file_path='./inputs/dev_umd_long_2/watermarked_texts.csv' 
Output:
Success
Command succeeded: python watermarked_text_generator.py ++prompt_file='./data/WQE/dev.csv' ++prompt_num=58 ++is_completion=False ++generator_args.temperature=1 ++generator_args.diversity_penalty=0 ++generation_stats_file_path='./inputs/dev_umd_long_2/gen_stats/prompt_58.csv' ++watermark_args.use_fine_tuned=False ++watermarked_text_file_path='./inputs/dev_umd_long_2/watermarked_texts.csv' 
Output:
Success
Command succeeded: python watermarked_text_generator.py ++prompt_file='./data/WQE/dev.csv' ++prompt_num=59 ++is_completion=False ++generator_args.temperature=1 ++generator_args.diversity_penalty=0 ++generation_stats_file_path='./inputs/dev_umd_long_2/gen_stats/prompt_59.csv' ++watermark_args.use_fine_tuned=False ++watermarked_text_file_path='./inputs/dev_umd_long_2/watermarked_texts.csv' 
Output:
Success
Command succeeded: python watermarked_text_generator.py ++prompt_file='./data/WQE/dev.csv' ++prompt_num=60 ++is_completion=False ++generator_args.temperature=1 ++generator_args.diversity_penalty=0 ++generation_stats_file_path='./inputs/dev_umd_long_2/gen_stats/prompt_60.csv' ++watermark_args.use_fine_tuned=False ++watermarked_text_file_path='./inputs/dev_umd_long_2/watermarked_texts.csv' 
Output:
Success
2024-07-29 09:56:47,586:INFO:stdout, stderr
2024-07-29 09:56:47,586:INFO:('Success', None)
2024-07-29 09:56:47,586:INFO:Running command: python watermarked_text_generator.py ++prompt_file='./data/WQE/dev.csv' ++prompt_num=62 ++is_completion=False ++generator_args.temperature=1 ++generator_args.diversity_penalty=0 ++generation_stats_file_path='./inputs/dev_umd_long_2/gen_stats/prompt_62.csv' ++watermark_args.use_fine_tuned=False ++watermarked_text_file_path='./inputs/dev_umd_long_2/watermarked_texts.csv' 
2024-07-29 09:56:47,587:INFO:Saving results to ./inputs/dev_umd_long_2/logs/logfile_62.log
2024-07-29 10:02:42,031:INFO:Command executed successfully
2024-07-29 10:02:42,031:INFO:stdout, stderr
2024-07-29 10:02:42,031:INFO:('Success', None)
2024-07-29 10:02:42,031:INFO:Running command: python watermarked_text_generator.py ++prompt_file='./data/WQE/dev.csv' ++prompt_num=63 ++is_completion=False ++generator_args.temperature=1 ++generator_args.diversity_penalty=0 ++generation_stats_file_path='./inputs/dev_umd_long_2/gen_stats/prompt_63.csv' ++watermark_args.use_fine_tuned=False ++watermarked_text_file_path='./inputs/dev_umd_long_2/watermarked_texts.csv' 
2024-07-29 10:02:42,031:INFO:Saving results to ./inputs/dev_umd_long_2/logs/logfile_63.log
2024-07-29 10:08:41,160:INFO:Command executed successfully
2024-07-29 10:08:41,161:INFO:stdout, stderr
2024-07-29 10:08:41,161:INFO:('Success', None)
2024-07-29 10:08:41,161:INFO:Running command: python watermarked_text_generator.py ++prompt_file='./data/WQE/dev.csv' ++prompt_num=64 ++is_completion=False ++generator_args.temperature=1 ++generator_args.diversity_penalty=0 ++generation_stats_file_path='./inputs/dev_umd_long_2/gen_stats/prompt_64.csv' ++watermark_args.use_fine_tuned=False ++watermarked_text_file_path='./inputs/dev_umd_long_2/watermarked_texts.csv' 
2024-07-29 10:08:41,161:INFO:Saving results to ./inputs/dev_umd_long_2/logs/logfile_64.log
2024-07-29 10:14:36,657:INFO:Command executed successfully
2024-07-29 10:14:36,657:INFO:stdout, stderr
2024-07-29 10:14:36,657:INFO:('Success', None)
2024-07-29 10:14:36,657:INFO:Running command: python watermarked_text_generator.py ++prompt_file='./data/WQE/dev.csv' ++prompt_num=65 ++is_completion=False ++generator_args.temperature=1 ++generator_args.diversity_penalty=0 ++generation_stats_file_path='./inputs/dev_umd_long_2/gen_stats/prompt_65.csv' ++watermark_args.use_fine_tuned=False ++watermarked_text_file_path='./inputs/dev_umd_long_2/watermarked_texts.csv' 
2024-07-29 10:14:36,657:INFO:Saving results to ./inputs/dev_umd_long_2/logs/logfile_65.log
2024-07-29 10:20:34,109:INFO:Command executed successfully
2024-07-29 10:20:34,109:INFO:stdout, stderr
2024-07-29 10:20:34,109:INFO:('Success', None)
2024-07-29 10:20:34,109:INFO:Running command: python watermarked_text_generator.py ++prompt_file='./data/WQE/dev.csv' ++prompt_num=66 ++is_completion=False ++generator_args.temperature=1 ++generator_args.diversity_penalty=0 ++generation_stats_file_path='./inputs/dev_umd_long_2/gen_stats/prompt_66.csv' ++watermark_args.use_fine_tuned=False ++watermarked_text_file_path='./inputs/dev_umd_long_2/watermarked_texts.csv' 
2024-07-29 10:20:34,110:INFO:Saving results to ./inputs/dev_umd_long_2/logs/logfile_66.log
2024-07-29 10:26:28,084:INFO:Command executed successfully
2024-07-29 10:26:28,084:INFO:stdout, stderr
2024-07-29 10:26:28,084:INFO:('Success', None)
2024-07-29 10:26:28,084:INFO:Running command: python watermarked_text_generator.py ++prompt_file='./data/WQE/dev.csv' ++prompt_num=67 ++is_completion=False ++generator_args.temperature=1 ++generator_args.diversity_penalty=0 ++generation_stats_file_path='./inputs/dev_umd_long_2/gen_stats/prompt_67.csv' ++watermark_args.use_fine_tuned=False ++watermarked_text_file_path='./inputs/dev_umd_long_2/watermarked_texts.csv' 
2024-07-29 10:26:28,084:INFO:Saving results to ./inputs/dev_umd_long_2/logs/logfile_67.log
2024-07-29 10:32:20,201:INFO:Command executed successfully
2024-07-29 10:32:20,201:INFO:stdout, stderr
2024-07-29 10:32:20,201:INFO:('Success', None)
2024-07-29 10:32:20,201:INFO:Running command: python watermarked_text_generator.py ++prompt_file='./data/WQE/dev.csv' ++prompt_num=68 ++is_completion=False ++generator_args.temperature=1 ++generator_args.diversity_penalty=0 ++generation_stats_file_path='./inputs/dev_umd_long_2/gen_stats/prompt_68.csv' ++watermark_args.use_fine_tuned=False ++watermarked_text_file_path='./inputs/dev_umd_long_2/watermarked_texts.csv' 
2024-07-29 10:32:20,201:INFO:Saving results to ./inputs/dev_umd_long_2/logs/logfile_68.log
2024-07-29 10:38:16,559:INFO:Command executed successfully
2024-07-29 10:38:16,560:INFO:stdout, stderr
2024-07-29 10:38:16,560:INFO:('Success', None)
2024-07-29 10:38:16,560:INFO:Running command: python watermarked_text_generator.py ++prompt_file='./data/WQE/dev.csv' ++prompt_num=69 ++is_completion=False ++generator_args.temperature=1 ++generator_args.diversity_penalty=0 ++generation_stats_file_path='./inputs/dev_umd_long_2/gen_stats/prompt_69.csv' ++watermark_args.use_fine_tuned=False ++watermarked_text_file_path='./inputs/dev_umd_long_2/watermarked_texts.csv' 
2024-07-29 10:38:16,560:INFO:Saving results to ./inputs/dev_umd_long_2/logs/logfile_69.log
2024-07-29 10:44:15,254:INFO:Command executed successfully
2024-07-29 10:44:15,255:INFO:stdout, stderr
2024-07-29 10:44:15,255:INFO:('Success', None)
2024-07-29 10:44:15,255:INFO:Running command: python watermarked_text_generator.py ++prompt_file='./data/WQE/dev.csv' ++prompt_num=70 ++is_completion=False ++generator_args.temperature=1 ++generator_args.diversity_penalty=0 ++generation_stats_file_path='./inputs/dev_umd_long_2/gen_stats/prompt_70.csv' ++watermark_args.use_fine_tuned=False ++watermarked_text_file_path='./inputs/dev_umd_long_2/watermarked_texts.csv' 
2024-07-29 10:44:15,255:INFO:Saving results to ./inputs/dev_umd_long_2/logs/logfile_70.log
2024-07-29 10:50:13,314:INFO:Command executed successfully
2024-07-29 10:50:13,314:INFO:stdout, stderr
2024-07-29 10:50:13,314:INFO:('Success', None)
2024-07-29 10:50:13,314:INFO:Running command: python watermarked_text_generator.py ++prompt_file='./data/WQE/dev.csv' ++prompt_num=71 ++is_completion=False ++generator_args.temperature=1 ++generator_args.diversity_penalty=0 ++generation_stats_file_path='./inputs/dev_umd_long_2/gen_stats/prompt_71.csv' ++watermark_args.use_fine_tuned=False ++watermarked_text_file_path='./inputs/dev_umd_long_2/watermarked_texts.csv' 
2024-07-29 10:50:13,314:INFO:Saving results to ./inputs/dev_umd_long_2/logs/logfile_71.log
2024-07-29 10:56:08,773:INFO:Command executed successfully
2024-07-29 10:56:08,773:INFO:stdout, stderr
2024-07-29 10:56:08,774:INFO:('Success', None)
2024-07-29 10:56:08,774:INFO:Running command: python watermarked_text_generator.py ++prompt_file='./data/WQE/dev.csv' ++prompt_num=72 ++is_completion=False ++generator_args.temperature=1 ++generator_args.diversity_penalty=0 ++generation_stats_file_path='./inputs/dev_umd_long_2/gen_stats/prompt_72.csv' ++watermark_args.use_fine_tuned=False ++watermarked_text_file_path='./inputs/dev_umd_long_2/watermarked_texts.csv' 
2024-07-29 10:56:08,774:INFO:Saving results to ./inputs/dev_umd_long_2/logs/logfile_72.log
2024-07-29 11:02:05,041:INFO:Command executed successfully
2024-07-29 11:02:05,041:INFO:stdout, stderr
2024-07-29 11:02:05,041:INFO:('Success', None)
2024-07-29 11:02:05,041:INFO:Running command: python watermarked_text_generator.py ++prompt_file='./data/WQE/dev.csv' ++prompt_num=73 ++is_completion=False ++generator_args.temperature=1 ++generator_args.diversity_penalty=0 ++generation_stats_file_path='./inputs/dev_umd_long_2/gen_stats/prompt_73.csv' ++watermark_args.use_fine_tuned=False ++watermarked_text_file_path='./inputs/dev_umd_long_2/watermarked_texts.csv' 
2024-07-29 11:02:05,041:INFO:Saving results to ./inputs/dev_umd_long_2/logs/logfile_73.log
2024-07-29 11:08:02,843:INFO:Command executed successfully
2024-07-29 11:08:02,844:INFO:stdout, stderr
2024-07-29 11:08:02,844:INFO:('Success', None)
2024-07-29 11:08:02,844:INFO:Running command: python watermarked_text_generator.py ++prompt_file='./data/WQE/dev.csv' ++prompt_num=74 ++is_completion=False ++generator_args.temperature=1 ++generator_args.diversity_penalty=0 ++generation_stats_file_path='./inputs/dev_umd_long_2/gen_stats/prompt_74.csv' ++watermark_args.use_fine_tuned=False ++watermarked_text_file_path='./inputs/dev_umd_long_2/watermarked_texts.csv' 
2024-07-29 11:08:02,844:INFO:Saving results to ./inputs/dev_umd_long_2/logs/logfile_74.log
2024-07-29 11:14:01,379:INFO:Command executed successfully
2024-07-29 11:14:01,379:INFO:stdout, stderr
2024-07-29 11:14:01,379:INFO:('Success', None)
2024-07-29 11:14:01,379:INFO:Running command: python watermarked_text_generator.py ++prompt_file='./data/WQE/dev.csv' ++prompt_num=75 ++is_completion=False ++generator_args.temperature=1 ++generator_args.diversity_penalty=0 ++generation_stats_file_path='./inputs/dev_umd_long_2/gen_stats/prompt_75.csv' ++watermark_args.use_fine_tuned=False ++watermarked_text_file_path='./inputs/dev_umd_long_2/watermarked_texts.csv' 
2024-07-29 11:14:01,379:INFO:Saving results to ./inputs/dev_umd_long_2/logs/logfile_75.log
2024-07-29 11:19:58,607:INFO:Command executed successfully
2024-07-29 11:19:58,608:INFO:stdout, stderr
2024-07-29 11:19:58,608:INFO:('Success', None)
2024-07-29 11:19:58,608:INFO:Running command: python watermarked_text_generator.py ++prompt_file='./data/WQE/dev.csv' ++prompt_num=76 ++is_completion=False ++generator_args.temperature=1 ++generator_args.diversity_penalty=0 ++generation_stats_file_path='./inputs/dev_umd_long_2/gen_stats/prompt_76.csv' ++watermark_args.use_fine_tuned=False ++watermarked_text_file_path='./inputs/dev_umd_long_2/watermarked_texts.csv' 
2024-07-29 11:19:58,608:INFO:Saving results to ./inputs/dev_umd_long_2/logs/logfile_76.log
2024-07-29 11:25:56,036:INFO:Command executed successfully
2024-07-29 11:25:56,036:INFO:stdout, stderr
2024-07-29 11:25:56,036:INFO:('Success', None)
2024-07-29 11:25:56,036:INFO:Running command: python watermarked_text_generator.py ++prompt_file='./data/WQE/dev.csv' ++prompt_num=77 ++is_completion=False ++generator_args.temperature=1 ++generator_args.diversity_penalty=0 ++generation_stats_file_path='./inputs/dev_umd_long_2/gen_stats/prompt_77.csv' ++watermark_args.use_fine_tuned=False ++watermarked_text_file_path='./inputs/dev_umd_long_2/watermarked_texts.csv' 
2024-07-29 11:25:56,036:INFO:Saving results to ./inputs/dev_umd_long_2/logs/logfile_77.log
2024-07-29 11:31:53,510:INFO:Command executed successfully
2024-07-29 11:31:53,510:INFO:stdout, stderr
2024-07-29 11:31:53,510:INFO:('Success', None)
2024-07-29 11:31:53,510:INFO:Running command: python watermarked_text_generator.py ++prompt_file='./data/WQE/dev.csv' ++prompt_num=78 ++is_completion=False ++generator_args.temperature=1 ++generator_args.diversity_penalty=0 ++generation_stats_file_path='./inputs/dev_umd_long_2/gen_stats/prompt_78.csv' ++watermark_args.use_fine_tuned=False ++watermarked_text_file_path='./inputs/dev_umd_long_2/watermarked_texts.csv' 
2024-07-29 11:31:53,510:INFO:Saving results to ./inputs/dev_umd_long_2/logs/logfile_78.log
2024-07-29 11:37:50,653:INFO:Command executed successfully
2024-07-29 11:37:50,654:INFO:stdout, stderr
2024-07-29 11:37:50,654:INFO:('Success', None)
2024-07-29 11:37:50,654:INFO:Running command: python watermarked_text_generator.py ++prompt_file='./data/WQE/dev.csv' ++prompt_num=79 ++is_completion=False ++generator_args.temperature=1 ++generator_args.diversity_penalty=0 ++generation_stats_file_path='./inputs/dev_umd_long_2/gen_stats/prompt_79.csv' ++watermark_args.use_fine_tuned=False ++watermarked_text_file_path='./inputs/dev_umd_long_2/watermarked_texts.csv' 
2024-07-29 11:37:50,654:INFO:Saving results to ./inputs/dev_umd_long_2/logs/logfile_79.log
2024-07-29 11:43:44,551:INFO:Command executed successfully
2024-07-29 11:43:44,552:INFO:stdout, stderr
2024-07-29 11:43:44,552:INFO:('Success', None)
2024-07-29 11:43:44,552:INFO:Running command: python watermarked_text_generator.py ++prompt_file='./data/WQE/dev.csv' ++prompt_num=80 ++is_completion=False ++generator_args.temperature=1 ++generator_args.diversity_penalty=0 ++generation_stats_file_path='./inputs/dev_umd_long_2/gen_stats/prompt_80.csv' ++watermark_args.use_fine_tuned=False ++watermarked_text_file_path='./inputs/dev_umd_long_2/watermarked_texts.csv' 
2024-07-29 11:43:44,552:INFO:Saving results to ./inputs/dev_umd_long_2/logs/logfile_80.log
2024-07-29 11:49:41,197:INFO:Command executed successfully
2024-07-29 11:49:41,198:INFO:stdout, stderr
2024-07-29 11:49:41,198:INFO:('Success', None)
2024-07-29 11:49:41,198:INFO:Running command: python watermarked_text_generator.py ++prompt_file='./data/WQE/dev.csv' ++prompt_num=81 ++is_completion=False ++generator_args.temperature=1 ++generator_args.diversity_penalty=0 ++generation_stats_file_path='./inputs/dev_umd_long_2/gen_stats/prompt_81.csv' ++watermark_args.use_fine_tuned=False ++watermarked_text_file_path='./inputs/dev_umd_long_2/watermarked_texts.csv' 
2024-07-29 11:49:41,198:INFO:Saving results to ./inputs/dev_umd_long_2/logs/logfile_81.log
2024-07-29 11:55:42,018:INFO:Command executed successfully
Command succeeded: python watermarked_text_generator.py ++prompt_file='./data/WQE/dev.csv' ++prompt_num=61 ++is_completion=False ++generator_args.temperature=1 ++generator_args.diversity_penalty=0 ++generation_stats_file_path='./inputs/dev_umd_long_2/gen_stats/prompt_61.csv' ++watermark_args.use_fine_tuned=False ++watermarked_text_file_path='./inputs/dev_umd_long_2/watermarked_texts.csv' 
Output:
Success
Command succeeded: python watermarked_text_generator.py ++prompt_file='./data/WQE/dev.csv' ++prompt_num=62 ++is_completion=False ++generator_args.temperature=1 ++generator_args.diversity_penalty=0 ++generation_stats_file_path='./inputs/dev_umd_long_2/gen_stats/prompt_62.csv' ++watermark_args.use_fine_tuned=False ++watermarked_text_file_path='./inputs/dev_umd_long_2/watermarked_texts.csv' 
Output:
Success
Command succeeded: python watermarked_text_generator.py ++prompt_file='./data/WQE/dev.csv' ++prompt_num=63 ++is_completion=False ++generator_args.temperature=1 ++generator_args.diversity_penalty=0 ++generation_stats_file_path='./inputs/dev_umd_long_2/gen_stats/prompt_63.csv' ++watermark_args.use_fine_tuned=False ++watermarked_text_file_path='./inputs/dev_umd_long_2/watermarked_texts.csv' 
Output:
Success
Command succeeded: python watermarked_text_generator.py ++prompt_file='./data/WQE/dev.csv' ++prompt_num=64 ++is_completion=False ++generator_args.temperature=1 ++generator_args.diversity_penalty=0 ++generation_stats_file_path='./inputs/dev_umd_long_2/gen_stats/prompt_64.csv' ++watermark_args.use_fine_tuned=False ++watermarked_text_file_path='./inputs/dev_umd_long_2/watermarked_texts.csv' 
Output:
Success
Command succeeded: python watermarked_text_generator.py ++prompt_file='./data/WQE/dev.csv' ++prompt_num=65 ++is_completion=False ++generator_args.temperature=1 ++generator_args.diversity_penalty=0 ++generation_stats_file_path='./inputs/dev_umd_long_2/gen_stats/prompt_65.csv' ++watermark_args.use_fine_tuned=False ++watermarked_text_file_path='./inputs/dev_umd_long_2/watermarked_texts.csv' 
Output:
Success
Command succeeded: python watermarked_text_generator.py ++prompt_file='./data/WQE/dev.csv' ++prompt_num=66 ++is_completion=False ++generator_args.temperature=1 ++generator_args.diversity_penalty=0 ++generation_stats_file_path='./inputs/dev_umd_long_2/gen_stats/prompt_66.csv' ++watermark_args.use_fine_tuned=False ++watermarked_text_file_path='./inputs/dev_umd_long_2/watermarked_texts.csv' 
Output:
Success
Command succeeded: python watermarked_text_generator.py ++prompt_file='./data/WQE/dev.csv' ++prompt_num=67 ++is_completion=False ++generator_args.temperature=1 ++generator_args.diversity_penalty=0 ++generation_stats_file_path='./inputs/dev_umd_long_2/gen_stats/prompt_67.csv' ++watermark_args.use_fine_tuned=False ++watermarked_text_file_path='./inputs/dev_umd_long_2/watermarked_texts.csv' 
Output:
Success
Command succeeded: python watermarked_text_generator.py ++prompt_file='./data/WQE/dev.csv' ++prompt_num=68 ++is_completion=False ++generator_args.temperature=1 ++generator_args.diversity_penalty=0 ++generation_stats_file_path='./inputs/dev_umd_long_2/gen_stats/prompt_68.csv' ++watermark_args.use_fine_tuned=False ++watermarked_text_file_path='./inputs/dev_umd_long_2/watermarked_texts.csv' 
Output:
Success
Command succeeded: python watermarked_text_generator.py ++prompt_file='./data/WQE/dev.csv' ++prompt_num=69 ++is_completion=False ++generator_args.temperature=1 ++generator_args.diversity_penalty=0 ++generation_stats_file_path='./inputs/dev_umd_long_2/gen_stats/prompt_69.csv' ++watermark_args.use_fine_tuned=False ++watermarked_text_file_path='./inputs/dev_umd_long_2/watermarked_texts.csv' 
Output:
Success
Command succeeded: python watermarked_text_generator.py ++prompt_file='./data/WQE/dev.csv' ++prompt_num=70 ++is_completion=False ++generator_args.temperature=1 ++generator_args.diversity_penalty=0 ++generation_stats_file_path='./inputs/dev_umd_long_2/gen_stats/prompt_70.csv' ++watermark_args.use_fine_tuned=False ++watermarked_text_file_path='./inputs/dev_umd_long_2/watermarked_texts.csv' 
Output:
Success
Command succeeded: python watermarked_text_generator.py ++prompt_file='./data/WQE/dev.csv' ++prompt_num=71 ++is_completion=False ++generator_args.temperature=1 ++generator_args.diversity_penalty=0 ++generation_stats_file_path='./inputs/dev_umd_long_2/gen_stats/prompt_71.csv' ++watermark_args.use_fine_tuned=False ++watermarked_text_file_path='./inputs/dev_umd_long_2/watermarked_texts.csv' 
Output:
Success
Command succeeded: python watermarked_text_generator.py ++prompt_file='./data/WQE/dev.csv' ++prompt_num=72 ++is_completion=False ++generator_args.temperature=1 ++generator_args.diversity_penalty=0 ++generation_stats_file_path='./inputs/dev_umd_long_2/gen_stats/prompt_72.csv' ++watermark_args.use_fine_tuned=False ++watermarked_text_file_path='./inputs/dev_umd_long_2/watermarked_texts.csv' 
Output:
Success
Command succeeded: python watermarked_text_generator.py ++prompt_file='./data/WQE/dev.csv' ++prompt_num=73 ++is_completion=False ++generator_args.temperature=1 ++generator_args.diversity_penalty=0 ++generation_stats_file_path='./inputs/dev_umd_long_2/gen_stats/prompt_73.csv' ++watermark_args.use_fine_tuned=False ++watermarked_text_file_path='./inputs/dev_umd_long_2/watermarked_texts.csv' 
Output:
Success
Command succeeded: python watermarked_text_generator.py ++prompt_file='./data/WQE/dev.csv' ++prompt_num=74 ++is_completion=False ++generator_args.temperature=1 ++generator_args.diversity_penalty=0 ++generation_stats_file_path='./inputs/dev_umd_long_2/gen_stats/prompt_74.csv' ++watermark_args.use_fine_tuned=False ++watermarked_text_file_path='./inputs/dev_umd_long_2/watermarked_texts.csv' 
Output:
Success
Command succeeded: python watermarked_text_generator.py ++prompt_file='./data/WQE/dev.csv' ++prompt_num=75 ++is_completion=False ++generator_args.temperature=1 ++generator_args.diversity_penalty=0 ++generation_stats_file_path='./inputs/dev_umd_long_2/gen_stats/prompt_75.csv' ++watermark_args.use_fine_tuned=False ++watermarked_text_file_path='./inputs/dev_umd_long_2/watermarked_texts.csv' 
Output:
Success
Command succeeded: python watermarked_text_generator.py ++prompt_file='./data/WQE/dev.csv' ++prompt_num=76 ++is_completion=False ++generator_args.temperature=1 ++generator_args.diversity_penalty=0 ++generation_stats_file_path='./inputs/dev_umd_long_2/gen_stats/prompt_76.csv' ++watermark_args.use_fine_tuned=False ++watermarked_text_file_path='./inputs/dev_umd_long_2/watermarked_texts.csv' 
Output:
Success
Command succeeded: python watermarked_text_generator.py ++prompt_file='./data/WQE/dev.csv' ++prompt_num=77 ++is_completion=False ++generator_args.temperature=1 ++generator_args.diversity_penalty=0 ++generation_stats_file_path='./inputs/dev_umd_long_2/gen_stats/prompt_77.csv' ++watermark_args.use_fine_tuned=False ++watermarked_text_file_path='./inputs/dev_umd_long_2/watermarked_texts.csv' 
Output:
Success
Command succeeded: python watermarked_text_generator.py ++prompt_file='./data/WQE/dev.csv' ++prompt_num=78 ++is_completion=False ++generator_args.temperature=1 ++generator_args.diversity_penalty=0 ++generation_stats_file_path='./inputs/dev_umd_long_2/gen_stats/prompt_78.csv' ++watermark_args.use_fine_tuned=False ++watermarked_text_file_path='./inputs/dev_umd_long_2/watermarked_texts.csv' 
Output:
Success
Command succeeded: python watermarked_text_generator.py ++prompt_file='./data/WQE/dev.csv' ++prompt_num=79 ++is_completion=False ++generator_args.temperature=1 ++generator_args.diversity_penalty=0 ++generation_stats_file_path='./inputs/dev_umd_long_2/gen_stats/prompt_79.csv' ++watermark_args.use_fine_tuned=False ++watermarked_text_file_path='./inputs/dev_umd_long_2/watermarked_texts.csv' 
Output:
Success
Command succeeded: python watermarked_text_generator.py ++prompt_file='./data/WQE/dev.csv' ++prompt_num=80 ++is_completion=False ++generator_args.temperature=1 ++generator_args.diversity_penalty=0 ++generation_stats_file_path='./inputs/dev_umd_long_2/gen_stats/prompt_80.csv' ++watermark_args.use_fine_tuned=False ++watermarked_text_file_path='./inputs/dev_umd_long_2/watermarked_texts.csv' 
Output:
Success
2024-07-29 11:55:42,018:INFO:stdout, stderr
2024-07-29 11:55:42,018:INFO:('Success', None)
2024-07-29 11:55:42,018:INFO:Running command: python watermarked_text_generator.py ++prompt_file='./data/WQE/dev.csv' ++prompt_num=82 ++is_completion=False ++generator_args.temperature=1 ++generator_args.diversity_penalty=0 ++generation_stats_file_path='./inputs/dev_umd_long_2/gen_stats/prompt_82.csv' ++watermark_args.use_fine_tuned=False ++watermarked_text_file_path='./inputs/dev_umd_long_2/watermarked_texts.csv' 
2024-07-29 11:55:42,018:INFO:Saving results to ./inputs/dev_umd_long_2/logs/logfile_82.log
2024-07-29 12:01:39,872:INFO:Command executed successfully
2024-07-29 12:01:39,872:INFO:stdout, stderr
2024-07-29 12:01:39,872:INFO:('Success', None)
2024-07-29 12:01:39,872:INFO:Running command: python watermarked_text_generator.py ++prompt_file='./data/WQE/dev.csv' ++prompt_num=83 ++is_completion=False ++generator_args.temperature=1 ++generator_args.diversity_penalty=0 ++generation_stats_file_path='./inputs/dev_umd_long_2/gen_stats/prompt_83.csv' ++watermark_args.use_fine_tuned=False ++watermarked_text_file_path='./inputs/dev_umd_long_2/watermarked_texts.csv' 
2024-07-29 12:01:39,872:INFO:Saving results to ./inputs/dev_umd_long_2/logs/logfile_83.log
2024-07-29 12:07:34,819:INFO:Command executed successfully
2024-07-29 12:07:34,819:INFO:stdout, stderr
2024-07-29 12:07:34,819:INFO:('Success', None)
2024-07-29 12:07:34,819:INFO:Running command: python watermarked_text_generator.py ++prompt_file='./data/WQE/dev.csv' ++prompt_num=84 ++is_completion=False ++generator_args.temperature=1 ++generator_args.diversity_penalty=0 ++generation_stats_file_path='./inputs/dev_umd_long_2/gen_stats/prompt_84.csv' ++watermark_args.use_fine_tuned=False ++watermarked_text_file_path='./inputs/dev_umd_long_2/watermarked_texts.csv' 
2024-07-29 12:07:34,819:INFO:Saving results to ./inputs/dev_umd_long_2/logs/logfile_84.log
