2024-07-28 06:05:45,852:INFO:Running command: python watermarked_text_generator.py ++prompt_file='./data/WQE/dev.csv' ++prompt_num=10 ++is_completion=False ++generator_args.temperature=1 ++generator_args.diversity_penalty=0 ++generation_stats_file_path='./inputs/dev_semstamp_reregen/gen_stats/prompt_10.csv' ++watermark_args.use_fine_tuned=False ++watermarked_text_file_path='./inputs/dev_semstamp_reregen/watermarked_texts.csv' 
2024-07-28 06:05:45,852:INFO:Saving results to ./inputs/dev_semstamp_reregen/logs/logfile_10.log
2024-07-28 06:09:50,849:INFO:Command executed successfully
2024-07-28 06:09:50,850:INFO:stdout, stderr
2024-07-28 06:09:50,850:INFO:('Success', None)
2024-07-28 06:09:50,850:INFO:Running command: python watermarked_text_generator.py ++prompt_file='./data/WQE/dev.csv' ++prompt_num=24 ++is_completion=False ++generator_args.temperature=1 ++generator_args.diversity_penalty=0 ++generation_stats_file_path='./inputs/dev_semstamp_reregen/gen_stats/prompt_24.csv' ++watermark_args.use_fine_tuned=False ++watermarked_text_file_path='./inputs/dev_semstamp_reregen/watermarked_texts.csv' 
2024-07-28 06:09:50,850:INFO:Saving results to ./inputs/dev_semstamp_reregen/logs/logfile_24.log
2024-07-28 06:14:54,641:INFO:Command executed successfully
2024-07-28 06:14:54,642:INFO:stdout, stderr
2024-07-28 06:14:54,642:INFO:('Success', None)
2024-07-28 06:14:54,642:INFO:Running command: python watermarked_text_generator.py ++prompt_file='./data/WQE/dev.csv' ++prompt_num=26 ++is_completion=False ++generator_args.temperature=1 ++generator_args.diversity_penalty=0 ++generation_stats_file_path='./inputs/dev_semstamp_reregen/gen_stats/prompt_26.csv' ++watermark_args.use_fine_tuned=False ++watermarked_text_file_path='./inputs/dev_semstamp_reregen/watermarked_texts.csv' 
2024-07-28 06:14:54,642:INFO:Saving results to ./inputs/dev_semstamp_reregen/logs/logfile_26.log
2024-07-28 06:19:18,759:INFO:Command executed successfully
2024-07-28 06:19:18,759:INFO:stdout, stderr
2024-07-28 06:19:18,759:INFO:('Success', None)
2024-07-28 06:19:18,759:INFO:Running command: python watermarked_text_generator.py ++prompt_file='./data/WQE/dev.csv' ++prompt_num=35 ++is_completion=False ++generator_args.temperature=1 ++generator_args.diversity_penalty=0 ++generation_stats_file_path='./inputs/dev_semstamp_reregen/gen_stats/prompt_35.csv' ++watermark_args.use_fine_tuned=False ++watermarked_text_file_path='./inputs/dev_semstamp_reregen/watermarked_texts.csv' 
2024-07-28 06:19:18,759:INFO:Saving results to ./inputs/dev_semstamp_reregen/logs/logfile_35.log
2024-07-28 06:30:56,347:INFO:Command executed successfully
2024-07-28 06:30:56,348:INFO:stdout, stderr
2024-07-28 06:30:56,348:INFO:('Success', None)
2024-07-28 06:30:56,348:INFO:Running command: python watermarked_text_generator.py ++prompt_file='./data/WQE/dev.csv' ++prompt_num=46 ++is_completion=False ++generator_args.temperature=1 ++generator_args.diversity_penalty=0 ++generation_stats_file_path='./inputs/dev_semstamp_reregen/gen_stats/prompt_46.csv' ++watermark_args.use_fine_tuned=False ++watermarked_text_file_path='./inputs/dev_semstamp_reregen/watermarked_texts.csv' 
2024-07-28 06:30:56,348:INFO:Saving results to ./inputs/dev_semstamp_reregen/logs/logfile_46.log
2024-07-28 06:48:11,440:INFO:Command executed successfully
2024-07-28 06:48:11,441:INFO:stdout, stderr
2024-07-28 06:48:11,441:INFO:('Success', None)
2024-07-28 06:48:11,441:INFO:Running command: python watermarked_text_generator.py ++prompt_file='./data/WQE/dev.csv' ++prompt_num=47 ++is_completion=False ++generator_args.temperature=1 ++generator_args.diversity_penalty=0 ++generation_stats_file_path='./inputs/dev_semstamp_reregen/gen_stats/prompt_47.csv' ++watermark_args.use_fine_tuned=False ++watermarked_text_file_path='./inputs/dev_semstamp_reregen/watermarked_texts.csv' 
2024-07-28 06:48:11,441:INFO:Saving results to ./inputs/dev_semstamp_reregen/logs/logfile_47.log
2024-07-28 06:52:37,266:INFO:Command executed successfully
2024-07-28 06:52:37,267:INFO:stdout, stderr
2024-07-28 06:52:37,267:INFO:('Success', None)
2024-07-28 06:52:37,267:INFO:Running command: python watermarked_text_generator.py ++prompt_file='./data/WQE/dev.csv' ++prompt_num=54 ++is_completion=False ++generator_args.temperature=1 ++generator_args.diversity_penalty=0 ++generation_stats_file_path='./inputs/dev_semstamp_reregen/gen_stats/prompt_54.csv' ++watermark_args.use_fine_tuned=False ++watermarked_text_file_path='./inputs/dev_semstamp_reregen/watermarked_texts.csv' 
2024-07-28 06:52:37,267:INFO:Saving results to ./inputs/dev_semstamp_reregen/logs/logfile_54.log
2024-07-28 07:08:34,842:ERROR:Command failed with error: None
2024-07-28 07:08:34,842:INFO:stdout, stderr
2024-07-28 07:08:34,842:INFO:(None, None)
Command succeeded: python watermarked_text_generator.py ++prompt_file='./data/WQE/dev.csv' ++prompt_num=10 ++is_completion=False ++generator_args.temperature=1 ++generator_args.diversity_penalty=0 ++generation_stats_file_path='./inputs/dev_semstamp_reregen/gen_stats/prompt_10.csv' ++watermark_args.use_fine_tuned=False ++watermarked_text_file_path='./inputs/dev_semstamp_reregen/watermarked_texts.csv' 
Output:
Success
Command succeeded: python watermarked_text_generator.py ++prompt_file='./data/WQE/dev.csv' ++prompt_num=24 ++is_completion=False ++generator_args.temperature=1 ++generator_args.diversity_penalty=0 ++generation_stats_file_path='./inputs/dev_semstamp_reregen/gen_stats/prompt_24.csv' ++watermark_args.use_fine_tuned=False ++watermarked_text_file_path='./inputs/dev_semstamp_reregen/watermarked_texts.csv' 
Output:
Success
Command succeeded: python watermarked_text_generator.py ++prompt_file='./data/WQE/dev.csv' ++prompt_num=26 ++is_completion=False ++generator_args.temperature=1 ++generator_args.diversity_penalty=0 ++generation_stats_file_path='./inputs/dev_semstamp_reregen/gen_stats/prompt_26.csv' ++watermark_args.use_fine_tuned=False ++watermarked_text_file_path='./inputs/dev_semstamp_reregen/watermarked_texts.csv' 
Output:
Success
Command succeeded: python watermarked_text_generator.py ++prompt_file='./data/WQE/dev.csv' ++prompt_num=35 ++is_completion=False ++generator_args.temperature=1 ++generator_args.diversity_penalty=0 ++generation_stats_file_path='./inputs/dev_semstamp_reregen/gen_stats/prompt_35.csv' ++watermark_args.use_fine_tuned=False ++watermarked_text_file_path='./inputs/dev_semstamp_reregen/watermarked_texts.csv' 
Output:
Success
Command succeeded: python watermarked_text_generator.py ++prompt_file='./data/WQE/dev.csv' ++prompt_num=46 ++is_completion=False ++generator_args.temperature=1 ++generator_args.diversity_penalty=0 ++generation_stats_file_path='./inputs/dev_semstamp_reregen/gen_stats/prompt_46.csv' ++watermark_args.use_fine_tuned=False ++watermarked_text_file_path='./inputs/dev_semstamp_reregen/watermarked_texts.csv' 
Output:
Success
Command succeeded: python watermarked_text_generator.py ++prompt_file='./data/WQE/dev.csv' ++prompt_num=47 ++is_completion=False ++generator_args.temperature=1 ++generator_args.diversity_penalty=0 ++generation_stats_file_path='./inputs/dev_semstamp_reregen/gen_stats/prompt_47.csv' ++watermark_args.use_fine_tuned=False ++watermarked_text_file_path='./inputs/dev_semstamp_reregen/watermarked_texts.csv' 
Output:
Success
Command succeeded: python watermarked_text_generator.py ++prompt_file='./data/WQE/dev.csv' ++prompt_num=54 ++is_completion=False ++generator_args.temperature=1 ++generator_args.diversity_penalty=0 ++generation_stats_file_path='./inputs/dev_semstamp_reregen/gen_stats/prompt_54.csv' ++watermark_args.use_fine_tuned=False ++watermarked_text_file_path='./inputs/dev_semstamp_reregen/watermarked_texts.csv' 
Output:
None
