2024-07-29 03:52:42,988:INFO:Running command: python watermarked_text_generator.py ++prompt_file='./data/WQE/dev.csv' ++prompt_num=1 ++is_completion=False ++generator_args.temperature=1 ++generator_args.diversity_penalty=0 ++generation_stats_file_path='./inputs/dev_umd_long_3/gen_stats/prompt_1.csv' ++watermark_args.use_fine_tuned=False ++watermarked_text_file_path='./inputs/dev_umd_long_3/watermarked_texts.csv' 
2024-07-29 03:52:42,988:INFO:Saving results to ./inputs/dev_umd_long_3/logs/logfile_1.log
2024-07-29 03:58:45,802:INFO:Command executed successfully
2024-07-29 03:58:45,802:INFO:stdout, stderr
2024-07-29 03:58:45,802:INFO:('Success', None)
2024-07-29 03:58:45,802:INFO:Running command: python watermarked_text_generator.py ++prompt_file='./data/WQE/dev.csv' ++prompt_num=2 ++is_completion=False ++generator_args.temperature=1 ++generator_args.diversity_penalty=0 ++generation_stats_file_path='./inputs/dev_umd_long_3/gen_stats/prompt_2.csv' ++watermark_args.use_fine_tuned=False ++watermarked_text_file_path='./inputs/dev_umd_long_3/watermarked_texts.csv' 
2024-07-29 03:58:45,803:INFO:Saving results to ./inputs/dev_umd_long_3/logs/logfile_2.log
2024-07-29 04:04:44,389:INFO:Command executed successfully
2024-07-29 04:04:44,390:INFO:stdout, stderr
2024-07-29 04:04:44,390:INFO:('Success', None)
2024-07-29 04:04:44,390:INFO:Running command: python watermarked_text_generator.py ++prompt_file='./data/WQE/dev.csv' ++prompt_num=3 ++is_completion=False ++generator_args.temperature=1 ++generator_args.diversity_penalty=0 ++generation_stats_file_path='./inputs/dev_umd_long_3/gen_stats/prompt_3.csv' ++watermark_args.use_fine_tuned=False ++watermarked_text_file_path='./inputs/dev_umd_long_3/watermarked_texts.csv' 
2024-07-29 04:04:44,390:INFO:Saving results to ./inputs/dev_umd_long_3/logs/logfile_3.log
2024-07-29 04:10:39,832:INFO:Command executed successfully
2024-07-29 04:10:39,832:INFO:stdout, stderr
2024-07-29 04:10:39,832:INFO:('Success', None)
2024-07-29 04:10:39,832:INFO:Running command: python watermarked_text_generator.py ++prompt_file='./data/WQE/dev.csv' ++prompt_num=4 ++is_completion=False ++generator_args.temperature=1 ++generator_args.diversity_penalty=0 ++generation_stats_file_path='./inputs/dev_umd_long_3/gen_stats/prompt_4.csv' ++watermark_args.use_fine_tuned=False ++watermarked_text_file_path='./inputs/dev_umd_long_3/watermarked_texts.csv' 
2024-07-29 04:10:39,832:INFO:Saving results to ./inputs/dev_umd_long_3/logs/logfile_4.log
2024-07-29 04:16:34,216:INFO:Command executed successfully
2024-07-29 04:16:34,216:INFO:stdout, stderr
2024-07-29 04:16:34,216:INFO:('Success', None)
2024-07-29 04:16:34,216:INFO:Running command: python watermarked_text_generator.py ++prompt_file='./data/WQE/dev.csv' ++prompt_num=5 ++is_completion=False ++generator_args.temperature=1 ++generator_args.diversity_penalty=0 ++generation_stats_file_path='./inputs/dev_umd_long_3/gen_stats/prompt_5.csv' ++watermark_args.use_fine_tuned=False ++watermarked_text_file_path='./inputs/dev_umd_long_3/watermarked_texts.csv' 
2024-07-29 04:16:34,216:INFO:Saving results to ./inputs/dev_umd_long_3/logs/logfile_5.log
2024-07-29 04:22:28,756:INFO:Command executed successfully
2024-07-29 04:22:28,757:INFO:stdout, stderr
2024-07-29 04:22:28,757:INFO:('Success', None)
2024-07-29 04:22:28,757:INFO:Running command: python watermarked_text_generator.py ++prompt_file='./data/WQE/dev.csv' ++prompt_num=6 ++is_completion=False ++generator_args.temperature=1 ++generator_args.diversity_penalty=0 ++generation_stats_file_path='./inputs/dev_umd_long_3/gen_stats/prompt_6.csv' ++watermark_args.use_fine_tuned=False ++watermarked_text_file_path='./inputs/dev_umd_long_3/watermarked_texts.csv' 
2024-07-29 04:22:28,757:INFO:Saving results to ./inputs/dev_umd_long_3/logs/logfile_6.log
2024-07-29 04:28:24,933:INFO:Command executed successfully
2024-07-29 04:28:24,934:INFO:stdout, stderr
2024-07-29 04:28:24,934:INFO:('Success', None)
2024-07-29 04:28:24,934:INFO:Running command: python watermarked_text_generator.py ++prompt_file='./data/WQE/dev.csv' ++prompt_num=7 ++is_completion=False ++generator_args.temperature=1 ++generator_args.diversity_penalty=0 ++generation_stats_file_path='./inputs/dev_umd_long_3/gen_stats/prompt_7.csv' ++watermark_args.use_fine_tuned=False ++watermarked_text_file_path='./inputs/dev_umd_long_3/watermarked_texts.csv' 
2024-07-29 04:28:24,934:INFO:Saving results to ./inputs/dev_umd_long_3/logs/logfile_7.log
2024-07-29 04:34:22,631:INFO:Command executed successfully
2024-07-29 04:34:22,631:INFO:stdout, stderr
2024-07-29 04:34:22,631:INFO:('Success', None)
2024-07-29 04:34:22,631:INFO:Running command: python watermarked_text_generator.py ++prompt_file='./data/WQE/dev.csv' ++prompt_num=8 ++is_completion=False ++generator_args.temperature=1 ++generator_args.diversity_penalty=0 ++generation_stats_file_path='./inputs/dev_umd_long_3/gen_stats/prompt_8.csv' ++watermark_args.use_fine_tuned=False ++watermarked_text_file_path='./inputs/dev_umd_long_3/watermarked_texts.csv' 
2024-07-29 04:34:22,631:INFO:Saving results to ./inputs/dev_umd_long_3/logs/logfile_8.log
2024-07-29 04:40:17,966:INFO:Command executed successfully
2024-07-29 04:40:17,966:INFO:stdout, stderr
2024-07-29 04:40:17,966:INFO:('Success', None)
2024-07-29 04:40:17,966:INFO:Running command: python watermarked_text_generator.py ++prompt_file='./data/WQE/dev.csv' ++prompt_num=9 ++is_completion=False ++generator_args.temperature=1 ++generator_args.diversity_penalty=0 ++generation_stats_file_path='./inputs/dev_umd_long_3/gen_stats/prompt_9.csv' ++watermark_args.use_fine_tuned=False ++watermarked_text_file_path='./inputs/dev_umd_long_3/watermarked_texts.csv' 
2024-07-29 04:40:17,966:INFO:Saving results to ./inputs/dev_umd_long_3/logs/logfile_9.log
2024-07-29 04:46:16,730:INFO:Command executed successfully
2024-07-29 04:46:16,730:INFO:stdout, stderr
2024-07-29 04:46:16,730:INFO:('Success', None)
2024-07-29 04:46:16,730:INFO:Running command: python watermarked_text_generator.py ++prompt_file='./data/WQE/dev.csv' ++prompt_num=10 ++is_completion=False ++generator_args.temperature=1 ++generator_args.diversity_penalty=0 ++generation_stats_file_path='./inputs/dev_umd_long_3/gen_stats/prompt_10.csv' ++watermark_args.use_fine_tuned=False ++watermarked_text_file_path='./inputs/dev_umd_long_3/watermarked_texts.csv' 
2024-07-29 04:46:16,730:INFO:Saving results to ./inputs/dev_umd_long_3/logs/logfile_10.log
2024-07-29 04:52:10,607:INFO:Command executed successfully
2024-07-29 04:52:10,607:INFO:stdout, stderr
2024-07-29 04:52:10,607:INFO:('Success', None)
2024-07-29 04:52:10,608:INFO:Running command: python watermarked_text_generator.py ++prompt_file='./data/WQE/dev.csv' ++prompt_num=11 ++is_completion=False ++generator_args.temperature=1 ++generator_args.diversity_penalty=0 ++generation_stats_file_path='./inputs/dev_umd_long_3/gen_stats/prompt_11.csv' ++watermark_args.use_fine_tuned=False ++watermarked_text_file_path='./inputs/dev_umd_long_3/watermarked_texts.csv' 
2024-07-29 04:52:10,608:INFO:Saving results to ./inputs/dev_umd_long_3/logs/logfile_11.log
2024-07-29 04:58:10,911:INFO:Command executed successfully
2024-07-29 04:58:10,911:INFO:stdout, stderr
2024-07-29 04:58:10,911:INFO:('Success', None)
2024-07-29 04:58:10,911:INFO:Running command: python watermarked_text_generator.py ++prompt_file='./data/WQE/dev.csv' ++prompt_num=12 ++is_completion=False ++generator_args.temperature=1 ++generator_args.diversity_penalty=0 ++generation_stats_file_path='./inputs/dev_umd_long_3/gen_stats/prompt_12.csv' ++watermark_args.use_fine_tuned=False ++watermarked_text_file_path='./inputs/dev_umd_long_3/watermarked_texts.csv' 
2024-07-29 04:58:10,912:INFO:Saving results to ./inputs/dev_umd_long_3/logs/logfile_12.log
2024-07-29 05:04:09,509:INFO:Command executed successfully
2024-07-29 05:04:09,509:INFO:stdout, stderr
2024-07-29 05:04:09,509:INFO:('Success', None)
2024-07-29 05:04:09,509:INFO:Running command: python watermarked_text_generator.py ++prompt_file='./data/WQE/dev.csv' ++prompt_num=13 ++is_completion=False ++generator_args.temperature=1 ++generator_args.diversity_penalty=0 ++generation_stats_file_path='./inputs/dev_umd_long_3/gen_stats/prompt_13.csv' ++watermark_args.use_fine_tuned=False ++watermarked_text_file_path='./inputs/dev_umd_long_3/watermarked_texts.csv' 
2024-07-29 05:04:09,509:INFO:Saving results to ./inputs/dev_umd_long_3/logs/logfile_13.log
2024-07-29 05:10:06,945:INFO:Command executed successfully
2024-07-29 05:10:06,945:INFO:stdout, stderr
2024-07-29 05:10:06,945:INFO:('Success', None)
2024-07-29 05:10:06,945:INFO:Running command: python watermarked_text_generator.py ++prompt_file='./data/WQE/dev.csv' ++prompt_num=14 ++is_completion=False ++generator_args.temperature=1 ++generator_args.diversity_penalty=0 ++generation_stats_file_path='./inputs/dev_umd_long_3/gen_stats/prompt_14.csv' ++watermark_args.use_fine_tuned=False ++watermarked_text_file_path='./inputs/dev_umd_long_3/watermarked_texts.csv' 
2024-07-29 05:10:06,945:INFO:Saving results to ./inputs/dev_umd_long_3/logs/logfile_14.log
2024-07-29 05:21:35,850:INFO:Command executed successfully
2024-07-29 05:21:35,850:INFO:stdout, stderr
2024-07-29 05:21:35,850:INFO:('Success', None)
2024-07-29 05:21:35,850:INFO:Running command: python watermarked_text_generator.py ++prompt_file='./data/WQE/dev.csv' ++prompt_num=15 ++is_completion=False ++generator_args.temperature=1 ++generator_args.diversity_penalty=0 ++generation_stats_file_path='./inputs/dev_umd_long_3/gen_stats/prompt_15.csv' ++watermark_args.use_fine_tuned=False ++watermarked_text_file_path='./inputs/dev_umd_long_3/watermarked_texts.csv' 
2024-07-29 05:21:35,850:INFO:Saving results to ./inputs/dev_umd_long_3/logs/logfile_15.log
2024-07-29 05:27:33,332:INFO:Command executed successfully
2024-07-29 05:27:33,333:INFO:stdout, stderr
2024-07-29 05:27:33,333:INFO:('Success', None)
2024-07-29 05:27:33,333:INFO:Running command: python watermarked_text_generator.py ++prompt_file='./data/WQE/dev.csv' ++prompt_num=16 ++is_completion=False ++generator_args.temperature=1 ++generator_args.diversity_penalty=0 ++generation_stats_file_path='./inputs/dev_umd_long_3/gen_stats/prompt_16.csv' ++watermark_args.use_fine_tuned=False ++watermarked_text_file_path='./inputs/dev_umd_long_3/watermarked_texts.csv' 
2024-07-29 05:27:33,333:INFO:Saving results to ./inputs/dev_umd_long_3/logs/logfile_16.log
2024-07-29 05:33:28,202:INFO:Command executed successfully
2024-07-29 05:33:28,202:INFO:stdout, stderr
2024-07-29 05:33:28,202:INFO:('Success', None)
2024-07-29 05:33:28,202:INFO:Running command: python watermarked_text_generator.py ++prompt_file='./data/WQE/dev.csv' ++prompt_num=17 ++is_completion=False ++generator_args.temperature=1 ++generator_args.diversity_penalty=0 ++generation_stats_file_path='./inputs/dev_umd_long_3/gen_stats/prompt_17.csv' ++watermark_args.use_fine_tuned=False ++watermarked_text_file_path='./inputs/dev_umd_long_3/watermarked_texts.csv' 
2024-07-29 05:33:28,202:INFO:Saving results to ./inputs/dev_umd_long_3/logs/logfile_17.log
2024-07-29 05:39:22,366:INFO:Command executed successfully
2024-07-29 05:39:22,366:INFO:stdout, stderr
2024-07-29 05:39:22,366:INFO:('Success', None)
2024-07-29 05:39:22,367:INFO:Running command: python watermarked_text_generator.py ++prompt_file='./data/WQE/dev.csv' ++prompt_num=18 ++is_completion=False ++generator_args.temperature=1 ++generator_args.diversity_penalty=0 ++generation_stats_file_path='./inputs/dev_umd_long_3/gen_stats/prompt_18.csv' ++watermark_args.use_fine_tuned=False ++watermarked_text_file_path='./inputs/dev_umd_long_3/watermarked_texts.csv' 
2024-07-29 05:39:22,367:INFO:Saving results to ./inputs/dev_umd_long_3/logs/logfile_18.log
2024-07-29 05:45:20,525:INFO:Command executed successfully
2024-07-29 05:45:20,525:INFO:stdout, stderr
2024-07-29 05:45:20,526:INFO:('Success', None)
2024-07-29 05:45:20,526:INFO:Running command: python watermarked_text_generator.py ++prompt_file='./data/WQE/dev.csv' ++prompt_num=19 ++is_completion=False ++generator_args.temperature=1 ++generator_args.diversity_penalty=0 ++generation_stats_file_path='./inputs/dev_umd_long_3/gen_stats/prompt_19.csv' ++watermark_args.use_fine_tuned=False ++watermarked_text_file_path='./inputs/dev_umd_long_3/watermarked_texts.csv' 
2024-07-29 05:45:20,526:INFO:Saving results to ./inputs/dev_umd_long_3/logs/logfile_19.log
2024-07-29 05:51:22,147:INFO:Command executed successfully
2024-07-29 05:51:22,147:INFO:stdout, stderr
2024-07-29 05:51:22,147:INFO:('Success', None)
2024-07-29 05:51:22,147:INFO:Running command: python watermarked_text_generator.py ++prompt_file='./data/WQE/dev.csv' ++prompt_num=20 ++is_completion=False ++generator_args.temperature=1 ++generator_args.diversity_penalty=0 ++generation_stats_file_path='./inputs/dev_umd_long_3/gen_stats/prompt_20.csv' ++watermark_args.use_fine_tuned=False ++watermarked_text_file_path='./inputs/dev_umd_long_3/watermarked_texts.csv' 
2024-07-29 05:51:22,147:INFO:Saving results to ./inputs/dev_umd_long_3/logs/logfile_20.log
2024-07-29 05:57:26,330:INFO:Command executed successfully
2024-07-29 05:57:26,330:INFO:stdout, stderr
2024-07-29 05:57:26,331:INFO:('Success', None)
2024-07-29 05:57:26,331:INFO:Running command: python watermarked_text_generator.py ++prompt_file='./data/WQE/dev.csv' ++prompt_num=21 ++is_completion=False ++generator_args.temperature=1 ++generator_args.diversity_penalty=0 ++generation_stats_file_path='./inputs/dev_umd_long_3/gen_stats/prompt_21.csv' ++watermark_args.use_fine_tuned=False ++watermarked_text_file_path='./inputs/dev_umd_long_3/watermarked_texts.csv' 
2024-07-29 05:57:26,331:INFO:Saving results to ./inputs/dev_umd_long_3/logs/logfile_21.log
2024-07-29 06:03:21,209:INFO:Command executed successfully
Command succeeded: python watermarked_text_generator.py ++prompt_file='./data/WQE/dev.csv' ++prompt_num=1 ++is_completion=False ++generator_args.temperature=1 ++generator_args.diversity_penalty=0 ++generation_stats_file_path='./inputs/dev_umd_long_3/gen_stats/prompt_1.csv' ++watermark_args.use_fine_tuned=False ++watermarked_text_file_path='./inputs/dev_umd_long_3/watermarked_texts.csv' 
Output:
Success
Command succeeded: python watermarked_text_generator.py ++prompt_file='./data/WQE/dev.csv' ++prompt_num=2 ++is_completion=False ++generator_args.temperature=1 ++generator_args.diversity_penalty=0 ++generation_stats_file_path='./inputs/dev_umd_long_3/gen_stats/prompt_2.csv' ++watermark_args.use_fine_tuned=False ++watermarked_text_file_path='./inputs/dev_umd_long_3/watermarked_texts.csv' 
Output:
Success
Command succeeded: python watermarked_text_generator.py ++prompt_file='./data/WQE/dev.csv' ++prompt_num=3 ++is_completion=False ++generator_args.temperature=1 ++generator_args.diversity_penalty=0 ++generation_stats_file_path='./inputs/dev_umd_long_3/gen_stats/prompt_3.csv' ++watermark_args.use_fine_tuned=False ++watermarked_text_file_path='./inputs/dev_umd_long_3/watermarked_texts.csv' 
Output:
Success
Command succeeded: python watermarked_text_generator.py ++prompt_file='./data/WQE/dev.csv' ++prompt_num=4 ++is_completion=False ++generator_args.temperature=1 ++generator_args.diversity_penalty=0 ++generation_stats_file_path='./inputs/dev_umd_long_3/gen_stats/prompt_4.csv' ++watermark_args.use_fine_tuned=False ++watermarked_text_file_path='./inputs/dev_umd_long_3/watermarked_texts.csv' 
Output:
Success
Command succeeded: python watermarked_text_generator.py ++prompt_file='./data/WQE/dev.csv' ++prompt_num=5 ++is_completion=False ++generator_args.temperature=1 ++generator_args.diversity_penalty=0 ++generation_stats_file_path='./inputs/dev_umd_long_3/gen_stats/prompt_5.csv' ++watermark_args.use_fine_tuned=False ++watermarked_text_file_path='./inputs/dev_umd_long_3/watermarked_texts.csv' 
Output:
Success
Command succeeded: python watermarked_text_generator.py ++prompt_file='./data/WQE/dev.csv' ++prompt_num=6 ++is_completion=False ++generator_args.temperature=1 ++generator_args.diversity_penalty=0 ++generation_stats_file_path='./inputs/dev_umd_long_3/gen_stats/prompt_6.csv' ++watermark_args.use_fine_tuned=False ++watermarked_text_file_path='./inputs/dev_umd_long_3/watermarked_texts.csv' 
Output:
Success
Command succeeded: python watermarked_text_generator.py ++prompt_file='./data/WQE/dev.csv' ++prompt_num=7 ++is_completion=False ++generator_args.temperature=1 ++generator_args.diversity_penalty=0 ++generation_stats_file_path='./inputs/dev_umd_long_3/gen_stats/prompt_7.csv' ++watermark_args.use_fine_tuned=False ++watermarked_text_file_path='./inputs/dev_umd_long_3/watermarked_texts.csv' 
Output:
Success
Command succeeded: python watermarked_text_generator.py ++prompt_file='./data/WQE/dev.csv' ++prompt_num=8 ++is_completion=False ++generator_args.temperature=1 ++generator_args.diversity_penalty=0 ++generation_stats_file_path='./inputs/dev_umd_long_3/gen_stats/prompt_8.csv' ++watermark_args.use_fine_tuned=False ++watermarked_text_file_path='./inputs/dev_umd_long_3/watermarked_texts.csv' 
Output:
Success
Command succeeded: python watermarked_text_generator.py ++prompt_file='./data/WQE/dev.csv' ++prompt_num=9 ++is_completion=False ++generator_args.temperature=1 ++generator_args.diversity_penalty=0 ++generation_stats_file_path='./inputs/dev_umd_long_3/gen_stats/prompt_9.csv' ++watermark_args.use_fine_tuned=False ++watermarked_text_file_path='./inputs/dev_umd_long_3/watermarked_texts.csv' 
Output:
Success
Command succeeded: python watermarked_text_generator.py ++prompt_file='./data/WQE/dev.csv' ++prompt_num=10 ++is_completion=False ++generator_args.temperature=1 ++generator_args.diversity_penalty=0 ++generation_stats_file_path='./inputs/dev_umd_long_3/gen_stats/prompt_10.csv' ++watermark_args.use_fine_tuned=False ++watermarked_text_file_path='./inputs/dev_umd_long_3/watermarked_texts.csv' 
Output:
Success
Command succeeded: python watermarked_text_generator.py ++prompt_file='./data/WQE/dev.csv' ++prompt_num=11 ++is_completion=False ++generator_args.temperature=1 ++generator_args.diversity_penalty=0 ++generation_stats_file_path='./inputs/dev_umd_long_3/gen_stats/prompt_11.csv' ++watermark_args.use_fine_tuned=False ++watermarked_text_file_path='./inputs/dev_umd_long_3/watermarked_texts.csv' 
Output:
Success
Command succeeded: python watermarked_text_generator.py ++prompt_file='./data/WQE/dev.csv' ++prompt_num=12 ++is_completion=False ++generator_args.temperature=1 ++generator_args.diversity_penalty=0 ++generation_stats_file_path='./inputs/dev_umd_long_3/gen_stats/prompt_12.csv' ++watermark_args.use_fine_tuned=False ++watermarked_text_file_path='./inputs/dev_umd_long_3/watermarked_texts.csv' 
Output:
Success
Command succeeded: python watermarked_text_generator.py ++prompt_file='./data/WQE/dev.csv' ++prompt_num=13 ++is_completion=False ++generator_args.temperature=1 ++generator_args.diversity_penalty=0 ++generation_stats_file_path='./inputs/dev_umd_long_3/gen_stats/prompt_13.csv' ++watermark_args.use_fine_tuned=False ++watermarked_text_file_path='./inputs/dev_umd_long_3/watermarked_texts.csv' 
Output:
Success
Command succeeded: python watermarked_text_generator.py ++prompt_file='./data/WQE/dev.csv' ++prompt_num=14 ++is_completion=False ++generator_args.temperature=1 ++generator_args.diversity_penalty=0 ++generation_stats_file_path='./inputs/dev_umd_long_3/gen_stats/prompt_14.csv' ++watermark_args.use_fine_tuned=False ++watermarked_text_file_path='./inputs/dev_umd_long_3/watermarked_texts.csv' 
Output:
Success
Command succeeded: python watermarked_text_generator.py ++prompt_file='./data/WQE/dev.csv' ++prompt_num=15 ++is_completion=False ++generator_args.temperature=1 ++generator_args.diversity_penalty=0 ++generation_stats_file_path='./inputs/dev_umd_long_3/gen_stats/prompt_15.csv' ++watermark_args.use_fine_tuned=False ++watermarked_text_file_path='./inputs/dev_umd_long_3/watermarked_texts.csv' 
Output:
Success
Command succeeded: python watermarked_text_generator.py ++prompt_file='./data/WQE/dev.csv' ++prompt_num=16 ++is_completion=False ++generator_args.temperature=1 ++generator_args.diversity_penalty=0 ++generation_stats_file_path='./inputs/dev_umd_long_3/gen_stats/prompt_16.csv' ++watermark_args.use_fine_tuned=False ++watermarked_text_file_path='./inputs/dev_umd_long_3/watermarked_texts.csv' 
Output:
Success
Command succeeded: python watermarked_text_generator.py ++prompt_file='./data/WQE/dev.csv' ++prompt_num=17 ++is_completion=False ++generator_args.temperature=1 ++generator_args.diversity_penalty=0 ++generation_stats_file_path='./inputs/dev_umd_long_3/gen_stats/prompt_17.csv' ++watermark_args.use_fine_tuned=False ++watermarked_text_file_path='./inputs/dev_umd_long_3/watermarked_texts.csv' 
Output:
Success
Command succeeded: python watermarked_text_generator.py ++prompt_file='./data/WQE/dev.csv' ++prompt_num=18 ++is_completion=False ++generator_args.temperature=1 ++generator_args.diversity_penalty=0 ++generation_stats_file_path='./inputs/dev_umd_long_3/gen_stats/prompt_18.csv' ++watermark_args.use_fine_tuned=False ++watermarked_text_file_path='./inputs/dev_umd_long_3/watermarked_texts.csv' 
Output:
Success
Command succeeded: python watermarked_text_generator.py ++prompt_file='./data/WQE/dev.csv' ++prompt_num=19 ++is_completion=False ++generator_args.temperature=1 ++generator_args.diversity_penalty=0 ++generation_stats_file_path='./inputs/dev_umd_long_3/gen_stats/prompt_19.csv' ++watermark_args.use_fine_tuned=False ++watermarked_text_file_path='./inputs/dev_umd_long_3/watermarked_texts.csv' 
Output:
Success
Command succeeded: python watermarked_text_generator.py ++prompt_file='./data/WQE/dev.csv' ++prompt_num=20 ++is_completion=False ++generator_args.temperature=1 ++generator_args.diversity_penalty=0 ++generation_stats_file_path='./inputs/dev_umd_long_3/gen_stats/prompt_20.csv' ++watermark_args.use_fine_tuned=False ++watermarked_text_file_path='./inputs/dev_umd_long_3/watermarked_texts.csv' 
Output:
Success
2024-07-29 06:03:21,209:INFO:stdout, stderr
2024-07-29 06:03:21,209:INFO:('Success', None)
2024-07-29 06:03:21,209:INFO:Running command: python watermarked_text_generator.py ++prompt_file='./data/WQE/dev.csv' ++prompt_num=22 ++is_completion=False ++generator_args.temperature=1 ++generator_args.diversity_penalty=0 ++generation_stats_file_path='./inputs/dev_umd_long_3/gen_stats/prompt_22.csv' ++watermark_args.use_fine_tuned=False ++watermarked_text_file_path='./inputs/dev_umd_long_3/watermarked_texts.csv' 
2024-07-29 06:03:21,209:INFO:Saving results to ./inputs/dev_umd_long_3/logs/logfile_22.log
2024-07-29 06:09:16,803:INFO:Command executed successfully
2024-07-29 06:09:16,803:INFO:stdout, stderr
2024-07-29 06:09:16,803:INFO:('Success', None)
2024-07-29 06:09:16,803:INFO:Running command: python watermarked_text_generator.py ++prompt_file='./data/WQE/dev.csv' ++prompt_num=23 ++is_completion=False ++generator_args.temperature=1 ++generator_args.diversity_penalty=0 ++generation_stats_file_path='./inputs/dev_umd_long_3/gen_stats/prompt_23.csv' ++watermark_args.use_fine_tuned=False ++watermarked_text_file_path='./inputs/dev_umd_long_3/watermarked_texts.csv' 
2024-07-29 06:09:16,803:INFO:Saving results to ./inputs/dev_umd_long_3/logs/logfile_23.log
2024-07-29 06:15:14,975:INFO:Command executed successfully
2024-07-29 06:15:14,975:INFO:stdout, stderr
2024-07-29 06:15:14,975:INFO:('Success', None)
2024-07-29 06:15:14,975:INFO:Running command: python watermarked_text_generator.py ++prompt_file='./data/WQE/dev.csv' ++prompt_num=24 ++is_completion=False ++generator_args.temperature=1 ++generator_args.diversity_penalty=0 ++generation_stats_file_path='./inputs/dev_umd_long_3/gen_stats/prompt_24.csv' ++watermark_args.use_fine_tuned=False ++watermarked_text_file_path='./inputs/dev_umd_long_3/watermarked_texts.csv' 
2024-07-29 06:15:14,975:INFO:Saving results to ./inputs/dev_umd_long_3/logs/logfile_24.log
2024-07-29 06:21:12,616:INFO:Command executed successfully
2024-07-29 06:21:12,616:INFO:stdout, stderr
2024-07-29 06:21:12,616:INFO:('Success', None)
2024-07-29 06:21:12,616:INFO:Running command: python watermarked_text_generator.py ++prompt_file='./data/WQE/dev.csv' ++prompt_num=25 ++is_completion=False ++generator_args.temperature=1 ++generator_args.diversity_penalty=0 ++generation_stats_file_path='./inputs/dev_umd_long_3/gen_stats/prompt_25.csv' ++watermark_args.use_fine_tuned=False ++watermarked_text_file_path='./inputs/dev_umd_long_3/watermarked_texts.csv' 
2024-07-29 06:21:12,616:INFO:Saving results to ./inputs/dev_umd_long_3/logs/logfile_25.log
2024-07-29 06:27:09,124:INFO:Command executed successfully
2024-07-29 06:27:09,124:INFO:stdout, stderr
2024-07-29 06:27:09,124:INFO:('Success', None)
2024-07-29 06:27:09,124:INFO:Running command: python watermarked_text_generator.py ++prompt_file='./data/WQE/dev.csv' ++prompt_num=26 ++is_completion=False ++generator_args.temperature=1 ++generator_args.diversity_penalty=0 ++generation_stats_file_path='./inputs/dev_umd_long_3/gen_stats/prompt_26.csv' ++watermark_args.use_fine_tuned=False ++watermarked_text_file_path='./inputs/dev_umd_long_3/watermarked_texts.csv' 
2024-07-29 06:27:09,124:INFO:Saving results to ./inputs/dev_umd_long_3/logs/logfile_26.log
2024-07-29 06:33:05,395:INFO:Command executed successfully
2024-07-29 06:33:05,395:INFO:stdout, stderr
2024-07-29 06:33:05,395:INFO:('Success', None)
2024-07-29 06:33:05,395:INFO:Running command: python watermarked_text_generator.py ++prompt_file='./data/WQE/dev.csv' ++prompt_num=27 ++is_completion=False ++generator_args.temperature=1 ++generator_args.diversity_penalty=0 ++generation_stats_file_path='./inputs/dev_umd_long_3/gen_stats/prompt_27.csv' ++watermark_args.use_fine_tuned=False ++watermarked_text_file_path='./inputs/dev_umd_long_3/watermarked_texts.csv' 
2024-07-29 06:33:05,395:INFO:Saving results to ./inputs/dev_umd_long_3/logs/logfile_27.log
2024-07-29 06:39:00,973:INFO:Command executed successfully
2024-07-29 06:39:00,973:INFO:stdout, stderr
2024-07-29 06:39:00,973:INFO:('Success', None)
2024-07-29 06:39:00,973:INFO:Running command: python watermarked_text_generator.py ++prompt_file='./data/WQE/dev.csv' ++prompt_num=28 ++is_completion=False ++generator_args.temperature=1 ++generator_args.diversity_penalty=0 ++generation_stats_file_path='./inputs/dev_umd_long_3/gen_stats/prompt_28.csv' ++watermark_args.use_fine_tuned=False ++watermarked_text_file_path='./inputs/dev_umd_long_3/watermarked_texts.csv' 
2024-07-29 06:39:00,974:INFO:Saving results to ./inputs/dev_umd_long_3/logs/logfile_28.log
2024-07-29 06:44:53,536:INFO:Command executed successfully
2024-07-29 06:44:53,536:INFO:stdout, stderr
2024-07-29 06:44:53,536:INFO:('Success', None)
2024-07-29 06:44:53,536:INFO:Running command: python watermarked_text_generator.py ++prompt_file='./data/WQE/dev.csv' ++prompt_num=29 ++is_completion=False ++generator_args.temperature=1 ++generator_args.diversity_penalty=0 ++generation_stats_file_path='./inputs/dev_umd_long_3/gen_stats/prompt_29.csv' ++watermark_args.use_fine_tuned=False ++watermarked_text_file_path='./inputs/dev_umd_long_3/watermarked_texts.csv' 
2024-07-29 06:44:53,536:INFO:Saving results to ./inputs/dev_umd_long_3/logs/logfile_29.log
2024-07-29 06:50:48,331:INFO:Command executed successfully
2024-07-29 06:50:48,331:INFO:stdout, stderr
2024-07-29 06:50:48,331:INFO:('Success', None)
2024-07-29 06:50:48,331:INFO:Running command: python watermarked_text_generator.py ++prompt_file='./data/WQE/dev.csv' ++prompt_num=30 ++is_completion=False ++generator_args.temperature=1 ++generator_args.diversity_penalty=0 ++generation_stats_file_path='./inputs/dev_umd_long_3/gen_stats/prompt_30.csv' ++watermark_args.use_fine_tuned=False ++watermarked_text_file_path='./inputs/dev_umd_long_3/watermarked_texts.csv' 
2024-07-29 06:50:48,331:INFO:Saving results to ./inputs/dev_umd_long_3/logs/logfile_30.log
2024-07-29 06:56:46,261:INFO:Command executed successfully
2024-07-29 06:56:46,262:INFO:stdout, stderr
2024-07-29 06:56:46,262:INFO:('Success', None)
2024-07-29 06:56:46,262:INFO:Running command: python watermarked_text_generator.py ++prompt_file='./data/WQE/dev.csv' ++prompt_num=31 ++is_completion=False ++generator_args.temperature=1 ++generator_args.diversity_penalty=0 ++generation_stats_file_path='./inputs/dev_umd_long_3/gen_stats/prompt_31.csv' ++watermark_args.use_fine_tuned=False ++watermarked_text_file_path='./inputs/dev_umd_long_3/watermarked_texts.csv' 
2024-07-29 06:56:46,262:INFO:Saving results to ./inputs/dev_umd_long_3/logs/logfile_31.log
2024-07-29 07:02:42,850:INFO:Command executed successfully
2024-07-29 07:02:42,851:INFO:stdout, stderr
2024-07-29 07:02:42,851:INFO:('Success', None)
2024-07-29 07:02:42,851:INFO:Running command: python watermarked_text_generator.py ++prompt_file='./data/WQE/dev.csv' ++prompt_num=32 ++is_completion=False ++generator_args.temperature=1 ++generator_args.diversity_penalty=0 ++generation_stats_file_path='./inputs/dev_umd_long_3/gen_stats/prompt_32.csv' ++watermark_args.use_fine_tuned=False ++watermarked_text_file_path='./inputs/dev_umd_long_3/watermarked_texts.csv' 
2024-07-29 07:02:42,851:INFO:Saving results to ./inputs/dev_umd_long_3/logs/logfile_32.log
2024-07-29 07:08:43,088:INFO:Command executed successfully
2024-07-29 07:08:43,088:INFO:stdout, stderr
2024-07-29 07:08:43,088:INFO:('Success', None)
2024-07-29 07:08:43,088:INFO:Running command: python watermarked_text_generator.py ++prompt_file='./data/WQE/dev.csv' ++prompt_num=33 ++is_completion=False ++generator_args.temperature=1 ++generator_args.diversity_penalty=0 ++generation_stats_file_path='./inputs/dev_umd_long_3/gen_stats/prompt_33.csv' ++watermark_args.use_fine_tuned=False ++watermarked_text_file_path='./inputs/dev_umd_long_3/watermarked_texts.csv' 
2024-07-29 07:08:43,088:INFO:Saving results to ./inputs/dev_umd_long_3/logs/logfile_33.log
2024-07-29 07:14:38,306:INFO:Command executed successfully
2024-07-29 07:14:38,306:INFO:stdout, stderr
2024-07-29 07:14:38,306:INFO:('Success', None)
2024-07-29 07:14:38,306:INFO:Running command: python watermarked_text_generator.py ++prompt_file='./data/WQE/dev.csv' ++prompt_num=34 ++is_completion=False ++generator_args.temperature=1 ++generator_args.diversity_penalty=0 ++generation_stats_file_path='./inputs/dev_umd_long_3/gen_stats/prompt_34.csv' ++watermark_args.use_fine_tuned=False ++watermarked_text_file_path='./inputs/dev_umd_long_3/watermarked_texts.csv' 
2024-07-29 07:14:38,306:INFO:Saving results to ./inputs/dev_umd_long_3/logs/logfile_34.log
2024-07-29 07:20:31,390:INFO:Command executed successfully
2024-07-29 07:20:31,390:INFO:stdout, stderr
2024-07-29 07:20:31,390:INFO:('Success', None)
2024-07-29 07:20:31,390:INFO:Running command: python watermarked_text_generator.py ++prompt_file='./data/WQE/dev.csv' ++prompt_num=35 ++is_completion=False ++generator_args.temperature=1 ++generator_args.diversity_penalty=0 ++generation_stats_file_path='./inputs/dev_umd_long_3/gen_stats/prompt_35.csv' ++watermark_args.use_fine_tuned=False ++watermarked_text_file_path='./inputs/dev_umd_long_3/watermarked_texts.csv' 
2024-07-29 07:20:31,390:INFO:Saving results to ./inputs/dev_umd_long_3/logs/logfile_35.log
2024-07-29 07:26:25,583:INFO:Command executed successfully
2024-07-29 07:26:25,583:INFO:stdout, stderr
2024-07-29 07:26:25,583:INFO:('Success', None)
2024-07-29 07:26:25,584:INFO:Running command: python watermarked_text_generator.py ++prompt_file='./data/WQE/dev.csv' ++prompt_num=36 ++is_completion=False ++generator_args.temperature=1 ++generator_args.diversity_penalty=0 ++generation_stats_file_path='./inputs/dev_umd_long_3/gen_stats/prompt_36.csv' ++watermark_args.use_fine_tuned=False ++watermarked_text_file_path='./inputs/dev_umd_long_3/watermarked_texts.csv' 
2024-07-29 07:26:25,584:INFO:Saving results to ./inputs/dev_umd_long_3/logs/logfile_36.log
2024-07-29 07:32:21,291:INFO:Command executed successfully
2024-07-29 07:32:21,291:INFO:stdout, stderr
2024-07-29 07:32:21,291:INFO:('Success', None)
2024-07-29 07:32:21,291:INFO:Running command: python watermarked_text_generator.py ++prompt_file='./data/WQE/dev.csv' ++prompt_num=37 ++is_completion=False ++generator_args.temperature=1 ++generator_args.diversity_penalty=0 ++generation_stats_file_path='./inputs/dev_umd_long_3/gen_stats/prompt_37.csv' ++watermark_args.use_fine_tuned=False ++watermarked_text_file_path='./inputs/dev_umd_long_3/watermarked_texts.csv' 
2024-07-29 07:32:21,291:INFO:Saving results to ./inputs/dev_umd_long_3/logs/logfile_37.log
2024-07-29 07:38:18,359:INFO:Command executed successfully
2024-07-29 07:38:18,359:INFO:stdout, stderr
2024-07-29 07:38:18,359:INFO:('Success', None)
2024-07-29 07:38:18,359:INFO:Running command: python watermarked_text_generator.py ++prompt_file='./data/WQE/dev.csv' ++prompt_num=38 ++is_completion=False ++generator_args.temperature=1 ++generator_args.diversity_penalty=0 ++generation_stats_file_path='./inputs/dev_umd_long_3/gen_stats/prompt_38.csv' ++watermark_args.use_fine_tuned=False ++watermarked_text_file_path='./inputs/dev_umd_long_3/watermarked_texts.csv' 
2024-07-29 07:38:18,359:INFO:Saving results to ./inputs/dev_umd_long_3/logs/logfile_38.log
2024-07-29 07:44:13,154:INFO:Command executed successfully
2024-07-29 07:44:13,154:INFO:stdout, stderr
2024-07-29 07:44:13,155:INFO:('Success', None)
2024-07-29 07:44:13,155:INFO:Running command: python watermarked_text_generator.py ++prompt_file='./data/WQE/dev.csv' ++prompt_num=39 ++is_completion=False ++generator_args.temperature=1 ++generator_args.diversity_penalty=0 ++generation_stats_file_path='./inputs/dev_umd_long_3/gen_stats/prompt_39.csv' ++watermark_args.use_fine_tuned=False ++watermarked_text_file_path='./inputs/dev_umd_long_3/watermarked_texts.csv' 
2024-07-29 07:44:13,155:INFO:Saving results to ./inputs/dev_umd_long_3/logs/logfile_39.log
2024-07-29 07:50:07,437:INFO:Command executed successfully
2024-07-29 07:50:07,437:INFO:stdout, stderr
2024-07-29 07:50:07,437:INFO:('Success', None)
2024-07-29 07:50:07,437:INFO:Running command: python watermarked_text_generator.py ++prompt_file='./data/WQE/dev.csv' ++prompt_num=40 ++is_completion=False ++generator_args.temperature=1 ++generator_args.diversity_penalty=0 ++generation_stats_file_path='./inputs/dev_umd_long_3/gen_stats/prompt_40.csv' ++watermark_args.use_fine_tuned=False ++watermarked_text_file_path='./inputs/dev_umd_long_3/watermarked_texts.csv' 
2024-07-29 07:50:07,437:INFO:Saving results to ./inputs/dev_umd_long_3/logs/logfile_40.log
2024-07-29 07:56:03,503:INFO:Command executed successfully
2024-07-29 07:56:03,504:INFO:stdout, stderr
2024-07-29 07:56:03,504:INFO:('Success', None)
2024-07-29 07:56:03,504:INFO:Running command: python watermarked_text_generator.py ++prompt_file='./data/WQE/dev.csv' ++prompt_num=41 ++is_completion=False ++generator_args.temperature=1 ++generator_args.diversity_penalty=0 ++generation_stats_file_path='./inputs/dev_umd_long_3/gen_stats/prompt_41.csv' ++watermark_args.use_fine_tuned=False ++watermarked_text_file_path='./inputs/dev_umd_long_3/watermarked_texts.csv' 
2024-07-29 07:56:03,504:INFO:Saving results to ./inputs/dev_umd_long_3/logs/logfile_41.log
2024-07-29 08:02:02,504:INFO:Command executed successfully
Command succeeded: python watermarked_text_generator.py ++prompt_file='./data/WQE/dev.csv' ++prompt_num=21 ++is_completion=False ++generator_args.temperature=1 ++generator_args.diversity_penalty=0 ++generation_stats_file_path='./inputs/dev_umd_long_3/gen_stats/prompt_21.csv' ++watermark_args.use_fine_tuned=False ++watermarked_text_file_path='./inputs/dev_umd_long_3/watermarked_texts.csv' 
Output:
Success
Command succeeded: python watermarked_text_generator.py ++prompt_file='./data/WQE/dev.csv' ++prompt_num=22 ++is_completion=False ++generator_args.temperature=1 ++generator_args.diversity_penalty=0 ++generation_stats_file_path='./inputs/dev_umd_long_3/gen_stats/prompt_22.csv' ++watermark_args.use_fine_tuned=False ++watermarked_text_file_path='./inputs/dev_umd_long_3/watermarked_texts.csv' 
Output:
Success
Command succeeded: python watermarked_text_generator.py ++prompt_file='./data/WQE/dev.csv' ++prompt_num=23 ++is_completion=False ++generator_args.temperature=1 ++generator_args.diversity_penalty=0 ++generation_stats_file_path='./inputs/dev_umd_long_3/gen_stats/prompt_23.csv' ++watermark_args.use_fine_tuned=False ++watermarked_text_file_path='./inputs/dev_umd_long_3/watermarked_texts.csv' 
Output:
Success
Command succeeded: python watermarked_text_generator.py ++prompt_file='./data/WQE/dev.csv' ++prompt_num=24 ++is_completion=False ++generator_args.temperature=1 ++generator_args.diversity_penalty=0 ++generation_stats_file_path='./inputs/dev_umd_long_3/gen_stats/prompt_24.csv' ++watermark_args.use_fine_tuned=False ++watermarked_text_file_path='./inputs/dev_umd_long_3/watermarked_texts.csv' 
Output:
Success
Command succeeded: python watermarked_text_generator.py ++prompt_file='./data/WQE/dev.csv' ++prompt_num=25 ++is_completion=False ++generator_args.temperature=1 ++generator_args.diversity_penalty=0 ++generation_stats_file_path='./inputs/dev_umd_long_3/gen_stats/prompt_25.csv' ++watermark_args.use_fine_tuned=False ++watermarked_text_file_path='./inputs/dev_umd_long_3/watermarked_texts.csv' 
Output:
Success
Command succeeded: python watermarked_text_generator.py ++prompt_file='./data/WQE/dev.csv' ++prompt_num=26 ++is_completion=False ++generator_args.temperature=1 ++generator_args.diversity_penalty=0 ++generation_stats_file_path='./inputs/dev_umd_long_3/gen_stats/prompt_26.csv' ++watermark_args.use_fine_tuned=False ++watermarked_text_file_path='./inputs/dev_umd_long_3/watermarked_texts.csv' 
Output:
Success
Command succeeded: python watermarked_text_generator.py ++prompt_file='./data/WQE/dev.csv' ++prompt_num=27 ++is_completion=False ++generator_args.temperature=1 ++generator_args.diversity_penalty=0 ++generation_stats_file_path='./inputs/dev_umd_long_3/gen_stats/prompt_27.csv' ++watermark_args.use_fine_tuned=False ++watermarked_text_file_path='./inputs/dev_umd_long_3/watermarked_texts.csv' 
Output:
Success
Command succeeded: python watermarked_text_generator.py ++prompt_file='./data/WQE/dev.csv' ++prompt_num=28 ++is_completion=False ++generator_args.temperature=1 ++generator_args.diversity_penalty=0 ++generation_stats_file_path='./inputs/dev_umd_long_3/gen_stats/prompt_28.csv' ++watermark_args.use_fine_tuned=False ++watermarked_text_file_path='./inputs/dev_umd_long_3/watermarked_texts.csv' 
Output:
Success
Command succeeded: python watermarked_text_generator.py ++prompt_file='./data/WQE/dev.csv' ++prompt_num=29 ++is_completion=False ++generator_args.temperature=1 ++generator_args.diversity_penalty=0 ++generation_stats_file_path='./inputs/dev_umd_long_3/gen_stats/prompt_29.csv' ++watermark_args.use_fine_tuned=False ++watermarked_text_file_path='./inputs/dev_umd_long_3/watermarked_texts.csv' 
Output:
Success
Command succeeded: python watermarked_text_generator.py ++prompt_file='./data/WQE/dev.csv' ++prompt_num=30 ++is_completion=False ++generator_args.temperature=1 ++generator_args.diversity_penalty=0 ++generation_stats_file_path='./inputs/dev_umd_long_3/gen_stats/prompt_30.csv' ++watermark_args.use_fine_tuned=False ++watermarked_text_file_path='./inputs/dev_umd_long_3/watermarked_texts.csv' 
Output:
Success
Command succeeded: python watermarked_text_generator.py ++prompt_file='./data/WQE/dev.csv' ++prompt_num=31 ++is_completion=False ++generator_args.temperature=1 ++generator_args.diversity_penalty=0 ++generation_stats_file_path='./inputs/dev_umd_long_3/gen_stats/prompt_31.csv' ++watermark_args.use_fine_tuned=False ++watermarked_text_file_path='./inputs/dev_umd_long_3/watermarked_texts.csv' 
Output:
Success
Command succeeded: python watermarked_text_generator.py ++prompt_file='./data/WQE/dev.csv' ++prompt_num=32 ++is_completion=False ++generator_args.temperature=1 ++generator_args.diversity_penalty=0 ++generation_stats_file_path='./inputs/dev_umd_long_3/gen_stats/prompt_32.csv' ++watermark_args.use_fine_tuned=False ++watermarked_text_file_path='./inputs/dev_umd_long_3/watermarked_texts.csv' 
Output:
Success
Command succeeded: python watermarked_text_generator.py ++prompt_file='./data/WQE/dev.csv' ++prompt_num=33 ++is_completion=False ++generator_args.temperature=1 ++generator_args.diversity_penalty=0 ++generation_stats_file_path='./inputs/dev_umd_long_3/gen_stats/prompt_33.csv' ++watermark_args.use_fine_tuned=False ++watermarked_text_file_path='./inputs/dev_umd_long_3/watermarked_texts.csv' 
Output:
Success
Command succeeded: python watermarked_text_generator.py ++prompt_file='./data/WQE/dev.csv' ++prompt_num=34 ++is_completion=False ++generator_args.temperature=1 ++generator_args.diversity_penalty=0 ++generation_stats_file_path='./inputs/dev_umd_long_3/gen_stats/prompt_34.csv' ++watermark_args.use_fine_tuned=False ++watermarked_text_file_path='./inputs/dev_umd_long_3/watermarked_texts.csv' 
Output:
Success
Command succeeded: python watermarked_text_generator.py ++prompt_file='./data/WQE/dev.csv' ++prompt_num=35 ++is_completion=False ++generator_args.temperature=1 ++generator_args.diversity_penalty=0 ++generation_stats_file_path='./inputs/dev_umd_long_3/gen_stats/prompt_35.csv' ++watermark_args.use_fine_tuned=False ++watermarked_text_file_path='./inputs/dev_umd_long_3/watermarked_texts.csv' 
Output:
Success
Command succeeded: python watermarked_text_generator.py ++prompt_file='./data/WQE/dev.csv' ++prompt_num=36 ++is_completion=False ++generator_args.temperature=1 ++generator_args.diversity_penalty=0 ++generation_stats_file_path='./inputs/dev_umd_long_3/gen_stats/prompt_36.csv' ++watermark_args.use_fine_tuned=False ++watermarked_text_file_path='./inputs/dev_umd_long_3/watermarked_texts.csv' 
Output:
Success
Command succeeded: python watermarked_text_generator.py ++prompt_file='./data/WQE/dev.csv' ++prompt_num=37 ++is_completion=False ++generator_args.temperature=1 ++generator_args.diversity_penalty=0 ++generation_stats_file_path='./inputs/dev_umd_long_3/gen_stats/prompt_37.csv' ++watermark_args.use_fine_tuned=False ++watermarked_text_file_path='./inputs/dev_umd_long_3/watermarked_texts.csv' 
Output:
Success
Command succeeded: python watermarked_text_generator.py ++prompt_file='./data/WQE/dev.csv' ++prompt_num=38 ++is_completion=False ++generator_args.temperature=1 ++generator_args.diversity_penalty=0 ++generation_stats_file_path='./inputs/dev_umd_long_3/gen_stats/prompt_38.csv' ++watermark_args.use_fine_tuned=False ++watermarked_text_file_path='./inputs/dev_umd_long_3/watermarked_texts.csv' 
Output:
Success
Command succeeded: python watermarked_text_generator.py ++prompt_file='./data/WQE/dev.csv' ++prompt_num=39 ++is_completion=False ++generator_args.temperature=1 ++generator_args.diversity_penalty=0 ++generation_stats_file_path='./inputs/dev_umd_long_3/gen_stats/prompt_39.csv' ++watermark_args.use_fine_tuned=False ++watermarked_text_file_path='./inputs/dev_umd_long_3/watermarked_texts.csv' 
Output:
Success
Command succeeded: python watermarked_text_generator.py ++prompt_file='./data/WQE/dev.csv' ++prompt_num=40 ++is_completion=False ++generator_args.temperature=1 ++generator_args.diversity_penalty=0 ++generation_stats_file_path='./inputs/dev_umd_long_3/gen_stats/prompt_40.csv' ++watermark_args.use_fine_tuned=False ++watermarked_text_file_path='./inputs/dev_umd_long_3/watermarked_texts.csv' 
Output:
Success
2024-07-29 08:02:02,504:INFO:stdout, stderr
2024-07-29 08:02:02,504:INFO:('Success', None)
2024-07-29 08:02:02,504:INFO:Running command: python watermarked_text_generator.py ++prompt_file='./data/WQE/dev.csv' ++prompt_num=42 ++is_completion=False ++generator_args.temperature=1 ++generator_args.diversity_penalty=0 ++generation_stats_file_path='./inputs/dev_umd_long_3/gen_stats/prompt_42.csv' ++watermark_args.use_fine_tuned=False ++watermarked_text_file_path='./inputs/dev_umd_long_3/watermarked_texts.csv' 
2024-07-29 08:02:02,504:INFO:Saving results to ./inputs/dev_umd_long_3/logs/logfile_42.log
2024-07-29 08:07:59,425:INFO:Command executed successfully
2024-07-29 08:07:59,425:INFO:stdout, stderr
2024-07-29 08:07:59,425:INFO:('Success', None)
2024-07-29 08:07:59,425:INFO:Running command: python watermarked_text_generator.py ++prompt_file='./data/WQE/dev.csv' ++prompt_num=43 ++is_completion=False ++generator_args.temperature=1 ++generator_args.diversity_penalty=0 ++generation_stats_file_path='./inputs/dev_umd_long_3/gen_stats/prompt_43.csv' ++watermark_args.use_fine_tuned=False ++watermarked_text_file_path='./inputs/dev_umd_long_3/watermarked_texts.csv' 
2024-07-29 08:07:59,425:INFO:Saving results to ./inputs/dev_umd_long_3/logs/logfile_43.log
2024-07-29 08:13:55,474:INFO:Command executed successfully
2024-07-29 08:13:55,474:INFO:stdout, stderr
2024-07-29 08:13:55,474:INFO:('Success', None)
2024-07-29 08:13:55,474:INFO:Running command: python watermarked_text_generator.py ++prompt_file='./data/WQE/dev.csv' ++prompt_num=44 ++is_completion=False ++generator_args.temperature=1 ++generator_args.diversity_penalty=0 ++generation_stats_file_path='./inputs/dev_umd_long_3/gen_stats/prompt_44.csv' ++watermark_args.use_fine_tuned=False ++watermarked_text_file_path='./inputs/dev_umd_long_3/watermarked_texts.csv' 
2024-07-29 08:13:55,474:INFO:Saving results to ./inputs/dev_umd_long_3/logs/logfile_44.log
2024-07-29 08:19:54,655:INFO:Command executed successfully
2024-07-29 08:19:54,655:INFO:stdout, stderr
2024-07-29 08:19:54,655:INFO:('Success', None)
2024-07-29 08:19:54,655:INFO:Running command: python watermarked_text_generator.py ++prompt_file='./data/WQE/dev.csv' ++prompt_num=45 ++is_completion=False ++generator_args.temperature=1 ++generator_args.diversity_penalty=0 ++generation_stats_file_path='./inputs/dev_umd_long_3/gen_stats/prompt_45.csv' ++watermark_args.use_fine_tuned=False ++watermarked_text_file_path='./inputs/dev_umd_long_3/watermarked_texts.csv' 
2024-07-29 08:19:54,655:INFO:Saving results to ./inputs/dev_umd_long_3/logs/logfile_45.log
2024-07-29 08:25:52,733:INFO:Command executed successfully
2024-07-29 08:25:52,733:INFO:stdout, stderr
2024-07-29 08:25:52,733:INFO:('Success', None)
2024-07-29 08:25:52,733:INFO:Running command: python watermarked_text_generator.py ++prompt_file='./data/WQE/dev.csv' ++prompt_num=46 ++is_completion=False ++generator_args.temperature=1 ++generator_args.diversity_penalty=0 ++generation_stats_file_path='./inputs/dev_umd_long_3/gen_stats/prompt_46.csv' ++watermark_args.use_fine_tuned=False ++watermarked_text_file_path='./inputs/dev_umd_long_3/watermarked_texts.csv' 
2024-07-29 08:25:52,733:INFO:Saving results to ./inputs/dev_umd_long_3/logs/logfile_46.log
2024-07-29 08:31:47,639:INFO:Command executed successfully
2024-07-29 08:31:47,639:INFO:stdout, stderr
2024-07-29 08:31:47,639:INFO:('Success', None)
2024-07-29 08:31:47,639:INFO:Running command: python watermarked_text_generator.py ++prompt_file='./data/WQE/dev.csv' ++prompt_num=47 ++is_completion=False ++generator_args.temperature=1 ++generator_args.diversity_penalty=0 ++generation_stats_file_path='./inputs/dev_umd_long_3/gen_stats/prompt_47.csv' ++watermark_args.use_fine_tuned=False ++watermarked_text_file_path='./inputs/dev_umd_long_3/watermarked_texts.csv' 
2024-07-29 08:31:47,639:INFO:Saving results to ./inputs/dev_umd_long_3/logs/logfile_47.log
2024-07-29 08:37:45,801:INFO:Command executed successfully
2024-07-29 08:37:45,801:INFO:stdout, stderr
2024-07-29 08:37:45,801:INFO:('Success', None)
2024-07-29 08:37:45,801:INFO:Running command: python watermarked_text_generator.py ++prompt_file='./data/WQE/dev.csv' ++prompt_num=48 ++is_completion=False ++generator_args.temperature=1 ++generator_args.diversity_penalty=0 ++generation_stats_file_path='./inputs/dev_umd_long_3/gen_stats/prompt_48.csv' ++watermark_args.use_fine_tuned=False ++watermarked_text_file_path='./inputs/dev_umd_long_3/watermarked_texts.csv' 
2024-07-29 08:37:45,801:INFO:Saving results to ./inputs/dev_umd_long_3/logs/logfile_48.log
2024-07-29 08:43:41,573:INFO:Command executed successfully
2024-07-29 08:43:41,573:INFO:stdout, stderr
2024-07-29 08:43:41,573:INFO:('Success', None)
2024-07-29 08:43:41,573:INFO:Running command: python watermarked_text_generator.py ++prompt_file='./data/WQE/dev.csv' ++prompt_num=49 ++is_completion=False ++generator_args.temperature=1 ++generator_args.diversity_penalty=0 ++generation_stats_file_path='./inputs/dev_umd_long_3/gen_stats/prompt_49.csv' ++watermark_args.use_fine_tuned=False ++watermarked_text_file_path='./inputs/dev_umd_long_3/watermarked_texts.csv' 
2024-07-29 08:43:41,573:INFO:Saving results to ./inputs/dev_umd_long_3/logs/logfile_49.log
2024-07-29 08:49:38,052:INFO:Command executed successfully
2024-07-29 08:49:38,053:INFO:stdout, stderr
2024-07-29 08:49:38,053:INFO:('Success', None)
2024-07-29 08:49:38,053:INFO:Running command: python watermarked_text_generator.py ++prompt_file='./data/WQE/dev.csv' ++prompt_num=50 ++is_completion=False ++generator_args.temperature=1 ++generator_args.diversity_penalty=0 ++generation_stats_file_path='./inputs/dev_umd_long_3/gen_stats/prompt_50.csv' ++watermark_args.use_fine_tuned=False ++watermarked_text_file_path='./inputs/dev_umd_long_3/watermarked_texts.csv' 
2024-07-29 08:49:38,053:INFO:Saving results to ./inputs/dev_umd_long_3/logs/logfile_50.log
2024-07-29 08:55:33,864:INFO:Command executed successfully
2024-07-29 08:55:33,864:INFO:stdout, stderr
2024-07-29 08:55:33,864:INFO:('Success', None)
2024-07-29 08:55:33,864:INFO:Running command: python watermarked_text_generator.py ++prompt_file='./data/WQE/dev.csv' ++prompt_num=51 ++is_completion=False ++generator_args.temperature=1 ++generator_args.diversity_penalty=0 ++generation_stats_file_path='./inputs/dev_umd_long_3/gen_stats/prompt_51.csv' ++watermark_args.use_fine_tuned=False ++watermarked_text_file_path='./inputs/dev_umd_long_3/watermarked_texts.csv' 
2024-07-29 08:55:33,864:INFO:Saving results to ./inputs/dev_umd_long_3/logs/logfile_51.log
2024-07-29 09:01:28,702:INFO:Command executed successfully
2024-07-29 09:01:28,702:INFO:stdout, stderr
2024-07-29 09:01:28,702:INFO:('Success', None)
2024-07-29 09:01:28,703:INFO:Running command: python watermarked_text_generator.py ++prompt_file='./data/WQE/dev.csv' ++prompt_num=52 ++is_completion=False ++generator_args.temperature=1 ++generator_args.diversity_penalty=0 ++generation_stats_file_path='./inputs/dev_umd_long_3/gen_stats/prompt_52.csv' ++watermark_args.use_fine_tuned=False ++watermarked_text_file_path='./inputs/dev_umd_long_3/watermarked_texts.csv' 
2024-07-29 09:01:28,703:INFO:Saving results to ./inputs/dev_umd_long_3/logs/logfile_52.log
2024-07-29 09:07:29,211:INFO:Command executed successfully
2024-07-29 09:07:29,211:INFO:stdout, stderr
2024-07-29 09:07:29,211:INFO:('Success', None)
2024-07-29 09:07:29,211:INFO:Running command: python watermarked_text_generator.py ++prompt_file='./data/WQE/dev.csv' ++prompt_num=53 ++is_completion=False ++generator_args.temperature=1 ++generator_args.diversity_penalty=0 ++generation_stats_file_path='./inputs/dev_umd_long_3/gen_stats/prompt_53.csv' ++watermark_args.use_fine_tuned=False ++watermarked_text_file_path='./inputs/dev_umd_long_3/watermarked_texts.csv' 
2024-07-29 09:07:29,211:INFO:Saving results to ./inputs/dev_umd_long_3/logs/logfile_53.log
2024-07-29 09:13:23,802:INFO:Command executed successfully
2024-07-29 09:13:23,802:INFO:stdout, stderr
2024-07-29 09:13:23,802:INFO:('Success', None)
2024-07-29 09:13:23,802:INFO:Running command: python watermarked_text_generator.py ++prompt_file='./data/WQE/dev.csv' ++prompt_num=54 ++is_completion=False ++generator_args.temperature=1 ++generator_args.diversity_penalty=0 ++generation_stats_file_path='./inputs/dev_umd_long_3/gen_stats/prompt_54.csv' ++watermark_args.use_fine_tuned=False ++watermarked_text_file_path='./inputs/dev_umd_long_3/watermarked_texts.csv' 
2024-07-29 09:13:23,802:INFO:Saving results to ./inputs/dev_umd_long_3/logs/logfile_54.log
2024-07-29 09:24:48,724:INFO:Command executed successfully
2024-07-29 09:24:48,724:INFO:stdout, stderr
2024-07-29 09:24:48,724:INFO:('Success', None)
2024-07-29 09:24:48,724:INFO:Running command: python watermarked_text_generator.py ++prompt_file='./data/WQE/dev.csv' ++prompt_num=55 ++is_completion=False ++generator_args.temperature=1 ++generator_args.diversity_penalty=0 ++generation_stats_file_path='./inputs/dev_umd_long_3/gen_stats/prompt_55.csv' ++watermark_args.use_fine_tuned=False ++watermarked_text_file_path='./inputs/dev_umd_long_3/watermarked_texts.csv' 
2024-07-29 09:24:48,724:INFO:Saving results to ./inputs/dev_umd_long_3/logs/logfile_55.log
2024-07-29 09:30:41,891:INFO:Command executed successfully
2024-07-29 09:30:41,892:INFO:stdout, stderr
2024-07-29 09:30:41,892:INFO:('Success', None)
2024-07-29 09:30:41,892:INFO:Running command: python watermarked_text_generator.py ++prompt_file='./data/WQE/dev.csv' ++prompt_num=56 ++is_completion=False ++generator_args.temperature=1 ++generator_args.diversity_penalty=0 ++generation_stats_file_path='./inputs/dev_umd_long_3/gen_stats/prompt_56.csv' ++watermark_args.use_fine_tuned=False ++watermarked_text_file_path='./inputs/dev_umd_long_3/watermarked_texts.csv' 
2024-07-29 09:30:41,892:INFO:Saving results to ./inputs/dev_umd_long_3/logs/logfile_56.log
2024-07-29 09:36:37,222:INFO:Command executed successfully
2024-07-29 09:36:37,222:INFO:stdout, stderr
2024-07-29 09:36:37,222:INFO:('Success', None)
2024-07-29 09:36:37,222:INFO:Running command: python watermarked_text_generator.py ++prompt_file='./data/WQE/dev.csv' ++prompt_num=57 ++is_completion=False ++generator_args.temperature=1 ++generator_args.diversity_penalty=0 ++generation_stats_file_path='./inputs/dev_umd_long_3/gen_stats/prompt_57.csv' ++watermark_args.use_fine_tuned=False ++watermarked_text_file_path='./inputs/dev_umd_long_3/watermarked_texts.csv' 
2024-07-29 09:36:37,222:INFO:Saving results to ./inputs/dev_umd_long_3/logs/logfile_57.log
2024-07-29 09:42:32,894:INFO:Command executed successfully
2024-07-29 09:42:32,895:INFO:stdout, stderr
2024-07-29 09:42:32,895:INFO:('Success', None)
2024-07-29 09:42:32,895:INFO:Running command: python watermarked_text_generator.py ++prompt_file='./data/WQE/dev.csv' ++prompt_num=58 ++is_completion=False ++generator_args.temperature=1 ++generator_args.diversity_penalty=0 ++generation_stats_file_path='./inputs/dev_umd_long_3/gen_stats/prompt_58.csv' ++watermark_args.use_fine_tuned=False ++watermarked_text_file_path='./inputs/dev_umd_long_3/watermarked_texts.csv' 
2024-07-29 09:42:32,895:INFO:Saving results to ./inputs/dev_umd_long_3/logs/logfile_58.log
2024-07-29 09:48:28,697:INFO:Command executed successfully
2024-07-29 09:48:28,697:INFO:stdout, stderr
2024-07-29 09:48:28,697:INFO:('Success', None)
2024-07-29 09:48:28,697:INFO:Running command: python watermarked_text_generator.py ++prompt_file='./data/WQE/dev.csv' ++prompt_num=59 ++is_completion=False ++generator_args.temperature=1 ++generator_args.diversity_penalty=0 ++generation_stats_file_path='./inputs/dev_umd_long_3/gen_stats/prompt_59.csv' ++watermark_args.use_fine_tuned=False ++watermarked_text_file_path='./inputs/dev_umd_long_3/watermarked_texts.csv' 
2024-07-29 09:48:28,697:INFO:Saving results to ./inputs/dev_umd_long_3/logs/logfile_59.log
2024-07-29 09:54:24,064:INFO:Command executed successfully
2024-07-29 09:54:24,064:INFO:stdout, stderr
2024-07-29 09:54:24,064:INFO:('Success', None)
2024-07-29 09:54:24,064:INFO:Running command: python watermarked_text_generator.py ++prompt_file='./data/WQE/dev.csv' ++prompt_num=60 ++is_completion=False ++generator_args.temperature=1 ++generator_args.diversity_penalty=0 ++generation_stats_file_path='./inputs/dev_umd_long_3/gen_stats/prompt_60.csv' ++watermark_args.use_fine_tuned=False ++watermarked_text_file_path='./inputs/dev_umd_long_3/watermarked_texts.csv' 
2024-07-29 09:54:24,064:INFO:Saving results to ./inputs/dev_umd_long_3/logs/logfile_60.log
2024-07-29 10:00:21,505:INFO:Command executed successfully
2024-07-29 10:00:21,505:INFO:stdout, stderr
2024-07-29 10:00:21,505:INFO:('Success', None)
2024-07-29 10:00:21,505:INFO:Running command: python watermarked_text_generator.py ++prompt_file='./data/WQE/dev.csv' ++prompt_num=61 ++is_completion=False ++generator_args.temperature=1 ++generator_args.diversity_penalty=0 ++generation_stats_file_path='./inputs/dev_umd_long_3/gen_stats/prompt_61.csv' ++watermark_args.use_fine_tuned=False ++watermarked_text_file_path='./inputs/dev_umd_long_3/watermarked_texts.csv' 
2024-07-29 10:00:21,505:INFO:Saving results to ./inputs/dev_umd_long_3/logs/logfile_61.log
2024-07-29 10:06:15,998:INFO:Command executed successfully
Command succeeded: python watermarked_text_generator.py ++prompt_file='./data/WQE/dev.csv' ++prompt_num=41 ++is_completion=False ++generator_args.temperature=1 ++generator_args.diversity_penalty=0 ++generation_stats_file_path='./inputs/dev_umd_long_3/gen_stats/prompt_41.csv' ++watermark_args.use_fine_tuned=False ++watermarked_text_file_path='./inputs/dev_umd_long_3/watermarked_texts.csv' 
Output:
Success
Command succeeded: python watermarked_text_generator.py ++prompt_file='./data/WQE/dev.csv' ++prompt_num=42 ++is_completion=False ++generator_args.temperature=1 ++generator_args.diversity_penalty=0 ++generation_stats_file_path='./inputs/dev_umd_long_3/gen_stats/prompt_42.csv' ++watermark_args.use_fine_tuned=False ++watermarked_text_file_path='./inputs/dev_umd_long_3/watermarked_texts.csv' 
Output:
Success
Command succeeded: python watermarked_text_generator.py ++prompt_file='./data/WQE/dev.csv' ++prompt_num=43 ++is_completion=False ++generator_args.temperature=1 ++generator_args.diversity_penalty=0 ++generation_stats_file_path='./inputs/dev_umd_long_3/gen_stats/prompt_43.csv' ++watermark_args.use_fine_tuned=False ++watermarked_text_file_path='./inputs/dev_umd_long_3/watermarked_texts.csv' 
Output:
Success
Command succeeded: python watermarked_text_generator.py ++prompt_file='./data/WQE/dev.csv' ++prompt_num=44 ++is_completion=False ++generator_args.temperature=1 ++generator_args.diversity_penalty=0 ++generation_stats_file_path='./inputs/dev_umd_long_3/gen_stats/prompt_44.csv' ++watermark_args.use_fine_tuned=False ++watermarked_text_file_path='./inputs/dev_umd_long_3/watermarked_texts.csv' 
Output:
Success
Command succeeded: python watermarked_text_generator.py ++prompt_file='./data/WQE/dev.csv' ++prompt_num=45 ++is_completion=False ++generator_args.temperature=1 ++generator_args.diversity_penalty=0 ++generation_stats_file_path='./inputs/dev_umd_long_3/gen_stats/prompt_45.csv' ++watermark_args.use_fine_tuned=False ++watermarked_text_file_path='./inputs/dev_umd_long_3/watermarked_texts.csv' 
Output:
Success
Command succeeded: python watermarked_text_generator.py ++prompt_file='./data/WQE/dev.csv' ++prompt_num=46 ++is_completion=False ++generator_args.temperature=1 ++generator_args.diversity_penalty=0 ++generation_stats_file_path='./inputs/dev_umd_long_3/gen_stats/prompt_46.csv' ++watermark_args.use_fine_tuned=False ++watermarked_text_file_path='./inputs/dev_umd_long_3/watermarked_texts.csv' 
Output:
Success
Command succeeded: python watermarked_text_generator.py ++prompt_file='./data/WQE/dev.csv' ++prompt_num=47 ++is_completion=False ++generator_args.temperature=1 ++generator_args.diversity_penalty=0 ++generation_stats_file_path='./inputs/dev_umd_long_3/gen_stats/prompt_47.csv' ++watermark_args.use_fine_tuned=False ++watermarked_text_file_path='./inputs/dev_umd_long_3/watermarked_texts.csv' 
Output:
Success
Command succeeded: python watermarked_text_generator.py ++prompt_file='./data/WQE/dev.csv' ++prompt_num=48 ++is_completion=False ++generator_args.temperature=1 ++generator_args.diversity_penalty=0 ++generation_stats_file_path='./inputs/dev_umd_long_3/gen_stats/prompt_48.csv' ++watermark_args.use_fine_tuned=False ++watermarked_text_file_path='./inputs/dev_umd_long_3/watermarked_texts.csv' 
Output:
Success
Command succeeded: python watermarked_text_generator.py ++prompt_file='./data/WQE/dev.csv' ++prompt_num=49 ++is_completion=False ++generator_args.temperature=1 ++generator_args.diversity_penalty=0 ++generation_stats_file_path='./inputs/dev_umd_long_3/gen_stats/prompt_49.csv' ++watermark_args.use_fine_tuned=False ++watermarked_text_file_path='./inputs/dev_umd_long_3/watermarked_texts.csv' 
Output:
Success
Command succeeded: python watermarked_text_generator.py ++prompt_file='./data/WQE/dev.csv' ++prompt_num=50 ++is_completion=False ++generator_args.temperature=1 ++generator_args.diversity_penalty=0 ++generation_stats_file_path='./inputs/dev_umd_long_3/gen_stats/prompt_50.csv' ++watermark_args.use_fine_tuned=False ++watermarked_text_file_path='./inputs/dev_umd_long_3/watermarked_texts.csv' 
Output:
Success
Command succeeded: python watermarked_text_generator.py ++prompt_file='./data/WQE/dev.csv' ++prompt_num=51 ++is_completion=False ++generator_args.temperature=1 ++generator_args.diversity_penalty=0 ++generation_stats_file_path='./inputs/dev_umd_long_3/gen_stats/prompt_51.csv' ++watermark_args.use_fine_tuned=False ++watermarked_text_file_path='./inputs/dev_umd_long_3/watermarked_texts.csv' 
Output:
Success
Command succeeded: python watermarked_text_generator.py ++prompt_file='./data/WQE/dev.csv' ++prompt_num=52 ++is_completion=False ++generator_args.temperature=1 ++generator_args.diversity_penalty=0 ++generation_stats_file_path='./inputs/dev_umd_long_3/gen_stats/prompt_52.csv' ++watermark_args.use_fine_tuned=False ++watermarked_text_file_path='./inputs/dev_umd_long_3/watermarked_texts.csv' 
Output:
Success
Command succeeded: python watermarked_text_generator.py ++prompt_file='./data/WQE/dev.csv' ++prompt_num=53 ++is_completion=False ++generator_args.temperature=1 ++generator_args.diversity_penalty=0 ++generation_stats_file_path='./inputs/dev_umd_long_3/gen_stats/prompt_53.csv' ++watermark_args.use_fine_tuned=False ++watermarked_text_file_path='./inputs/dev_umd_long_3/watermarked_texts.csv' 
Output:
Success
Command succeeded: python watermarked_text_generator.py ++prompt_file='./data/WQE/dev.csv' ++prompt_num=54 ++is_completion=False ++generator_args.temperature=1 ++generator_args.diversity_penalty=0 ++generation_stats_file_path='./inputs/dev_umd_long_3/gen_stats/prompt_54.csv' ++watermark_args.use_fine_tuned=False ++watermarked_text_file_path='./inputs/dev_umd_long_3/watermarked_texts.csv' 
Output:
Success
Command succeeded: python watermarked_text_generator.py ++prompt_file='./data/WQE/dev.csv' ++prompt_num=55 ++is_completion=False ++generator_args.temperature=1 ++generator_args.diversity_penalty=0 ++generation_stats_file_path='./inputs/dev_umd_long_3/gen_stats/prompt_55.csv' ++watermark_args.use_fine_tuned=False ++watermarked_text_file_path='./inputs/dev_umd_long_3/watermarked_texts.csv' 
Output:
Success
Command succeeded: python watermarked_text_generator.py ++prompt_file='./data/WQE/dev.csv' ++prompt_num=56 ++is_completion=False ++generator_args.temperature=1 ++generator_args.diversity_penalty=0 ++generation_stats_file_path='./inputs/dev_umd_long_3/gen_stats/prompt_56.csv' ++watermark_args.use_fine_tuned=False ++watermarked_text_file_path='./inputs/dev_umd_long_3/watermarked_texts.csv' 
Output:
Success
Command succeeded: python watermarked_text_generator.py ++prompt_file='./data/WQE/dev.csv' ++prompt_num=57 ++is_completion=False ++generator_args.temperature=1 ++generator_args.diversity_penalty=0 ++generation_stats_file_path='./inputs/dev_umd_long_3/gen_stats/prompt_57.csv' ++watermark_args.use_fine_tuned=False ++watermarked_text_file_path='./inputs/dev_umd_long_3/watermarked_texts.csv' 
Output:
Success
Command succeeded: python watermarked_text_generator.py ++prompt_file='./data/WQE/dev.csv' ++prompt_num=58 ++is_completion=False ++generator_args.temperature=1 ++generator_args.diversity_penalty=0 ++generation_stats_file_path='./inputs/dev_umd_long_3/gen_stats/prompt_58.csv' ++watermark_args.use_fine_tuned=False ++watermarked_text_file_path='./inputs/dev_umd_long_3/watermarked_texts.csv' 
Output:
Success
Command succeeded: python watermarked_text_generator.py ++prompt_file='./data/WQE/dev.csv' ++prompt_num=59 ++is_completion=False ++generator_args.temperature=1 ++generator_args.diversity_penalty=0 ++generation_stats_file_path='./inputs/dev_umd_long_3/gen_stats/prompt_59.csv' ++watermark_args.use_fine_tuned=False ++watermarked_text_file_path='./inputs/dev_umd_long_3/watermarked_texts.csv' 
Output:
Success
Command succeeded: python watermarked_text_generator.py ++prompt_file='./data/WQE/dev.csv' ++prompt_num=60 ++is_completion=False ++generator_args.temperature=1 ++generator_args.diversity_penalty=0 ++generation_stats_file_path='./inputs/dev_umd_long_3/gen_stats/prompt_60.csv' ++watermark_args.use_fine_tuned=False ++watermarked_text_file_path='./inputs/dev_umd_long_3/watermarked_texts.csv' 
Output:
Success
2024-07-29 10:06:15,998:INFO:stdout, stderr
2024-07-29 10:06:15,998:INFO:('Success', None)
2024-07-29 10:06:15,998:INFO:Running command: python watermarked_text_generator.py ++prompt_file='./data/WQE/dev.csv' ++prompt_num=62 ++is_completion=False ++generator_args.temperature=1 ++generator_args.diversity_penalty=0 ++generation_stats_file_path='./inputs/dev_umd_long_3/gen_stats/prompt_62.csv' ++watermark_args.use_fine_tuned=False ++watermarked_text_file_path='./inputs/dev_umd_long_3/watermarked_texts.csv' 
2024-07-29 10:06:15,998:INFO:Saving results to ./inputs/dev_umd_long_3/logs/logfile_62.log
2024-07-29 10:12:12,690:INFO:Command executed successfully
2024-07-29 10:12:12,690:INFO:stdout, stderr
2024-07-29 10:12:12,690:INFO:('Success', None)
2024-07-29 10:12:12,690:INFO:Running command: python watermarked_text_generator.py ++prompt_file='./data/WQE/dev.csv' ++prompt_num=63 ++is_completion=False ++generator_args.temperature=1 ++generator_args.diversity_penalty=0 ++generation_stats_file_path='./inputs/dev_umd_long_3/gen_stats/prompt_63.csv' ++watermark_args.use_fine_tuned=False ++watermarked_text_file_path='./inputs/dev_umd_long_3/watermarked_texts.csv' 
2024-07-29 10:12:12,690:INFO:Saving results to ./inputs/dev_umd_long_3/logs/logfile_63.log
2024-07-29 10:18:07,573:INFO:Command executed successfully
2024-07-29 10:18:07,573:INFO:stdout, stderr
2024-07-29 10:18:07,573:INFO:('Success', None)
2024-07-29 10:18:07,573:INFO:Running command: python watermarked_text_generator.py ++prompt_file='./data/WQE/dev.csv' ++prompt_num=64 ++is_completion=False ++generator_args.temperature=1 ++generator_args.diversity_penalty=0 ++generation_stats_file_path='./inputs/dev_umd_long_3/gen_stats/prompt_64.csv' ++watermark_args.use_fine_tuned=False ++watermarked_text_file_path='./inputs/dev_umd_long_3/watermarked_texts.csv' 
2024-07-29 10:18:07,573:INFO:Saving results to ./inputs/dev_umd_long_3/logs/logfile_64.log
2024-07-29 10:24:02,718:INFO:Command executed successfully
2024-07-29 10:24:02,718:INFO:stdout, stderr
2024-07-29 10:24:02,718:INFO:('Success', None)
2024-07-29 10:24:02,719:INFO:Running command: python watermarked_text_generator.py ++prompt_file='./data/WQE/dev.csv' ++prompt_num=65 ++is_completion=False ++generator_args.temperature=1 ++generator_args.diversity_penalty=0 ++generation_stats_file_path='./inputs/dev_umd_long_3/gen_stats/prompt_65.csv' ++watermark_args.use_fine_tuned=False ++watermarked_text_file_path='./inputs/dev_umd_long_3/watermarked_texts.csv' 
2024-07-29 10:24:02,719:INFO:Saving results to ./inputs/dev_umd_long_3/logs/logfile_65.log
2024-07-29 10:29:57,868:INFO:Command executed successfully
2024-07-29 10:29:57,868:INFO:stdout, stderr
2024-07-29 10:29:57,869:INFO:('Success', None)
2024-07-29 10:29:57,869:INFO:Running command: python watermarked_text_generator.py ++prompt_file='./data/WQE/dev.csv' ++prompt_num=66 ++is_completion=False ++generator_args.temperature=1 ++generator_args.diversity_penalty=0 ++generation_stats_file_path='./inputs/dev_umd_long_3/gen_stats/prompt_66.csv' ++watermark_args.use_fine_tuned=False ++watermarked_text_file_path='./inputs/dev_umd_long_3/watermarked_texts.csv' 
2024-07-29 10:29:57,869:INFO:Saving results to ./inputs/dev_umd_long_3/logs/logfile_66.log
2024-07-29 10:35:53,597:INFO:Command executed successfully
2024-07-29 10:35:53,597:INFO:stdout, stderr
2024-07-29 10:35:53,597:INFO:('Success', None)
2024-07-29 10:35:53,597:INFO:Running command: python watermarked_text_generator.py ++prompt_file='./data/WQE/dev.csv' ++prompt_num=67 ++is_completion=False ++generator_args.temperature=1 ++generator_args.diversity_penalty=0 ++generation_stats_file_path='./inputs/dev_umd_long_3/gen_stats/prompt_67.csv' ++watermark_args.use_fine_tuned=False ++watermarked_text_file_path='./inputs/dev_umd_long_3/watermarked_texts.csv' 
2024-07-29 10:35:53,597:INFO:Saving results to ./inputs/dev_umd_long_3/logs/logfile_67.log
2024-07-29 10:41:55,730:INFO:Command executed successfully
2024-07-29 10:41:55,730:INFO:stdout, stderr
2024-07-29 10:41:55,730:INFO:('Success', None)
2024-07-29 10:41:55,730:INFO:Running command: python watermarked_text_generator.py ++prompt_file='./data/WQE/dev.csv' ++prompt_num=68 ++is_completion=False ++generator_args.temperature=1 ++generator_args.diversity_penalty=0 ++generation_stats_file_path='./inputs/dev_umd_long_3/gen_stats/prompt_68.csv' ++watermark_args.use_fine_tuned=False ++watermarked_text_file_path='./inputs/dev_umd_long_3/watermarked_texts.csv' 
2024-07-29 10:41:55,730:INFO:Saving results to ./inputs/dev_umd_long_3/logs/logfile_68.log
2024-07-29 10:47:54,879:INFO:Command executed successfully
2024-07-29 10:47:54,879:INFO:stdout, stderr
2024-07-29 10:47:54,879:INFO:('Success', None)
2024-07-29 10:47:54,879:INFO:Running command: python watermarked_text_generator.py ++prompt_file='./data/WQE/dev.csv' ++prompt_num=69 ++is_completion=False ++generator_args.temperature=1 ++generator_args.diversity_penalty=0 ++generation_stats_file_path='./inputs/dev_umd_long_3/gen_stats/prompt_69.csv' ++watermark_args.use_fine_tuned=False ++watermarked_text_file_path='./inputs/dev_umd_long_3/watermarked_texts.csv' 
2024-07-29 10:47:54,879:INFO:Saving results to ./inputs/dev_umd_long_3/logs/logfile_69.log
2024-07-29 10:59:18,105:INFO:Command executed successfully
2024-07-29 10:59:18,105:INFO:stdout, stderr
2024-07-29 10:59:18,105:INFO:('Success', None)
2024-07-29 10:59:18,105:INFO:Running command: python watermarked_text_generator.py ++prompt_file='./data/WQE/dev.csv' ++prompt_num=70 ++is_completion=False ++generator_args.temperature=1 ++generator_args.diversity_penalty=0 ++generation_stats_file_path='./inputs/dev_umd_long_3/gen_stats/prompt_70.csv' ++watermark_args.use_fine_tuned=False ++watermarked_text_file_path='./inputs/dev_umd_long_3/watermarked_texts.csv' 
2024-07-29 10:59:18,105:INFO:Saving results to ./inputs/dev_umd_long_3/logs/logfile_70.log
2024-07-29 11:05:10,893:INFO:Command executed successfully
2024-07-29 11:05:10,893:INFO:stdout, stderr
2024-07-29 11:05:10,893:INFO:('Success', None)
2024-07-29 11:05:10,893:INFO:Running command: python watermarked_text_generator.py ++prompt_file='./data/WQE/dev.csv' ++prompt_num=71 ++is_completion=False ++generator_args.temperature=1 ++generator_args.diversity_penalty=0 ++generation_stats_file_path='./inputs/dev_umd_long_3/gen_stats/prompt_71.csv' ++watermark_args.use_fine_tuned=False ++watermarked_text_file_path='./inputs/dev_umd_long_3/watermarked_texts.csv' 
2024-07-29 11:05:10,893:INFO:Saving results to ./inputs/dev_umd_long_3/logs/logfile_71.log
2024-07-29 11:11:09,574:INFO:Command executed successfully
2024-07-29 11:11:09,574:INFO:stdout, stderr
2024-07-29 11:11:09,574:INFO:('Success', None)
2024-07-29 11:11:09,574:INFO:Running command: python watermarked_text_generator.py ++prompt_file='./data/WQE/dev.csv' ++prompt_num=72 ++is_completion=False ++generator_args.temperature=1 ++generator_args.diversity_penalty=0 ++generation_stats_file_path='./inputs/dev_umd_long_3/gen_stats/prompt_72.csv' ++watermark_args.use_fine_tuned=False ++watermarked_text_file_path='./inputs/dev_umd_long_3/watermarked_texts.csv' 
2024-07-29 11:11:09,574:INFO:Saving results to ./inputs/dev_umd_long_3/logs/logfile_72.log
2024-07-29 11:17:06,624:INFO:Command executed successfully
2024-07-29 11:17:06,624:INFO:stdout, stderr
2024-07-29 11:17:06,624:INFO:('Success', None)
2024-07-29 11:17:06,624:INFO:Running command: python watermarked_text_generator.py ++prompt_file='./data/WQE/dev.csv' ++prompt_num=73 ++is_completion=False ++generator_args.temperature=1 ++generator_args.diversity_penalty=0 ++generation_stats_file_path='./inputs/dev_umd_long_3/gen_stats/prompt_73.csv' ++watermark_args.use_fine_tuned=False ++watermarked_text_file_path='./inputs/dev_umd_long_3/watermarked_texts.csv' 
2024-07-29 11:17:06,624:INFO:Saving results to ./inputs/dev_umd_long_3/logs/logfile_73.log
2024-07-29 11:23:06,996:INFO:Command executed successfully
2024-07-29 11:23:06,996:INFO:stdout, stderr
2024-07-29 11:23:06,996:INFO:('Success', None)
2024-07-29 11:23:06,996:INFO:Running command: python watermarked_text_generator.py ++prompt_file='./data/WQE/dev.csv' ++prompt_num=74 ++is_completion=False ++generator_args.temperature=1 ++generator_args.diversity_penalty=0 ++generation_stats_file_path='./inputs/dev_umd_long_3/gen_stats/prompt_74.csv' ++watermark_args.use_fine_tuned=False ++watermarked_text_file_path='./inputs/dev_umd_long_3/watermarked_texts.csv' 
2024-07-29 11:23:06,996:INFO:Saving results to ./inputs/dev_umd_long_3/logs/logfile_74.log
2024-07-29 11:29:02,424:INFO:Command executed successfully
2024-07-29 11:29:02,425:INFO:stdout, stderr
2024-07-29 11:29:02,425:INFO:('Success', None)
2024-07-29 11:29:02,425:INFO:Running command: python watermarked_text_generator.py ++prompt_file='./data/WQE/dev.csv' ++prompt_num=75 ++is_completion=False ++generator_args.temperature=1 ++generator_args.diversity_penalty=0 ++generation_stats_file_path='./inputs/dev_umd_long_3/gen_stats/prompt_75.csv' ++watermark_args.use_fine_tuned=False ++watermarked_text_file_path='./inputs/dev_umd_long_3/watermarked_texts.csv' 
2024-07-29 11:29:02,425:INFO:Saving results to ./inputs/dev_umd_long_3/logs/logfile_75.log
2024-07-29 11:34:58,902:INFO:Command executed successfully
2024-07-29 11:34:58,902:INFO:stdout, stderr
2024-07-29 11:34:58,903:INFO:('Success', None)
2024-07-29 11:34:58,903:INFO:Running command: python watermarked_text_generator.py ++prompt_file='./data/WQE/dev.csv' ++prompt_num=76 ++is_completion=False ++generator_args.temperature=1 ++generator_args.diversity_penalty=0 ++generation_stats_file_path='./inputs/dev_umd_long_3/gen_stats/prompt_76.csv' ++watermark_args.use_fine_tuned=False ++watermarked_text_file_path='./inputs/dev_umd_long_3/watermarked_texts.csv' 
2024-07-29 11:34:58,903:INFO:Saving results to ./inputs/dev_umd_long_3/logs/logfile_76.log
2024-07-29 11:40:55,442:INFO:Command executed successfully
2024-07-29 11:40:55,442:INFO:stdout, stderr
2024-07-29 11:40:55,442:INFO:('Success', None)
2024-07-29 11:40:55,442:INFO:Running command: python watermarked_text_generator.py ++prompt_file='./data/WQE/dev.csv' ++prompt_num=77 ++is_completion=False ++generator_args.temperature=1 ++generator_args.diversity_penalty=0 ++generation_stats_file_path='./inputs/dev_umd_long_3/gen_stats/prompt_77.csv' ++watermark_args.use_fine_tuned=False ++watermarked_text_file_path='./inputs/dev_umd_long_3/watermarked_texts.csv' 
2024-07-29 11:40:55,442:INFO:Saving results to ./inputs/dev_umd_long_3/logs/logfile_77.log
2024-07-29 11:46:48,466:INFO:Command executed successfully
2024-07-29 11:46:48,466:INFO:stdout, stderr
2024-07-29 11:46:48,466:INFO:('Success', None)
2024-07-29 11:46:48,467:INFO:Running command: python watermarked_text_generator.py ++prompt_file='./data/WQE/dev.csv' ++prompt_num=78 ++is_completion=False ++generator_args.temperature=1 ++generator_args.diversity_penalty=0 ++generation_stats_file_path='./inputs/dev_umd_long_3/gen_stats/prompt_78.csv' ++watermark_args.use_fine_tuned=False ++watermarked_text_file_path='./inputs/dev_umd_long_3/watermarked_texts.csv' 
2024-07-29 11:46:48,467:INFO:Saving results to ./inputs/dev_umd_long_3/logs/logfile_78.log
2024-07-29 11:52:45,560:INFO:Command executed successfully
2024-07-29 11:52:45,560:INFO:stdout, stderr
2024-07-29 11:52:45,560:INFO:('Success', None)
2024-07-29 11:52:45,560:INFO:Running command: python watermarked_text_generator.py ++prompt_file='./data/WQE/dev.csv' ++prompt_num=79 ++is_completion=False ++generator_args.temperature=1 ++generator_args.diversity_penalty=0 ++generation_stats_file_path='./inputs/dev_umd_long_3/gen_stats/prompt_79.csv' ++watermark_args.use_fine_tuned=False ++watermarked_text_file_path='./inputs/dev_umd_long_3/watermarked_texts.csv' 
2024-07-29 11:52:45,560:INFO:Saving results to ./inputs/dev_umd_long_3/logs/logfile_79.log
2024-07-29 11:58:42,317:INFO:Command executed successfully
2024-07-29 11:58:42,317:INFO:stdout, stderr
2024-07-29 11:58:42,317:INFO:('Success', None)
2024-07-29 11:58:42,317:INFO:Running command: python watermarked_text_generator.py ++prompt_file='./data/WQE/dev.csv' ++prompt_num=80 ++is_completion=False ++generator_args.temperature=1 ++generator_args.diversity_penalty=0 ++generation_stats_file_path='./inputs/dev_umd_long_3/gen_stats/prompt_80.csv' ++watermark_args.use_fine_tuned=False ++watermarked_text_file_path='./inputs/dev_umd_long_3/watermarked_texts.csv' 
2024-07-29 11:58:42,317:INFO:Saving results to ./inputs/dev_umd_long_3/logs/logfile_80.log
2024-07-29 12:04:42,335:INFO:Command executed successfully
2024-07-29 12:04:42,336:INFO:stdout, stderr
2024-07-29 12:04:42,336:INFO:('Success', None)
2024-07-29 12:04:42,336:INFO:Running command: python watermarked_text_generator.py ++prompt_file='./data/WQE/dev.csv' ++prompt_num=81 ++is_completion=False ++generator_args.temperature=1 ++generator_args.diversity_penalty=0 ++generation_stats_file_path='./inputs/dev_umd_long_3/gen_stats/prompt_81.csv' ++watermark_args.use_fine_tuned=False ++watermarked_text_file_path='./inputs/dev_umd_long_3/watermarked_texts.csv' 
2024-07-29 12:04:42,336:INFO:Saving results to ./inputs/dev_umd_long_3/logs/logfile_81.log
2024-07-29 12:10:44,797:INFO:Command executed successfully
Command succeeded: python watermarked_text_generator.py ++prompt_file='./data/WQE/dev.csv' ++prompt_num=61 ++is_completion=False ++generator_args.temperature=1 ++generator_args.diversity_penalty=0 ++generation_stats_file_path='./inputs/dev_umd_long_3/gen_stats/prompt_61.csv' ++watermark_args.use_fine_tuned=False ++watermarked_text_file_path='./inputs/dev_umd_long_3/watermarked_texts.csv' 
Output:
Success
Command succeeded: python watermarked_text_generator.py ++prompt_file='./data/WQE/dev.csv' ++prompt_num=62 ++is_completion=False ++generator_args.temperature=1 ++generator_args.diversity_penalty=0 ++generation_stats_file_path='./inputs/dev_umd_long_3/gen_stats/prompt_62.csv' ++watermark_args.use_fine_tuned=False ++watermarked_text_file_path='./inputs/dev_umd_long_3/watermarked_texts.csv' 
Output:
Success
Command succeeded: python watermarked_text_generator.py ++prompt_file='./data/WQE/dev.csv' ++prompt_num=63 ++is_completion=False ++generator_args.temperature=1 ++generator_args.diversity_penalty=0 ++generation_stats_file_path='./inputs/dev_umd_long_3/gen_stats/prompt_63.csv' ++watermark_args.use_fine_tuned=False ++watermarked_text_file_path='./inputs/dev_umd_long_3/watermarked_texts.csv' 
Output:
Success
Command succeeded: python watermarked_text_generator.py ++prompt_file='./data/WQE/dev.csv' ++prompt_num=64 ++is_completion=False ++generator_args.temperature=1 ++generator_args.diversity_penalty=0 ++generation_stats_file_path='./inputs/dev_umd_long_3/gen_stats/prompt_64.csv' ++watermark_args.use_fine_tuned=False ++watermarked_text_file_path='./inputs/dev_umd_long_3/watermarked_texts.csv' 
Output:
Success
Command succeeded: python watermarked_text_generator.py ++prompt_file='./data/WQE/dev.csv' ++prompt_num=65 ++is_completion=False ++generator_args.temperature=1 ++generator_args.diversity_penalty=0 ++generation_stats_file_path='./inputs/dev_umd_long_3/gen_stats/prompt_65.csv' ++watermark_args.use_fine_tuned=False ++watermarked_text_file_path='./inputs/dev_umd_long_3/watermarked_texts.csv' 
Output:
Success
Command succeeded: python watermarked_text_generator.py ++prompt_file='./data/WQE/dev.csv' ++prompt_num=66 ++is_completion=False ++generator_args.temperature=1 ++generator_args.diversity_penalty=0 ++generation_stats_file_path='./inputs/dev_umd_long_3/gen_stats/prompt_66.csv' ++watermark_args.use_fine_tuned=False ++watermarked_text_file_path='./inputs/dev_umd_long_3/watermarked_texts.csv' 
Output:
Success
Command succeeded: python watermarked_text_generator.py ++prompt_file='./data/WQE/dev.csv' ++prompt_num=67 ++is_completion=False ++generator_args.temperature=1 ++generator_args.diversity_penalty=0 ++generation_stats_file_path='./inputs/dev_umd_long_3/gen_stats/prompt_67.csv' ++watermark_args.use_fine_tuned=False ++watermarked_text_file_path='./inputs/dev_umd_long_3/watermarked_texts.csv' 
Output:
Success
Command succeeded: python watermarked_text_generator.py ++prompt_file='./data/WQE/dev.csv' ++prompt_num=68 ++is_completion=False ++generator_args.temperature=1 ++generator_args.diversity_penalty=0 ++generation_stats_file_path='./inputs/dev_umd_long_3/gen_stats/prompt_68.csv' ++watermark_args.use_fine_tuned=False ++watermarked_text_file_path='./inputs/dev_umd_long_3/watermarked_texts.csv' 
Output:
Success
Command succeeded: python watermarked_text_generator.py ++prompt_file='./data/WQE/dev.csv' ++prompt_num=69 ++is_completion=False ++generator_args.temperature=1 ++generator_args.diversity_penalty=0 ++generation_stats_file_path='./inputs/dev_umd_long_3/gen_stats/prompt_69.csv' ++watermark_args.use_fine_tuned=False ++watermarked_text_file_path='./inputs/dev_umd_long_3/watermarked_texts.csv' 
Output:
Success
Command succeeded: python watermarked_text_generator.py ++prompt_file='./data/WQE/dev.csv' ++prompt_num=70 ++is_completion=False ++generator_args.temperature=1 ++generator_args.diversity_penalty=0 ++generation_stats_file_path='./inputs/dev_umd_long_3/gen_stats/prompt_70.csv' ++watermark_args.use_fine_tuned=False ++watermarked_text_file_path='./inputs/dev_umd_long_3/watermarked_texts.csv' 
Output:
Success
Command succeeded: python watermarked_text_generator.py ++prompt_file='./data/WQE/dev.csv' ++prompt_num=71 ++is_completion=False ++generator_args.temperature=1 ++generator_args.diversity_penalty=0 ++generation_stats_file_path='./inputs/dev_umd_long_3/gen_stats/prompt_71.csv' ++watermark_args.use_fine_tuned=False ++watermarked_text_file_path='./inputs/dev_umd_long_3/watermarked_texts.csv' 
Output:
Success
Command succeeded: python watermarked_text_generator.py ++prompt_file='./data/WQE/dev.csv' ++prompt_num=72 ++is_completion=False ++generator_args.temperature=1 ++generator_args.diversity_penalty=0 ++generation_stats_file_path='./inputs/dev_umd_long_3/gen_stats/prompt_72.csv' ++watermark_args.use_fine_tuned=False ++watermarked_text_file_path='./inputs/dev_umd_long_3/watermarked_texts.csv' 
Output:
Success
Command succeeded: python watermarked_text_generator.py ++prompt_file='./data/WQE/dev.csv' ++prompt_num=73 ++is_completion=False ++generator_args.temperature=1 ++generator_args.diversity_penalty=0 ++generation_stats_file_path='./inputs/dev_umd_long_3/gen_stats/prompt_73.csv' ++watermark_args.use_fine_tuned=False ++watermarked_text_file_path='./inputs/dev_umd_long_3/watermarked_texts.csv' 
Output:
Success
Command succeeded: python watermarked_text_generator.py ++prompt_file='./data/WQE/dev.csv' ++prompt_num=74 ++is_completion=False ++generator_args.temperature=1 ++generator_args.diversity_penalty=0 ++generation_stats_file_path='./inputs/dev_umd_long_3/gen_stats/prompt_74.csv' ++watermark_args.use_fine_tuned=False ++watermarked_text_file_path='./inputs/dev_umd_long_3/watermarked_texts.csv' 
Output:
Success
Command succeeded: python watermarked_text_generator.py ++prompt_file='./data/WQE/dev.csv' ++prompt_num=75 ++is_completion=False ++generator_args.temperature=1 ++generator_args.diversity_penalty=0 ++generation_stats_file_path='./inputs/dev_umd_long_3/gen_stats/prompt_75.csv' ++watermark_args.use_fine_tuned=False ++watermarked_text_file_path='./inputs/dev_umd_long_3/watermarked_texts.csv' 
Output:
Success
Command succeeded: python watermarked_text_generator.py ++prompt_file='./data/WQE/dev.csv' ++prompt_num=76 ++is_completion=False ++generator_args.temperature=1 ++generator_args.diversity_penalty=0 ++generation_stats_file_path='./inputs/dev_umd_long_3/gen_stats/prompt_76.csv' ++watermark_args.use_fine_tuned=False ++watermarked_text_file_path='./inputs/dev_umd_long_3/watermarked_texts.csv' 
Output:
Success
Command succeeded: python watermarked_text_generator.py ++prompt_file='./data/WQE/dev.csv' ++prompt_num=77 ++is_completion=False ++generator_args.temperature=1 ++generator_args.diversity_penalty=0 ++generation_stats_file_path='./inputs/dev_umd_long_3/gen_stats/prompt_77.csv' ++watermark_args.use_fine_tuned=False ++watermarked_text_file_path='./inputs/dev_umd_long_3/watermarked_texts.csv' 
Output:
Success
Command succeeded: python watermarked_text_generator.py ++prompt_file='./data/WQE/dev.csv' ++prompt_num=78 ++is_completion=False ++generator_args.temperature=1 ++generator_args.diversity_penalty=0 ++generation_stats_file_path='./inputs/dev_umd_long_3/gen_stats/prompt_78.csv' ++watermark_args.use_fine_tuned=False ++watermarked_text_file_path='./inputs/dev_umd_long_3/watermarked_texts.csv' 
Output:
Success
Command succeeded: python watermarked_text_generator.py ++prompt_file='./data/WQE/dev.csv' ++prompt_num=79 ++is_completion=False ++generator_args.temperature=1 ++generator_args.diversity_penalty=0 ++generation_stats_file_path='./inputs/dev_umd_long_3/gen_stats/prompt_79.csv' ++watermark_args.use_fine_tuned=False ++watermarked_text_file_path='./inputs/dev_umd_long_3/watermarked_texts.csv' 
Output:
Success
Command succeeded: python watermarked_text_generator.py ++prompt_file='./data/WQE/dev.csv' ++prompt_num=80 ++is_completion=False ++generator_args.temperature=1 ++generator_args.diversity_penalty=0 ++generation_stats_file_path='./inputs/dev_umd_long_3/gen_stats/prompt_80.csv' ++watermark_args.use_fine_tuned=False ++watermarked_text_file_path='./inputs/dev_umd_long_3/watermarked_texts.csv' 
Output:
Success
2024-07-29 12:10:44,798:INFO:stdout, stderr
2024-07-29 12:10:44,798:INFO:('Success', None)
2024-07-29 12:10:44,798:INFO:Running command: python watermarked_text_generator.py ++prompt_file='./data/WQE/dev.csv' ++prompt_num=82 ++is_completion=False ++generator_args.temperature=1 ++generator_args.diversity_penalty=0 ++generation_stats_file_path='./inputs/dev_umd_long_3/gen_stats/prompt_82.csv' ++watermark_args.use_fine_tuned=False ++watermarked_text_file_path='./inputs/dev_umd_long_3/watermarked_texts.csv' 
2024-07-29 12:10:44,798:INFO:Saving results to ./inputs/dev_umd_long_3/logs/logfile_82.log
