Traceback (most recent call last):
  File "/local1/borito1907/anaconda3/envs/watermark-new/lib/python3.10/runpy.py", line 196, in _run_module_as_main
    return _run_code(code, main_globals, None,
  File "/local1/borito1907/anaconda3/envs/watermark-new/lib/python3.10/runpy.py", line 86, in _run_code
    exec(code, run_globals)
  File "/data2/borito1907/impossibility-watermark/markllm_sandpaper.py", line 1, in <module>
    import torch
  File "/local1/borito1907/anaconda3/envs/watermark-new/lib/python3.10/site-packages/torch/__init__.py", line 2143, in <module>
    from . import _meta_registrations
  File "/local1/borito1907/anaconda3/envs/watermark-new/lib/python3.10/site-packages/torch/_meta_registrations.py", line 9, in <module>
    from torch._decomp import (
  File "/local1/borito1907/anaconda3/envs/watermark-new/lib/python3.10/site-packages/torch/_decomp/__init__.py", line 245, in <module>
    import torch._decomp.decompositions
  File "/local1/borito1907/anaconda3/envs/watermark-new/lib/python3.10/site-packages/torch/_decomp/decompositions.py", line 12, in <module>
    import torch._prims as prims
  File "/local1/borito1907/anaconda3/envs/watermark-new/lib/python3.10/site-packages/torch/_prims/__init__.py", line 3056, in <module>
    frexp = _make_prim(
  File "/local1/borito1907/anaconda3/envs/watermark-new/lib/python3.10/site-packages/torch/_prims/__init__.py", line 310, in _make_prim
    if use_old_custom_ops_api or not is_functional_schema(cpp_schema):
  File "/local1/borito1907/anaconda3/envs/watermark-new/lib/python3.10/site-packages/torch/_library/utils.py", line 98, in is_functional_schema
    return is_functional(schema)
  File "/local1/borito1907/anaconda3/envs/watermark-new/lib/python3.10/site-packages/torch/_library/utils.py", line 93, in is_functional
    if not schema.returns:
KeyboardInterrupt
