2024-07-28 05:56:27,584:INFO:Running command: python watermarked_text_generator.py ++prompt_file='./data/WQE/dev.csv' ++prompt_num=76 ++is_completion=False ++generator_args.temperature=1 ++generator_args.diversity_penalty=0 ++generation_stats_file_path='./inputs/dev_semstamp_regen/gen_stats/prompt_76.csv' ++watermark_args.use_fine_tuned=False ++watermarked_text_file_path='./inputs/dev_semstamp_regen/watermarked_texts.csv' 
2024-07-28 05:56:27,584:INFO:Saving results to ./inputs/dev_semstamp_regen/logs/logfile_76.log
2024-07-28 06:12:40,999:INFO:Command executed successfully
2024-07-28 06:12:40,999:INFO:stdout, stderr
2024-07-28 06:12:40,999:INFO:('Success', None)
2024-07-28 06:12:40,999:INFO:Running command: python watermarked_text_generator.py ++prompt_file='./data/WQE/dev.csv' ++prompt_num=78 ++is_completion=False ++generator_args.temperature=1 ++generator_args.diversity_penalty=0 ++generation_stats_file_path='./inputs/dev_semstamp_regen/gen_stats/prompt_78.csv' ++watermark_args.use_fine_tuned=False ++watermarked_text_file_path='./inputs/dev_semstamp_regen/watermarked_texts.csv' 
2024-07-28 06:12:40,999:INFO:Saving results to ./inputs/dev_semstamp_regen/logs/logfile_78.log
2024-07-28 06:14:04,083:INFO:Command executed successfully
2024-07-28 06:14:04,083:INFO:stdout, stderr
2024-07-28 06:14:04,083:INFO:('Success', None)
2024-07-28 06:14:04,083:INFO:Running command: python watermarked_text_generator.py ++prompt_file='./data/WQE/dev.csv' ++prompt_num=80 ++is_completion=False ++generator_args.temperature=1 ++generator_args.diversity_penalty=0 ++generation_stats_file_path='./inputs/dev_semstamp_regen/gen_stats/prompt_80.csv' ++watermark_args.use_fine_tuned=False ++watermarked_text_file_path='./inputs/dev_semstamp_regen/watermarked_texts.csv' 
2024-07-28 06:14:04,084:INFO:Saving results to ./inputs/dev_semstamp_regen/logs/logfile_80.log
2024-07-28 06:25:17,310:INFO:Command executed successfully
2024-07-28 06:25:17,310:INFO:stdout, stderr
2024-07-28 06:25:17,310:INFO:('Success', None)
2024-07-28 06:25:17,310:INFO:Running command: python watermarked_text_generator.py ++prompt_file='./data/WQE/dev.csv' ++prompt_num=81 ++is_completion=False ++generator_args.temperature=1 ++generator_args.diversity_penalty=0 ++generation_stats_file_path='./inputs/dev_semstamp_regen/gen_stats/prompt_81.csv' ++watermark_args.use_fine_tuned=False ++watermarked_text_file_path='./inputs/dev_semstamp_regen/watermarked_texts.csv' 
2024-07-28 06:25:17,310:INFO:Saving results to ./inputs/dev_semstamp_regen/logs/logfile_81.log
2024-07-28 06:38:20,882:INFO:Command executed successfully
2024-07-28 06:38:20,882:INFO:stdout, stderr
2024-07-28 06:38:20,882:INFO:('Success', None)
2024-07-28 06:38:20,882:INFO:Running command: python watermarked_text_generator.py ++prompt_file='./data/WQE/dev.csv' ++prompt_num=83 ++is_completion=False ++generator_args.temperature=1 ++generator_args.diversity_penalty=0 ++generation_stats_file_path='./inputs/dev_semstamp_regen/gen_stats/prompt_83.csv' ++watermark_args.use_fine_tuned=False ++watermarked_text_file_path='./inputs/dev_semstamp_regen/watermarked_texts.csv' 
2024-07-28 06:38:20,882:INFO:Saving results to ./inputs/dev_semstamp_regen/logs/logfile_83.log
2024-07-28 06:48:14,090:INFO:Command executed successfully
2024-07-28 06:48:14,090:INFO:stdout, stderr
2024-07-28 06:48:14,090:INFO:('Success', None)
2024-07-28 06:48:14,090:INFO:Running command: python watermarked_text_generator.py ++prompt_file='./data/WQE/dev.csv' ++prompt_num=85 ++is_completion=False ++generator_args.temperature=1 ++generator_args.diversity_penalty=0 ++generation_stats_file_path='./inputs/dev_semstamp_regen/gen_stats/prompt_85.csv' ++watermark_args.use_fine_tuned=False ++watermarked_text_file_path='./inputs/dev_semstamp_regen/watermarked_texts.csv' 
2024-07-28 06:48:14,090:INFO:Saving results to ./inputs/dev_semstamp_regen/logs/logfile_85.log
2024-07-28 07:06:03,265:INFO:Command executed successfully
2024-07-28 07:06:03,265:INFO:stdout, stderr
2024-07-28 07:06:03,265:INFO:('Success', None)
Command succeeded: python watermarked_text_generator.py ++prompt_file='./data/WQE/dev.csv' ++prompt_num=76 ++is_completion=False ++generator_args.temperature=1 ++generator_args.diversity_penalty=0 ++generation_stats_file_path='./inputs/dev_semstamp_regen/gen_stats/prompt_76.csv' ++watermark_args.use_fine_tuned=False ++watermarked_text_file_path='./inputs/dev_semstamp_regen/watermarked_texts.csv' 
Output:
Success
Command succeeded: python watermarked_text_generator.py ++prompt_file='./data/WQE/dev.csv' ++prompt_num=78 ++is_completion=False ++generator_args.temperature=1 ++generator_args.diversity_penalty=0 ++generation_stats_file_path='./inputs/dev_semstamp_regen/gen_stats/prompt_78.csv' ++watermark_args.use_fine_tuned=False ++watermarked_text_file_path='./inputs/dev_semstamp_regen/watermarked_texts.csv' 
Output:
Success
Command succeeded: python watermarked_text_generator.py ++prompt_file='./data/WQE/dev.csv' ++prompt_num=80 ++is_completion=False ++generator_args.temperature=1 ++generator_args.diversity_penalty=0 ++generation_stats_file_path='./inputs/dev_semstamp_regen/gen_stats/prompt_80.csv' ++watermark_args.use_fine_tuned=False ++watermarked_text_file_path='./inputs/dev_semstamp_regen/watermarked_texts.csv' 
Output:
Success
Command succeeded: python watermarked_text_generator.py ++prompt_file='./data/WQE/dev.csv' ++prompt_num=81 ++is_completion=False ++generator_args.temperature=1 ++generator_args.diversity_penalty=0 ++generation_stats_file_path='./inputs/dev_semstamp_regen/gen_stats/prompt_81.csv' ++watermark_args.use_fine_tuned=False ++watermarked_text_file_path='./inputs/dev_semstamp_regen/watermarked_texts.csv' 
Output:
Success
Command succeeded: python watermarked_text_generator.py ++prompt_file='./data/WQE/dev.csv' ++prompt_num=83 ++is_completion=False ++generator_args.temperature=1 ++generator_args.diversity_penalty=0 ++generation_stats_file_path='./inputs/dev_semstamp_regen/gen_stats/prompt_83.csv' ++watermark_args.use_fine_tuned=False ++watermarked_text_file_path='./inputs/dev_semstamp_regen/watermarked_texts.csv' 
Output:
Success
Command succeeded: python watermarked_text_generator.py ++prompt_file='./data/WQE/dev.csv' ++prompt_num=85 ++is_completion=False ++generator_args.temperature=1 ++generator_args.diversity_penalty=0 ++generation_stats_file_path='./inputs/dev_semstamp_regen/gen_stats/prompt_85.csv' ++watermark_args.use_fine_tuned=False ++watermarked_text_file_path='./inputs/dev_semstamp_regen/watermarked_texts.csv' 
Output:
Success
