2024-07-28 13:30:05,516:INFO:Running command: python watermarked_text_generator.py ++prompt_file='./data/WQE/dev.csv' ++id=2046128425 ++prompt_num=-1 ++is_completion=False ++generator_args.temperature=1 ++generator_args.diversity_penalty=0 ++generation_stats_file_path='./inputs/dev_semstamp_retry_3/gen_stats/prompt_2046128425.csv' ++watermark_args.use_fine_tuned=False ++watermarked_text_file_path='./inputs/dev_semstamp_retry_3/watermarked_texts.csv' 
2024-07-28 13:30:05,516:INFO:Saving results to ./inputs/dev_semstamp_retry_3/logs/logfile_2046128425.log
2024-07-28 13:48:17,491:ERROR:Command failed with error: None
2024-07-28 13:48:17,491:INFO:stdout, stderr
2024-07-28 13:48:17,491:INFO:(None, None)
2024-07-28 13:48:17,491:INFO:Running command: python watermarked_text_generator.py ++prompt_file='./data/WQE/dev.csv' ++id=4292800712 ++prompt_num=-1 ++is_completion=False ++generator_args.temperature=1 ++generator_args.diversity_penalty=0 ++generation_stats_file_path='./inputs/dev_semstamp_retry_3/gen_stats/prompt_4292800712.csv' ++watermark_args.use_fine_tuned=False ++watermarked_text_file_path='./inputs/dev_semstamp_retry_3/watermarked_texts.csv' 
2024-07-28 13:48:17,491:INFO:Saving results to ./inputs/dev_semstamp_retry_3/logs/logfile_4292800712.log
2024-07-28 14:02:47,180:INFO:Command executed successfully
2024-07-28 14:02:47,180:INFO:stdout, stderr
2024-07-28 14:02:47,180:INFO:('Success', None)
2024-07-28 14:02:47,180:INFO:Running command: python watermarked_text_generator.py ++prompt_file='./data/WQE/dev.csv' ++id=1804415178 ++prompt_num=-1 ++is_completion=False ++generator_args.temperature=1 ++generator_args.diversity_penalty=0 ++generation_stats_file_path='./inputs/dev_semstamp_retry_3/gen_stats/prompt_1804415178.csv' ++watermark_args.use_fine_tuned=False ++watermarked_text_file_path='./inputs/dev_semstamp_retry_3/watermarked_texts.csv' 
2024-07-28 14:02:47,180:INFO:Saving results to ./inputs/dev_semstamp_retry_3/logs/logfile_1804415178.log
2024-07-28 14:08:51,166:INFO:Command executed successfully
2024-07-28 14:08:51,167:INFO:stdout, stderr
2024-07-28 14:08:51,167:INFO:('Success', None)
2024-07-28 14:08:51,167:INFO:Running command: python watermarked_text_generator.py ++prompt_file='./data/WQE/dev.csv' ++id=701281102 ++prompt_num=-1 ++is_completion=False ++generator_args.temperature=1 ++generator_args.diversity_penalty=0 ++generation_stats_file_path='./inputs/dev_semstamp_retry_3/gen_stats/prompt_701281102.csv' ++watermark_args.use_fine_tuned=False ++watermarked_text_file_path='./inputs/dev_semstamp_retry_3/watermarked_texts.csv' 
2024-07-28 14:08:51,167:INFO:Saving results to ./inputs/dev_semstamp_retry_3/logs/logfile_701281102.log
2024-07-28 14:14:52,872:INFO:Command executed successfully
2024-07-28 14:14:52,872:INFO:stdout, stderr
2024-07-28 14:14:52,873:INFO:('Success', None)
2024-07-28 14:14:52,873:INFO:Running command: python watermarked_text_generator.py ++prompt_file='./data/WQE/dev.csv' ++id=3158391763 ++prompt_num=-1 ++is_completion=False ++generator_args.temperature=1 ++generator_args.diversity_penalty=0 ++generation_stats_file_path='./inputs/dev_semstamp_retry_3/gen_stats/prompt_3158391763.csv' ++watermark_args.use_fine_tuned=False ++watermarked_text_file_path='./inputs/dev_semstamp_retry_3/watermarked_texts.csv' 
2024-07-28 14:14:52,873:INFO:Saving results to ./inputs/dev_semstamp_retry_3/logs/logfile_3158391763.log
Traceback (most recent call last):
  File "/local1/borito1907/anaconda3/envs/watermark/lib/python3.10/runpy.py", line 196, in _run_module_as_main
    return _run_code(code, main_globals, None,
  File "/local1/borito1907/anaconda3/envs/watermark/lib/python3.10/runpy.py", line 86, in _run_code
    exec(code, run_globals)
  File "/local1/borito1907/impossibility-watermark/generate_dev.py", line 85, in <module>
    main()
  File "/local1/borito1907/impossibility-watermark/generate_dev.py", line 75, in main
    stdout, stderr = run_command(command, log_filepath)
  File "/local1/borito1907/impossibility-watermark/generate_dev.py", line 17, in run_command
    _ = subprocess.run(command, shell=True, check=True, text=True, stdout=f, stderr=subprocess.STDOUT)
  File "/local1/borito1907/anaconda3/envs/watermark/lib/python3.10/subprocess.py", line 505, in run
    stdout, stderr = process.communicate(input, timeout=timeout)
  File "/local1/borito1907/anaconda3/envs/watermark/lib/python3.10/subprocess.py", line 1146, in communicate
    self.wait()
  File "/local1/borito1907/anaconda3/envs/watermark/lib/python3.10/subprocess.py", line 1209, in wait
    return self._wait(timeout=timeout)
  File "/local1/borito1907/anaconda3/envs/watermark/lib/python3.10/subprocess.py", line 1959, in _wait
    (pid, sts) = self._try_wait(0)
  File "/local1/borito1907/anaconda3/envs/watermark/lib/python3.10/subprocess.py", line 1917, in _try_wait
    (pid, sts) = os.waitpid(self.pid, wait_flags)
KeyboardInterrupt
Command succeeded: python watermarked_text_generator.py ++prompt_file='./data/WQE/dev.csv' ++id=2046128425 ++prompt_num=-1 ++is_completion=False ++generator_args.temperature=1 ++generator_args.diversity_penalty=0 ++generation_stats_file_path='./inputs/dev_semstamp_retry_3/gen_stats/prompt_2046128425.csv' ++watermark_args.use_fine_tuned=False ++watermarked_text_file_path='./inputs/dev_semstamp_retry_3/watermarked_texts.csv' 
Output:
None
Command succeeded: python watermarked_text_generator.py ++prompt_file='./data/WQE/dev.csv' ++id=4292800712 ++prompt_num=-1 ++is_completion=False ++generator_args.temperature=1 ++generator_args.diversity_penalty=0 ++generation_stats_file_path='./inputs/dev_semstamp_retry_3/gen_stats/prompt_4292800712.csv' ++watermark_args.use_fine_tuned=False ++watermarked_text_file_path='./inputs/dev_semstamp_retry_3/watermarked_texts.csv' 
Output:
Success
Command succeeded: python watermarked_text_generator.py ++prompt_file='./data/WQE/dev.csv' ++id=1804415178 ++prompt_num=-1 ++is_completion=False ++generator_args.temperature=1 ++generator_args.diversity_penalty=0 ++generation_stats_file_path='./inputs/dev_semstamp_retry_3/gen_stats/prompt_1804415178.csv' ++watermark_args.use_fine_tuned=False ++watermarked_text_file_path='./inputs/dev_semstamp_retry_3/watermarked_texts.csv' 
Output:
Success
Command succeeded: python watermarked_text_generator.py ++prompt_file='./data/WQE/dev.csv' ++id=701281102 ++prompt_num=-1 ++is_completion=False ++generator_args.temperature=1 ++generator_args.diversity_penalty=0 ++generation_stats_file_path='./inputs/dev_semstamp_retry_3/gen_stats/prompt_701281102.csv' ++watermark_args.use_fine_tuned=False ++watermarked_text_file_path='./inputs/dev_semstamp_retry_3/watermarked_texts.csv' 
Output:
Success
