2024-07-28 14:45:54,029:INFO:Running command: python watermarked_text_generator.py ++prompt_file='./data/WQE/dev.csv' ++prompt_num=1 ++is_completion=False ++generator_args.temperature=1 ++generator_args.diversity_penalty=0 ++generation_stats_file_path='./inputs/dev_semstamp_3/gen_stats/prompt_1.csv' ++watermark_args.use_fine_tuned=False ++watermarked_text_file_path='./inputs/dev_semstamp_3/watermarked_texts.csv' 
2024-07-28 14:45:54,029:INFO:Saving results to ./inputs/dev_semstamp_3/logs/logfile_1.log
2024-07-28 14:52:54,677:INFO:Command executed successfully
2024-07-28 14:52:54,677:INFO:stdout, stderr
2024-07-28 14:52:54,677:INFO:('Success', None)
2024-07-28 14:52:54,677:INFO:Running command: python watermarked_text_generator.py ++prompt_file='./data/WQE/dev.csv' ++prompt_num=2 ++is_completion=False ++generator_args.temperature=1 ++generator_args.diversity_penalty=0 ++generation_stats_file_path='./inputs/dev_semstamp_3/gen_stats/prompt_2.csv' ++watermark_args.use_fine_tuned=False ++watermarked_text_file_path='./inputs/dev_semstamp_3/watermarked_texts.csv' 
2024-07-28 14:52:54,677:INFO:Saving results to ./inputs/dev_semstamp_3/logs/logfile_2.log
2024-07-28 15:03:43,853:INFO:Command executed successfully
2024-07-28 15:03:43,853:INFO:stdout, stderr
2024-07-28 15:03:43,853:INFO:('Success', None)
2024-07-28 15:03:43,853:INFO:Running command: python watermarked_text_generator.py ++prompt_file='./data/WQE/dev.csv' ++prompt_num=3 ++is_completion=False ++generator_args.temperature=1 ++generator_args.diversity_penalty=0 ++generation_stats_file_path='./inputs/dev_semstamp_3/gen_stats/prompt_3.csv' ++watermark_args.use_fine_tuned=False ++watermarked_text_file_path='./inputs/dev_semstamp_3/watermarked_texts.csv' 
2024-07-28 15:03:43,853:INFO:Saving results to ./inputs/dev_semstamp_3/logs/logfile_3.log
2024-07-28 15:08:38,507:INFO:Command executed successfully
2024-07-28 15:08:38,508:INFO:stdout, stderr
2024-07-28 15:08:38,508:INFO:('Success', None)
2024-07-28 15:08:38,508:INFO:Running command: python watermarked_text_generator.py ++prompt_file='./data/WQE/dev.csv' ++prompt_num=4 ++is_completion=False ++generator_args.temperature=1 ++generator_args.diversity_penalty=0 ++generation_stats_file_path='./inputs/dev_semstamp_3/gen_stats/prompt_4.csv' ++watermark_args.use_fine_tuned=False ++watermarked_text_file_path='./inputs/dev_semstamp_3/watermarked_texts.csv' 
2024-07-28 15:08:38,508:INFO:Saving results to ./inputs/dev_semstamp_3/logs/logfile_4.log
2024-07-28 15:10:46,080:ERROR:Command failed with error: None
2024-07-28 15:10:46,080:INFO:stdout, stderr
2024-07-28 15:10:46,080:INFO:(None, None)
2024-07-28 15:10:46,080:INFO:Running command: python watermarked_text_generator.py ++prompt_file='./data/WQE/dev.csv' ++prompt_num=5 ++is_completion=False ++generator_args.temperature=1 ++generator_args.diversity_penalty=0 ++generation_stats_file_path='./inputs/dev_semstamp_3/gen_stats/prompt_5.csv' ++watermark_args.use_fine_tuned=False ++watermarked_text_file_path='./inputs/dev_semstamp_3/watermarked_texts.csv' 
2024-07-28 15:10:46,080:INFO:Saving results to ./inputs/dev_semstamp_3/logs/logfile_5.log
Traceback (most recent call last):
  File "/local1/borito1907/anaconda3/envs/watermark/lib/python3.10/runpy.py", line 196, in _run_module_as_main
    return _run_code(code, main_globals, None,
  File "/local1/borito1907/anaconda3/envs/watermark/lib/python3.10/runpy.py", line 86, in _run_code
    exec(code, run_globals)
  File "/local1/borito1907/impossibility-watermark/generate_dev.py", line 75, in <module>
    main()
  File "/local1/borito1907/impossibility-watermark/generate_dev.py", line 65, in main
    stdout, stderr = run_command(command, log_filepath)
  File "/local1/borito1907/impossibility-watermark/generate_dev.py", line 15, in run_command
    with open(filepath, "w") as f:
OSError: [Errno 28] No space left on device: './inputs/dev_semstamp_3/logs/logfile_5.log'
Command succeeded: python watermarked_text_generator.py ++prompt_file='./data/WQE/dev.csv' ++prompt_num=1 ++is_completion=False ++generator_args.temperature=1 ++generator_args.diver