2024-07-28 13:28:43,584:INFO:Running command: python watermarked_text_generator.py ++prompt_file='./data/WQE/dev.csv' ++id=3685312925 ++prompt_num=-1 ++is_completion=False ++generator_args.temperature=1 ++generator_args.diversity_penalty=0 ++generation_stats_file_path='./inputs/dev_semstamp_retry_2/gen_stats/prompt_3685312925.csv' ++watermark_args.use_fine_tuned=False ++watermarked_text_file_path='./inputs/dev_semstamp_retry_2/watermarked_texts.csv' 
2024-07-28 13:28:43,584:INFO:Saving results to ./inputs/dev_semstamp_retry_2/logs/logfile_3685312925.log
2024-07-28 13:56:03,041:INFO:Command executed successfully
2024-07-28 13:56:03,041:INFO:stdout, stderr
2024-07-28 13:56:03,041:INFO:('Success', None)
2024-07-28 13:56:03,041:INFO:Running command: python watermarked_text_generator.py ++prompt_file='./data/WQE/dev.csv' ++id=2488576159 ++prompt_num=-1 ++is_completion=False ++generator_args.temperature=1 ++generator_args.diversity_penalty=0 ++generation_stats_file_path='./inputs/dev_semstamp_retry_2/gen_stats/prompt_2488576159.csv' ++watermark_args.use_fine_tuned=False ++watermarked_text_file_path='./inputs/dev_semstamp_retry_2/watermarked_texts.csv' 
2024-07-28 13:56:03,041:INFO:Saving results to ./inputs/dev_semstamp_retry_2/logs/logfile_2488576159.log
2024-07-28 14:08:55,606:INFO:Command executed successfully
2024-07-28 14:08:55,607:INFO:stdout, stderr
2024-07-28 14:08:55,607:INFO:('Success', None)
2024-07-28 14:08:55,607:INFO:Running command: python watermarked_text_generator.py ++prompt_file='./data/WQE/dev.csv' ++id=2485458980 ++prompt_num=-1 ++is_completion=False ++generator_args.temperature=1 ++generator_args.diversity_penalty=0 ++generation_stats_file_path='./inputs/dev_semstamp_retry_2/gen_stats/prompt_2485458980.csv' ++watermark_args.use_fine_tuned=False ++watermarked_text_file_path='./inputs/dev_semstamp_retry_2/watermarked_texts.csv' 
2024-07-28 14:08:55,607:INFO:Saving results to ./inputs/dev_semstamp_retry_2/logs/logfile_2485458980.log
2024-07-28 14:19:35,830:ERROR:Command failed with error: None
2024-07-28 14:19:35,830:INFO:stdout, stderr
2024-07-28 14:19:35,830:INFO:(None, None)
2024-07-28 14:19:35,830:INFO:Running command: python watermarked_text_generator.py ++prompt_file='./data/WQE/dev.csv' ++id=3126507428 ++prompt_num=-1 ++is_completion=False ++generator_args.temperature=1 ++generator_args.diversity_penalty=0 ++generation_stats_file_path='./inputs/dev_semstamp_retry_2/gen_stats/prompt_3126507428.csv' ++watermark_args.use_fine_tuned=False ++watermarked_text_file_path='./inputs/dev_semstamp_retry_2/watermarked_texts.csv' 
2024-07-28 14:19:35,830:INFO:Saving results to ./inputs/dev_semstamp_retry_2/logs/logfile_3126507428.log
2024-07-28 14:34:00,691:INFO:Command executed successfully
2024-07-28 14:34:00,691:INFO:stdout, stderr
2024-07-28 14:34:00,691:INFO:('Success', None)
2024-07-28 14:34:00,691:INFO:Running command: python watermarked_text_generator.py ++prompt_file='./data/WQE/dev.csv' ++id=808411944 ++prompt_num=-1 ++is_completion=False ++generator_args.temperature=1 ++generator_args.diversity_penalty=0 ++generation_stats_file_path='./inputs/dev_semstamp_retry_2/gen_stats/prompt_808411944.csv' ++watermark_args.use_fine_tuned=False ++watermarked_text_file_path='./inputs/dev_semstamp_retry_2/watermarked_texts.csv' 
2024-07-28 14:34:00,691:INFO:Saving results to ./inputs/dev_semstamp_retry_2/logs/logfile_808411944.log
2024-07-28 14:41:51,212:INFO:Command executed successfully
2024-07-28 14:41:51,212:INFO:stdout, stderr
2024-07-28 14:41:51,212:INFO:('Success', None)
Command succeeded: python watermarked_text_generator.py ++prompt_file='./data/WQE/dev.csv' ++id=3685312925 ++prompt_num=-1 ++is_completion=False ++generator_args.temperature=1 ++generator_args.diversity_penalty=0 ++generation_stats_file_path='./inputs/dev_semstamp_retry_2/gen_stats/prompt_3685312925.csv' ++watermark_args.use_fine_tuned=False ++watermarked_text_file_path='./inputs/dev_semstamp_retry_2/watermarked_texts.csv' 
Output:
Success
Command succeeded: python watermarked_text_generator.py ++prompt_file='./data/WQE/dev.csv' ++id=2488576159 ++prompt_num=-1 ++is_completion=False ++generator_args.temperature=1 ++generator_args.diversity_penalty=0 ++generation_stats_file_path='./inputs/dev_semstamp_retry_2/gen_stats/prompt_2488576159.csv' ++watermark_args.use_fine_tuned=False ++watermarked_text_file_path='./inputs/dev_semstamp_retry_2/watermarked_texts.csv' 
Output:
Success
Command succeeded: python watermarked_text_generator.py ++prompt_file='./data/WQE/dev.csv' ++id=2485458980 ++prompt_num=-1 ++is_completion=False ++generator_args.temperature=1 ++generator_args.diversity_penalty=0 ++generation_stats_file_path='./inputs/dev_semstamp_retry_2/gen_stats/prompt_2485458980.csv' ++watermark_args.use_fine_tuned=False ++watermarked_text_file_path='./inputs/dev_semstamp_retry_2/watermarked_texts.csv' 
Output:
None
Command succeeded: python watermarked_text_generator.py ++prompt_file='./data/WQE/dev.csv' ++id=3126507428 ++prompt_num=-1 ++is_completion=False ++generator_args.temperature=1 ++generator_args.diversity_penalty=0 ++generation_stats_file_path='./inputs/dev_semstamp_retry_2/gen_stats/prompt_3126507428.csv' ++watermark_args.use_fine_tuned=False ++watermarked_text_file_path='./inputs/dev_semstamp_retry_2/watermarked_texts.csv' 
Output:
Success
Command succeeded: python watermarked_text_generator.py ++prompt_file='./data/WQE/dev.csv' ++id=808411944 ++prompt_num=-1 ++is_completion=False ++generator_args.temperature=1 ++generator_args.diversity_penalty=0 ++generation_stats_file_path='./inputs/dev_semstamp_retry_2/gen_stats/prompt_808411944.csv' ++watermark_args.use_fine_tuned=False ++watermarked_text_file_path='./inputs/dev_semstamp_retry_2/watermarked_texts.csv' 
Output:
Success
