2024-07-28 13:26:09,419:INFO:Running command: python watermarked_text_generator.py ++prompt_file='./data/WQE/dev.csv' ++id=3359225860 ++prompt_num=-1 ++is_completion=False ++generator_args.temperature=1 ++generator_args.diversity_penalty=0 ++generation_stats_file_path='./inputs/dev_semstamp_retry_1/gen_stats/prompt_3359225860.csv' ++watermark_args.use_fine_tuned=False ++watermarked_text_file_path='./inputs/dev_semstamp_retry_1/watermarked_texts.csv' 
2024-07-28 13:26:09,419:INFO:Saving results to ./inputs/dev_semstamp_retry_1/logs/logfile_3359225860.log
2024-07-28 13:48:18,119:ERROR:Command failed with error: None
2024-07-28 13:48:18,119:INFO:stdout, stderr
2024-07-28 13:48:18,120:INFO:(None, None)
2024-07-28 13:48:18,120:INFO:Running command: python watermarked_text_generator.py ++prompt_file='./data/WQE/dev.csv' ++id=812682245 ++prompt_num=-1 ++is_completion=False ++generator_args.temperature=1 ++generator_args.diversity_penalty=0 ++generation_stats_file_path='./inputs/dev_semstamp_retry_1/gen_stats/prompt_812682245.csv' ++watermark_args.use_fine_tuned=False ++watermarked_text_file_path='./inputs/dev_semstamp_retry_1/watermarked_texts.csv' 
2024-07-28 13:48:18,120:INFO:Saving results to ./inputs/dev_semstamp_retry_1/logs/logfile_812682245.log
2024-07-28 14:13:55,133:ERROR:Command failed with error: None
2024-07-28 14:13:55,134:INFO:stdout, stderr
2024-07-28 14:13:55,134:INFO:(None, None)
2024-07-28 14:13:55,134:INFO:Running command: python watermarked_text_generator.py ++prompt_file='./data/WQE/dev.csv' ++id=1827179908 ++prompt_num=-1 ++is_completion=False ++generator_args.temperature=1 ++generator_args.diversity_penalty=0 ++generation_stats_file_path='./inputs/dev_semstamp_retry_1/gen_stats/prompt_1827179908.csv' ++watermark_args.use_fine_tuned=False ++watermarked_text_file_path='./inputs/dev_semstamp_retry_1/watermarked_texts.csv' 
2024-07-28 14:13:55,134:INFO:Saving results to ./inputs/dev_semstamp_retry_1/logs/logfile_1827179908.log
2024-07-28 14:33:05,317:ERROR:Command failed with error: None
2024-07-28 14:33:05,317:INFO:stdout, stderr
2024-07-28 14:33:05,317:INFO:(None, None)
2024-07-28 14:33:05,317:INFO:Running command: python watermarked_text_generator.py ++prompt_file='./data/WQE/dev.csv' ++id=2427411471 ++prompt_num=-1 ++is_completion=False ++generator_args.temperature=1 ++generator_args.diversity_penalty=0 ++generation_stats_file_path='./inputs/dev_semstamp_retry_1/gen_stats/prompt_2427411471.csv' ++watermark_args.use_fine_tuned=False ++watermarked_text_file_path='./inputs/dev_semstamp_retry_1/watermarked_texts.csv' 
2024-07-28 14:33:05,317:INFO:Saving results to ./inputs/dev_semstamp_retry_1/logs/logfile_2427411471.log
Traceback (most recent call last):
  File "/local1/borito1907/anaconda3/envs/watermark/lib/python3.10/runpy.py", line 196, in _run_module_as_main
    return _run_code(code, main_globals, None,
  File "/local1/borito1907/anaconda3/envs/watermark/lib/python3.10/runpy.py", line 86, in _run_code
    exec(code, run_globals)
  File "/local1/borito1907/impossibility-watermark/generate_dev.py", line 85, in <module>
    main()
  File "/local1/borito1907/impossibility-watermark/generate_dev.py", line 75, in main
    stdout, stderr = run_command(command, log_filepath)
  File "/local1/borito1907/impossibility-watermark/generate_dev.py", line 17, in run_command
    _ = subprocess.run(command, shell=True, check=True, text=True, stdout=f, stderr=subprocess.STDOUT)
  File "/local1/borito1907/anaconda3/envs/watermark/lib/python3.10/subprocess.py", line 505, in run
    stdout, stderr = process.communicate(input, timeout=timeout)
  File "/local1/borito1907/anaconda3/envs/watermark/lib/python3.10/subprocess.py", line 1146, in communicate
    self.wait()
  File "/local1/borito1907/anaconda3/envs/watermark/lib/python3.10/subprocess.py", line 1209, in wait
    return self._wait(timeout=timeout)
  File "/local1/borito1907/anaconda3/envs/watermark/lib/python3.10/subprocess.py", line 1959, in _wait
    (pid, sts) = self._try_wait(0)
  File "/local1/borito1907/anaconda3/envs/watermark/lib/python3.10/subprocess.py", line 1917, in _try_wait
    (pid, sts) = os.waitpid(self.pid, wait_flags)
KeyboardInterrupt
Command succeeded: python watermarked_text_generator.py ++prompt_file='./data/WQE/dev.csv' ++id=3359225860 ++prompt_num=-1 ++is_completion=False ++generator_args.temperature=1 ++generator_args.diversity_penalty=0 ++generation_stats_file_path='./inputs/dev_semstamp_retry_1/gen_stats/prompt_3359225860.csv' ++watermark_args.use_fine_tuned=False ++watermarked_text_file_path='./inputs/dev_semstamp_retry_1/watermarked_texts.csv' 
Output:
None
Command succeeded: python watermarked_text_generator.py ++prompt_file='./data/WQE/dev.csv' ++id=812682245 ++prompt_num=-1 ++is_completion=False ++generator_args.temperature=1 ++generator_args.diversity_penalty=0 ++generation_stats_file_path='./inputs/dev_semstamp_retry_1/gen_stats/prompt_812682245.csv' ++watermark_args.use_fine_tuned=False ++watermarked_text_file_path='./inputs/dev_semstamp_retry_1/watermarked_texts.csv' 
Output:
None
Command succeeded: python watermarked_text_generator.py ++prompt_file='./data/WQE/dev.csv' ++id=1827179908 ++prompt_num=-1 ++is_completion=False ++generator_args.temperature=1 ++generator_args.diversity_penalty=0 ++generation_stats_file_path='./inputs/dev_semstamp_retry_1/gen_stats/prompt_1827179908.csv' ++watermark_args.use_fine_tuned=False ++watermarked_text_file_path='./inputs/dev_semstamp_retry_1/watermarked_texts.csv' 
Output:
None
