2024-07-28 05:56:11,401:INFO:Running command: python watermarked_text_generator.py ++prompt_file='./data/WQE/dev.csv' ++prompt_num=55 ++is_completion=False ++generator_args.temperature=1 ++generator_args.diversity_penalty=0 ++generation_stats_file_path='./inputs/dev_semstamp_regen/gen_stats/prompt_55.csv' ++watermark_args.use_fine_tuned=False ++watermarked_text_file_path='./inputs/dev_semstamp_regen/watermarked_texts.csv' 
2024-07-28 05:56:11,401:INFO:Saving results to ./inputs/dev_semstamp_regen/logs/logfile_55.log
2024-07-28 06:06:54,267:INFO:Command executed successfully
2024-07-28 06:06:54,267:INFO:stdout, stderr
2024-07-28 06:06:54,267:INFO:('Success', None)
2024-07-28 06:06:54,267:INFO:Running command: python watermarked_text_generator.py ++prompt_file='./data/WQE/dev.csv' ++prompt_num=56 ++is_completion=False ++generator_args.temperature=1 ++generator_args.diversity_penalty=0 ++generation_stats_file_path='./inputs/dev_semstamp_regen/gen_stats/prompt_56.csv' ++watermark_args.use_fine_tuned=False ++watermarked_text_file_path='./inputs/dev_semstamp_regen/watermarked_texts.csv' 
2024-07-28 06:06:54,267:INFO:Saving results to ./inputs/dev_semstamp_regen/logs/logfile_56.log
2024-07-28 06:19:33,363:INFO:Command executed successfully
2024-07-28 06:19:33,364:INFO:stdout, stderr
2024-07-28 06:19:33,364:INFO:('Success', None)
2024-07-28 06:19:33,364:INFO:Running command: python watermarked_text_generator.py ++prompt_file='./data/WQE/dev.csv' ++prompt_num=58 ++is_completion=False ++generator_args.temperature=1 ++generator_args.diversity_penalty=0 ++generation_stats_file_path='./inputs/dev_semstamp_regen/gen_stats/prompt_58.csv' ++watermark_args.use_fine_tuned=False ++watermarked_text_file_path='./inputs/dev_semstamp_regen/watermarked_texts.csv' 
2024-07-28 06:19:33,364:INFO:Saving results to ./inputs/dev_semstamp_regen/logs/logfile_58.log
2024-07-28 06:32:40,892:INFO:Command executed successfully
2024-07-28 06:32:40,892:INFO:stdout, stderr
2024-07-28 06:32:40,892:INFO:('Success', None)
2024-07-28 06:32:40,892:INFO:Running command: python watermarked_text_generator.py ++prompt_file='./data/WQE/dev.csv' ++prompt_num=60 ++is_completion=False ++generator_args.temperature=1 ++generator_args.diversity_penalty=0 ++generation_stats_file_path='./inputs/dev_semstamp_regen/gen_stats/prompt_60.csv' ++watermark_args.use_fine_tuned=False ++watermarked_text_file_path='./inputs/dev_semstamp_regen/watermarked_texts.csv' 
2024-07-28 06:32:40,892:INFO:Saving results to ./inputs/dev_semstamp_regen/logs/logfile_60.log
2024-07-28 06:39:25,053:INFO:Command executed successfully
2024-07-28 06:39:25,053:INFO:stdout, stderr
2024-07-28 06:39:25,053:INFO:('Success', None)
2024-07-28 06:39:25,053:INFO:Running command: python watermarked_text_generator.py ++prompt_file='./data/WQE/dev.csv' ++prompt_num=63 ++is_completion=False ++generator_args.temperature=1 ++generator_args.diversity_penalty=0 ++generation_stats_file_path='./inputs/dev_semstamp_regen/gen_stats/prompt_63.csv' ++watermark_args.use_fine_tuned=False ++watermarked_text_file_path='./inputs/dev_semstamp_regen/watermarked_texts.csv' 
2024-07-28 06:39:25,053:INFO:Saving results to ./inputs/dev_semstamp_regen/logs/logfile_63.log
2024-07-28 06:51:57,687:INFO:Command executed successfully
2024-07-28 06:51:57,688:INFO:stdout, stderr
2024-07-28 06:51:57,688:INFO:('Success', None)
2024-07-28 06:51:57,688:INFO:Running command: python watermarked_text_generator.py ++prompt_file='./data/WQE/dev.csv' ++prompt_num=64 ++is_completion=False ++generator_args.temperature=1 ++generator_args.diversity_penalty=0 ++generation_stats_file_path='./inputs/dev_semstamp_regen/gen_stats/prompt_64.csv' ++watermark_args.use_fine_tuned=False ++watermarked_text_file_path='./inputs/dev_semstamp_regen/watermarked_texts.csv' 
2024-07-28 06:51:57,688:INFO:Saving results to ./inputs/dev_semstamp_regen/logs/logfile_64.log
2024-07-28 06:58:07,757:INFO:Command executed successfully
2024-07-28 06:58:07,757:INFO:stdout, stderr
2024-07-28 06:58:07,757:INFO:('Success', None)
2024-07-28 06:58:07,757:INFO:Running command: python watermarked_text_generator.py ++prompt_file='./data/WQE/dev.csv' ++prompt_num=75 ++is_completion=False ++generator_args.temperature=1 ++generator_args.diversity_penalty=0 ++generation_stats_file_path='./inputs/dev_semstamp_regen/gen_stats/prompt_75.csv' ++watermark_args.use_fine_tuned=False ++watermarked_text_file_path='./inputs/dev_semstamp_regen/watermarked_texts.csv' 
2024-07-28 06:58:07,757:INFO:Saving results to ./inputs/dev_semstamp_regen/logs/logfile_75.log
2024-07-28 07:13:59,164:INFO:Command executed successfully
2024-07-28 07:13:59,165:INFO:stdout, stderr
2024-07-28 07:13:59,165:INFO:('Success', None)
Command succeeded: python watermarked_text_generator.py ++prompt_file='./data/WQE/dev.csv' ++prompt_num=55 ++is_completion=False ++generator_args.temperature=1 ++generator_args.diversity_penalty=0 ++generation_stats_file_path='./inputs/dev_semstamp_regen/gen_stats/prompt_55.csv' ++watermark_args.use_fine_tuned=False ++watermarked_text_file_path='./inputs/dev_semstamp_regen/watermarked_texts.csv' 
Output:
Success
Command succeeded: python watermarked_text_generator.py ++prompt_file='./data/WQE/dev.csv' ++prompt_num=56 ++is_completion=False ++generator_args.temperature=1 ++generator_args.diversity_penalty=0 ++generation_stats_file_path='./inputs/dev_semstamp_regen/gen_stats/prompt_56.csv' ++watermark_args.use_fine_tuned=False ++watermarked_text_file_path='./inputs/dev_semstamp_regen/watermarked_texts.csv' 
Output:
Success
Command succeeded: python watermarked_text_generator.py ++prompt_file='./data/WQE/dev.csv' ++prompt_num=58 ++is_completion=False ++generator_args.temperature=1 ++generator_args.diversity_penalty=0 ++generation_stats_file_path='./inputs/dev_semstamp_regen/gen_stats/prompt_58.csv' ++watermark_args.use_fine_tuned=False ++watermarked_text_file_path='./inputs/dev_semstamp_regen/watermarked_texts.csv' 
Output:
Success
Command succeeded: python watermarked_text_generator.py ++prompt_file='./data/WQE/dev.csv' ++prompt_num=60 ++is_completion=False ++generator_args.temperature=1 ++generator_args.diversity_penalty=0 ++generation_stats_file_path='./inputs/dev_semstamp_regen/gen_stats/prompt_60.csv' ++watermark_args.use_fine_tuned=False ++watermarked_text_file_path='./inputs/dev_semstamp_regen/watermarked_texts.csv' 
Output:
Success
Command succeeded: python watermarked_text_generator.py ++prompt_file='./data/WQE/dev.csv' ++prompt_num=63 ++is_completion=False ++generator_args.temperature=1 ++generator_args.diversity_penalty=0 ++generation_stats_file_path='./inputs/dev_semstamp_regen/gen_stats/prompt_63.csv' ++watermark_args.use_fine_tuned=False ++watermarked_text_file_path='./inputs/dev_semstamp_regen/watermarked_texts.csv' 
Output:
Success
Command succeeded: python watermarked_text_generator.py ++prompt_file='./data/WQE/dev.csv' ++prompt_num=64 ++is_completion=False ++generator_args.temperature=1 ++generator_args.diversity_penalty=0 ++generation_stats_file_path='./inputs/dev_semstamp_regen/gen_stats/prompt_64.csv' ++watermark_args.use_fine_tuned=False ++watermarked_text_file_path='./inputs/dev_semstamp_regen/watermarked_texts.csv' 
Output:
Success
Command succeeded: python watermarked_text_generator.py ++prompt_file='./data/WQE/dev.csv' ++prompt_num=75 ++is_completion=False ++generator_args.temperature=1 ++generator_args.diversity_penalty=0 ++generation_stats_file_path='./inputs/dev_semstamp_regen/gen_stats/prompt_75.csv' ++watermark_args.use_fine_tuned=False ++watermarked_text_file_path='./inputs/dev_semstamp_regen/watermarked_texts.csv' 
Output:
Success
