2024-07-28 13:30:19,938:INFO:Running command: python watermarked_text_generator.py ++prompt_file='./data/WQE/dev.csv' ++id=1068482775 ++prompt_num=-1 ++is_completion=False ++generator_args.temperature=1 ++generator_args.diversity_penalty=0 ++generation_stats_file_path='./inputs/dev_semstamp_retry_4/gen_stats/prompt_1068482775.csv' ++watermark_args.use_fine_tuned=False ++watermarked_text_file_path='./inputs/dev_semstamp_retry_4/watermarked_texts.csv' 
2024-07-28 13:30:19,938:INFO:Saving results to ./inputs/dev_semstamp_retry_4/logs/logfile_1068482775.log
2024-07-28 13:42:48,909:INFO:Command executed successfully
2024-07-28 13:42:48,909:INFO:stdout, stderr
2024-07-28 13:42:48,909:INFO:('Success', None)
2024-07-28 13:42:48,909:INFO:Running command: python watermarked_text_generator.py ++prompt_file='./data/WQE/dev.csv' ++id=3740859354 ++prompt_num=-1 ++is_completion=False ++generator_args.temperature=1 ++generator_args.diversity_penalty=0 ++generation_stats_file_path='./inputs/dev_semstamp_retry_4/gen_stats/prompt_3740859354.csv' ++watermark_args.use_fine_tuned=False ++watermarked_text_file_path='./inputs/dev_semstamp_retry_4/watermarked_texts.csv' 
2024-07-28 13:42:48,909:INFO:Saving results to ./inputs/dev_semstamp_retry_4/logs/logfile_3740859354.log
2024-07-28 14:04:50,656:INFO:Command executed successfully
2024-07-28 14:04:50,656:INFO:stdout, stderr
2024-07-28 14:04:50,656:INFO:('Success', None)
2024-07-28 14:04:50,656:INFO:Running command: python watermarked_text_generator.py ++prompt_file='./data/WQE/dev.csv' ++id=2095526493 ++prompt_num=-1 ++is_completion=False ++generator_args.temperature=1 ++generator_args.diversity_penalty=0 ++generation_stats_file_path='./inputs/dev_semstamp_retry_4/gen_stats/prompt_2095526493.csv' ++watermark_args.use_fine_tuned=False ++watermarked_text_file_path='./inputs/dev_semstamp_retry_4/watermarked_texts.csv' 
2024-07-28 14:04:50,656:INFO:Saving results to ./inputs/dev_semstamp_retry_4/logs/logfile_2095526493.log
2024-07-28 14:20:26,720:INFO:Command executed successfully
2024-07-28 14:20:26,720:INFO:stdout, stderr
2024-07-28 14:20:26,720:INFO:('Success', None)
2024-07-28 14:20:26,720:INFO:Running command: python watermarked_text_generator.py ++prompt_file='./data/WQE/dev.csv' ++id=3643961439 ++prompt_num=-1 ++is_completion=False ++generator_args.temperature=1 ++generator_args.diversity_penalty=0 ++generation_stats_file_path='./inputs/dev_semstamp_retry_4/gen_stats/prompt_3643961439.csv' ++watermark_args.use_fine_tuned=False ++watermarked_text_file_path='./inputs/dev_semstamp_retry_4/watermarked_texts.csv' 
2024-07-28 14:20:26,720:INFO:Saving results to ./inputs/dev_semstamp_retry_4/logs/logfile_3643961439.log
2024-07-28 14:28:12,174:INFO:Command executed successfully
2024-07-28 14:28:12,174:INFO:stdout, stderr
2024-07-28 14:28:12,174:INFO:('Success', None)
2024-07-28 14:28:12,174:INFO:Running command: python watermarked_text_generator.py ++prompt_file='./data/WQE/dev.csv' ++id=2272523237 ++prompt_num=-1 ++is_completion=False ++generator_args.temperature=1 ++generator_args.diversity_penalty=0 ++generation_stats_file_path='./inputs/dev_semstamp_retry_4/gen_stats/prompt_2272523237.csv' ++watermark_args.use_fine_tuned=False ++watermarked_text_file_path='./inputs/dev_semstamp_retry_4/watermarked_texts.csv' 
2024-07-28 14:28:12,174:INFO:Saving results to ./inputs/dev_semstamp_retry_4/logs/logfile_2272523237.log
Traceback (most recent call last):
  File "/local1/borito1907/anaconda3/envs/watermark/lib/python3.10/runpy.py", line 196, in _run_module_as_main
    return _run_code(code, main_globals, None,
  File "/local1/borito1907/anaconda3/envs/watermark/lib/python3.10/runpy.py", line 86, in _run_code
    exec(code, run_globals)
  File "/local1/borito1907/impossibility-watermark/generate_dev.py", line 85, in <module>
    main()
  File "/local1/borito1907/impossibility-watermark/generate_dev.py", line 75, in main
    stdout, stderr = run_command(command, log_filepath)
  File "/local1/borito1907/impossibility-watermark/generate_dev.py", line 17, in run_command
    _ = subprocess.run(command, shell=True, check=True, text=True, stdout=f, stderr=subprocess.STDOUT)
  File "/local1/borito1907/anaconda3/envs/watermark/lib/python3.10/subprocess.py", line 505, in run
    stdout, stderr = process.communicate(input, timeout=timeout)
  File "/local1/borito1907/anaconda3/envs/watermark/lib/python3.10/subprocess.py", line 1146, in communicate
    self.wait()
  File "/local1/borito1907/anaconda3/envs/watermark/lib/python3.10/subprocess.py", line 1209, in wait
    return self._wait(timeout=timeout)
  File "/local1/borito1907/anaconda3/envs/watermark/lib/python3.10/subprocess.py", line 1959, in _wait
    (pid, sts) = self._try_wait(0)
  File "/local1/borito1907/anaconda3/envs/watermark/lib/python3.10/subprocess.py", line 1917, in _try_wait
    (pid, sts) = os.waitpid(self.pid, wait_flags)
KeyboardInterrupt
Command succeeded: python watermarked_text_generator.py ++prompt_file='./data/WQE/dev.csv' ++id=1068482775 ++prompt_num=-1 ++is_completion=False ++generator_args.temperature=1 ++generator_args.diversity_penalty=0 ++generation_stats_file_path='./inputs/dev_semstamp_retry_4/gen_stats/prompt_1068482775.csv' ++watermark_args.use_fine_tuned=False ++watermarked_text_file_path='./inputs/dev_semstamp_retry_4/watermarked_texts.csv' 
Output:
Success
Command succeeded: python watermarked_text_generator.py ++prompt_file='./data/WQE/dev.csv' ++id=3740859354 ++prompt_num=-1 ++is_completion=False ++generator_args.temperature=1 ++generator_args.diversity_penalty=0 ++generation_stats_file_path='./inputs/dev_semstamp_retry_4/gen_stats/prompt_3740859354.csv' ++watermark_args.use_fine_tuned=False ++watermarked_text_file_path='./inputs/dev_semstamp_retry_4/watermarked_texts.csv' 
Output:
Success
Command succeeded: python watermarked_text_generator.py ++prompt_file='./data/WQE/dev.csv' ++id=2095526493 ++prompt_num=-1 ++is_completion=False ++generator_args.temperature=1 ++generator_args.diversity_penalty=0 ++generation_stats_file_path='./inputs/dev_semstamp_retry_4/gen_stats/prompt_2095526493.csv' ++watermark_args.use_fine_tuned=False ++watermarked_text_file_path='./inputs/dev_semstamp_retry_4/watermarked_texts.csv' 
Output:
Success
Command succeeded: python watermarked_text_generator.py ++prompt_file='./data/WQE/dev.csv' ++id=3643961439 ++prompt_num=-1 ++is_completion=False ++generator_args.temperature=1 ++generator_args.diversity_penalty=0 ++generation_stats_file_path='./inputs/dev_semstamp_retry_4/gen_stats/prompt_3643961439.csv' ++watermark_args.use_fine_tuned=False ++watermarked_text_file_path='./inputs/dev_semstamp_retry_4/watermarked_texts.csv' 
Output:
Success
