2024-07-30 13:22:57,243:INFO:Running command: python watermarked_text_generator.py ++watermark_args.name=umd ++watermark_args.embedder='' ++watermark_args.delta=0.01 ++watermark_args.sp_mode=lsh ++watermark_args.sp_dim=3 ++watermark_args.lmbd=0.25 ++watermark_args.max_new_tokens=255 ++watermark_args.min_new_tokens=245 ++watermark_args.max_trials=50 ++watermark_args.critical_max_trials=75 ++watermark_args.cc_path='' ++watermark_args.train_data='' ++watermark_args.len_prompt=32 ++watermark_args.z_threshold=0.5 ++watermark_args.use_fine_tuned=True ++prompt_file='./data/WQE/dev.csv' ++prompt_num=1 ++is_completion=False ++generator_args.temperature=1 ++generator_args.diversity_penalty=0 ++generation_stats_file_path='./inputs/dev_real_umd_speed/gen_stats/prompt_1.csv' ++watermark_args.use_fine_tuned=False ++watermarked_text_file_path='./inputs/dev_real_umd_speed/watermarked_texts.csv' 
2024-07-30 13:22:57,243:INFO:Saving results to ./inputs/dev_real_umd_speed/logs/logfile_1.log
2024-07-30 13:26:09,809:INFO:Command executed successfully
2024-07-30 13:26:09,809:INFO:stdout, stderr
2024-07-30 13:26:09,809:INFO:('Success', None)
2024-07-30 13:26:09,809:INFO:Running command: python watermarked_text_generator.py ++watermark_args.name=umd ++watermark_args.embedder='' ++watermark_args.delta=0.01 ++watermark_args.sp_mode=lsh ++watermark_args.sp_dim=3 ++watermark_args.lmbd=0.25 ++watermark_args.max_new_tokens=255 ++watermark_args.min_new_tokens=245 ++watermark_args.max_trials=50 ++watermark_args.critical_max_trials=75 ++watermark_args.cc_path='' ++watermark_args.train_data='' ++watermark_args.len_prompt=32 ++watermark_args.z_threshold=0.5 ++watermark_args.use_fine_tuned=True ++prompt_file='./data/WQE/dev.csv' ++prompt_num=2 ++is_completion=False ++generator_args.temperature=1 ++generator_args.diversity_penalty=0 ++generation_stats_file_path='./inputs/dev_real_umd_speed/gen_stats/prompt_2.csv' ++watermark_args.use_fine_tuned=False ++watermarked_text_file_path='./inputs/dev_real_umd_speed/watermarked_texts.csv' 
2024-07-30 13:26:09,809:INFO:Saving results to ./inputs/dev_real_umd_speed/logs/logfile_2.log
Traceback (most recent call last):
  File "/local1/borito1907/anaconda3/envs/watermark/lib/python3.10/runpy.py", line 196, in _run_module_as_main
    return _run_code(code, main_globals, None,
  File "/local1/borito1907/anaconda3/envs/watermark/lib/python3.10/runpy.py", line 86, in _run_code
    exec(code, run_globals)
  File "/local1/borito1907/impossibility-watermark/generate_dev.py", line 89, in <module>
    main()
  File "/local1/borito1907/impossibility-watermark/generate_dev.py", line 79, in main
    stdout, stderr = run_command(command, log_filepath)
  File "/local1/borito1907/impossibility-watermark/generate_dev.py", line 17, in run_command
    _ = subprocess.run(command, shell=True, check=True, text=True, stdout=f, stderr=subprocess.STDOUT)
  File "/local1/borito1907/anaconda3/envs/watermark/lib/python3.10/subprocess.py", line 505, in run
    stdout, stderr = process.communicate(input, timeout=timeout)
  File "/local1/borito1907/anaconda3/envs/watermark/lib/python3.10/subprocess.py", line 1146, in communicate
    self.wait()
  File "/local1/borito1907/anaconda3/envs/watermark/lib/python3.10/subprocess.py", line 1209, in wait
    return self._wait(timeout=timeout)
  File "/local1/borito1907/anaconda3/envs/watermark/lib/python3.10/subprocess.py", line 1959, in _wait
    (pid, sts) = self._try_wait(0)
  File "/local1/borito1907/anaconda3/envs/watermark/lib/python3.10/subprocess.py", line 1917, in _try_wait
    (pid, sts) = os.waitpid(self.pid, wait_flags)
KeyboardInterrupt
Command succeeded: python watermarked_text_generator.py ++watermark_args.name=umd ++watermark_args.embedder='' ++watermark_args.delta=0.01 ++watermark_args.sp_mode=lsh ++watermark_args.sp_dim=3 ++watermark_args.lmbd=0.25 ++watermark_args.max_new_tokens=255 ++watermark_args.min_new_tokens=245 ++watermark_args.max_trials=50 ++watermark_args.critical_max_trials=75 ++watermark_args.cc_path='' ++watermark_args.train_data='' ++watermark_args.len_prompt=32 ++watermark_args.z_threshold=0.5 ++watermark_args.use_fine_tuned=True ++prompt_file='./data/WQE/dev.csv' ++prompt_num=1 ++is_completion=False ++generator_args.temperature=1 ++generator_args.diversity_penalty=0 ++generation_stats_file_path='./inputs/dev_real_umd_speed/gen_stats/prompt_1.csv' ++watermark_args.use_fine_tuned=False ++watermarked_text_file_path='./inputs/dev_real_umd_speed/watermarked_texts.csv' 
Output:
Success
