/local1/borito1907/anaconda3/envs/gptq/lib/python3.10/site-packages/transformers/utils/hub.py:127: FutureWarning: Using `TRANSFORMERS_CACHE` is deprecated and will be removed in v5 of Transformers. Use `HF_HOME` instead.
  warnings.warn(
[nltk_data] Downloading package punkt to /home/borito1907/nltk_data...
[nltk_data]   Package punkt is already up-to-date!
[2024-09-25 15:31:36,865][__main__][INFO] - Using the generic SentenceTransformer...
[2024-09-25 15:31:36,865][sentence_transformers.SentenceTransformer][INFO] - Use pytorch device_name: cuda
[2024-09-25 15:31:36,903][sentence_transformers.SentenceTransformer][INFO] - Load pretrained SentenceTransformer: sentence-transformers/all-mpnet-base-v1
/local1/borito1907/anaconda3/envs/gptq/lib/python3.10/site-packages/transformers/tokenization_utils_base.py:1601: FutureWarning: `clean_up_tokenization_spaces` was not set. It will be set to `True` by default. This behavior will be depracted in transformers v4.45, and will be then set to `False` by default. For more details check this issue: https://github.com/huggingface/transformers/issues/31884
  warnings.warn(
initializing random projection LSH model
loading SBERT base model...
Batches:   0%|          | 0/1 [00:00<?, ?it/s]Batches: 100%|██████████| 1/1 [00:00<00:00,  2.45it/s]Batches: 100%|██████████| 1/1 [00:00<00:00,  2.45it/s]
Batches:   0%|          | 0/1 [00:00<?, ?it/s]Batches: 100%|██████████| 1/1 [00:00<00:00, 123.15it/s]
[2024-09-25 15:31:38,705][__main__][INFO] - Embedding 1: [ 1.13929706e-02 -1.16020450e-02 -1.32213971e-02  4.36579771e-02
 -5.62369823e-02  5.12728281e-02  4.30703014e-02  2.24590469e-02
 -1.99396871e-02 -2.01145536e-03  1.76214334e-02  6.24206848e-02
  3.89074348e-02  5.95286712e-02  3.09691262e-02  1.85559075e-02
 -1.46638816e-02  1.27909100e-02 -6.85116500e-02  2.25783139e-02
 -1.56512577e-02  1.09772412e-02 -2.99915895e-02  1.42187569e-02
  6.75355345e-02  2.54594851e-02  1.21767689e-02  2.14718003e-02
 -6.30203495e-03  2.72079390e-02  5.87828942e-02 -3.09067592e-02
 -2.84491219e-02  3.16835684e-03  9.42557232e-09 -6.55173650e-03
  2.75312625e-02  2.27056015e-02  2.32311375e-02  1.88343860e-02
  6.44283891e-02  2.62649544e-02 -3.12767643e-03  8.40790477e-03
  8.06784665e-04 -2.89685223e-02  1.33233136e-02  5.47838509e-02
 -1.74601581e-02 -5.24676293e-02 -2.37809643e-02  3.07386797e-02
 -8.28844402e-03  7.50241615e-03  1.97238401e-02  8.02388489e-02
 -2.27216873e-02 -2.57641682e-03  1.09496698e-01 -3.98596860e-02
  8.12767830e-04 -3.92214283e-02 -1.29626738e-02  6.41449122e-03
  4.84373644e-02  3.49608064e-03 -7.78084621e-03 -2.24641335e-05
 -2.59622224e-02  4.73629236e-02 -2.36165933e-02  8.27828888e-03
 -4.29878868e-02 -2.46448945e-02  3.02306879e-02  6.14287592e-02
  1.84047576e-02 -5.02045788e-02  2.50728661e-03 -4.14284393e-02
  9.78087913e-03 -3.73739079e-02 -3.04836314e-02 -6.49227053e-02
  1.29419342e-02  3.04791913e-03  4.26833425e-03 -1.07290735e-02
 -3.63835692e-02 -3.34208719e-02  5.06848730e-02  1.51035388e-03
  2.74326466e-02 -2.04470567e-02 -1.40119260e-02  8.65520909e-03
  5.03638154e-03  3.86644416e-02  1.19104628e-02 -2.49401126e-02
  2.73120869e-02  5.58760166e-02  6.56121969e-02 -4.53144424e-02
  1.22855362e-02  2.58606626e-03 -2.68046744e-03 -5.56613989e-02
 -9.65610892e-02  5.26112765e-02 -1.31449038e-02  1.75017034e-04
 -3.79056041e-03 -6.29574805e-02 -8.26964602e-02 -8.61223340e-02
  5.34587055e-02  6.98195994e-02  4.22214195e-02  2.68218648e-02
 -4.85422425e-02  3.14233936e-02  2.74884216e-02 -3.83515144e-03
  1.70538686e-02  3.40099744e-02  1.70496050e-02  4.54297215e-02
 -4.13980410e-02  6.47249594e-02 -4.00865488e-02  1.78985745e-02
  1.75791290e-02  1.15052713e-02 -2.23362502e-02  4.14717291e-03
 -2.49376111e-02 -7.98377150e-04  1.50469858e-02  1.61596294e-02
 -7.88239704e-04  4.46601659e-02  1.24811416e-03 -1.96031369e-02
 -8.19730200e-03  2.39847563e-02 -3.31231616e-02  1.34573812e-02
 -5.44276554e-03  1.26330368e-02 -2.46633328e-02  9.79553908e-04
 -1.00703649e-02  1.37387356e-03 -1.28101781e-02  2.45495383e-02
 -2.74481736e-02 -1.70731395e-02  5.58472844e-03  4.24662186e-03
  2.14045253e-02  4.05700784e-03 -1.08472100e-02  4.07078862e-02
 -3.55327502e-02 -1.21363113e-02  4.82742935e-02 -9.33458470e-03
 -1.98131148e-02  1.84639059e-02 -6.71202019e-02 -5.28212301e-02
  6.90367222e-02  1.08270332e-01  7.80044263e-03  3.52095850e-02
  3.18690091e-02 -3.64472670e-03 -5.43936007e-02 -6.73819706e-03
 -4.35713772e-03  1.58867252e-03  2.89451722e-02 -2.41566580e-02
  1.99086871e-02  1.63492784e-02  8.88015237e-03 -3.78151685e-02
  1.07343625e-02  1.72560401e-02 -2.48808973e-02 -7.12984521e-03
  2.86565423e-02  3.44283432e-02  2.30348129e-02 -7.26034939e-02
 -7.41617521e-03  1.02676814e-02  3.26791704e-02 -3.85783729e-03
 -6.86584935e-02 -2.75915512e-03 -2.30136998e-02 -3.21640894e-02
  2.18763314e-02  5.71689010e-02 -5.02385385e-02 -1.64661426e-02
  2.38910760e-03  1.94309484e-02  1.12998195e-01  2.83050351e-02
 -4.49693687e-02 -1.57984681e-02 -3.17592197e-03  3.14119160e-02
  1.33492807e-02  4.81093563e-02 -2.29465831e-02  3.00109293e-02
 -2.46554759e-04  9.66649596e-03  5.06583862e-02 -1.95089821e-02
 -8.76255706e-02  1.21017341e-02 -2.23287959e-02  2.19848864e-02
  1.20050041e-03 -7.25565897e-03 -7.44920282e-04 -1.23410150e-02
  1.94680952e-02 -3.87437493e-02  3.81088406e-02  4.51403819e-02
 -9.13457796e-02  3.35790776e-02 -3.27793807e-02  2.17748843e-02
 -2.79329754e-02 -6.71986565e-02  2.91104726e-02 -5.25019830e-03
 -2.88391765e-02  4.53121215e-02  1.26995957e-02  1.17008025e-02
  1.37934340e-02  1.43520022e-03  2.54321657e-02 -2.26382855e-02
 -2.42391191e-02  1.44613963e-02 -2.38687135e-02 -5.34127317e-02
 -6.86242525e-03 -1.62739996e-02 -1.34333549e-02 -5.90740331e-02
  3.61411832e-02 -2.86976434e-02  1.71236601e-02 -1.40265431e-02
 -4.89032455e-03 -2.34638639e-02  5.40069565e-02 -4.99358438e-02
 -1.39057764e-03  2.21889224e-02  2.03019101e-02  6.69989139e-02
  1.05145872e-02  4.35011927e-03  1.17131770e-02 -7.16656446e-02
 -7.55650178e-02 -1.59148760e-02 -2.41874103e-02  2.72426438e-02
 -1.52804004e-02  1.06915319e-02 -3.29173617e-02 -2.01623980e-03
 -3.70161757e-02 -1.83193721e-02  8.22263211e-03  5.03838249e-02
 -3.72880101e-02  1.65577512e-02  2.17269864e-02 -2.85587832e-02
  2.02936362e-02  8.88319686e-03  4.67335917e-02  2.02506781e-02
 -3.69568286e-03  7.83284605e-02  6.33815653e-04 -2.04615574e-02
 -6.03047619e-03  3.66022950e-03  4.86758025e-03 -5.80081623e-03
  1.42128896e-02  5.19855553e-03  2.41254624e-02 -1.58192404e-02
 -3.00415084e-02 -1.71557162e-02 -1.77906659e-02  9.60781518e-03
 -1.45543367e-02 -1.22617194e-02 -2.33489387e-02 -5.19950315e-03
 -1.06378933e-02  2.80340370e-02 -3.99968959e-02  7.28178993e-02
 -4.01512235e-02  1.21686431e-02  1.12046394e-02 -5.80295026e-02
 -8.08761176e-03  1.50500322e-02  1.93840917e-02  1.87983494e-02
  1.84461959e-02  1.38239795e-02  5.91701455e-03 -1.19249625e-02
  2.83842236e-02  5.64839952e-02  1.92625057e-02 -5.91776043e-04
  1.13534229e-02 -4.54901122e-02 -1.91614665e-02  4.85952310e-02
  1.15280505e-02 -4.70557697e-02 -7.35509722e-03  4.95898053e-02
 -4.18319590e-02 -7.77144283e-02 -4.78193350e-03  1.78931840e-02
 -3.94561961e-02  3.00398469e-02  2.94505134e-02  8.52169644e-04
  1.17816264e-02  1.96707193e-02 -1.25074117e-02 -2.66660172e-02
 -5.25642224e-02  7.90954232e-02  9.29305516e-03 -3.80435325e-02
 -2.54677776e-02 -8.29974096e-03 -5.55929691e-02  1.75407790e-02
 -5.68853281e-02  4.68444191e-02  1.22762518e-02  3.80334854e-02
  3.55402865e-02 -2.10455502e-03  8.01311061e-02  2.95837019e-02
  4.69048880e-02  4.88873944e-03 -1.21022351e-02 -5.05885370e-02
  4.13132347e-02  3.89230885e-02  4.39953804e-02 -9.08524916e-03
 -1.77813433e-02  2.10221577e-02 -4.49143760e-02 -3.10964175e-02
  2.91729830e-02  2.05038525e-02 -2.88523231e-02  4.23412025e-03
 -8.09213892e-03 -2.41591837e-02 -2.19054744e-02 -2.73327790e-02
 -7.94016570e-03  2.61485167e-02  2.52085179e-02  3.00200451e-02
  6.13365844e-02  2.51954468e-03 -8.45937058e-02  7.21415970e-03
  1.36612337e-02 -4.41572070e-03 -1.37096513e-02  5.65972738e-03
  2.42442098e-02 -3.24341562e-03 -5.04376665e-02 -1.71370804e-03
 -2.25905590e-02  4.35255794e-03 -8.09774268e-04  2.26324820e-03
 -1.71018653e-02 -1.22281201e-02  8.42705136e-04  1.39098754e-03
 -1.50446258e-02  2.02396009e-02 -2.14542970e-02 -3.21126096e-02
  7.94918090e-02  5.68181239e-02  4.46947897e-03  4.36384371e-03
  3.97082120e-02 -3.88826840e-02 -1.14839710e-01 -9.00621489e-02
  1.37840668e-02  2.18717363e-02 -2.83271447e-02 -1.97278764e-02
 -1.90477073e-02 -5.08548059e-02  7.39469975e-02 -6.93531334e-03
  2.26281658e-02 -1.65454838e-02 -6.85629547e-02  6.88911900e-02
 -2.44454592e-02  2.34358804e-03  1.81706380e-02  5.03377430e-03
 -2.38086679e-03 -4.56734709e-02 -3.29486816e-03 -5.05386405e-02
 -7.14008138e-02  2.90771499e-02  3.31059396e-02 -1.98550206e-02
  7.92445689e-02 -1.07942941e-02 -1.00776339e-02 -3.17562168e-04
 -2.41487864e-02  1.53161764e-01 -1.95973031e-02 -1.05848694e-02
 -4.49005701e-02  9.10698095e-09 -4.72147912e-02 -3.31544317e-02
  5.69349900e-02 -1.85571108e-02  2.25129109e-02 -6.36276677e-02
  1.39481537e-02  1.19490903e-02 -1.29337097e-02 -1.67724371e-04
 -1.46328602e-02  1.83216799e-02 -5.87850139e-02 -6.51156669e-03
  1.07200118e-02  3.99886332e-02 -6.78987652e-02 -1.46110971e-02
  4.87034135e-02  2.57156324e-02  2.61439681e-02  1.04205303e-01
  7.53907021e-03 -8.40051158e-04 -2.63934489e-03  6.83232676e-03
 -2.64206976e-02  1.95172708e-02 -2.54947916e-02  4.61779535e-03
 -2.39818953e-02  1.22572184e-02  2.75044814e-02  1.09040409e-01
 -2.36903783e-02 -3.91248288e-03 -3.38835604e-02  7.72421109e-03
 -1.10156508e-02  8.88435449e-03 -2.02459823e-02  6.47348771e-03
 -1.77357495e-02 -3.54997665e-02  8.38023331e-03  1.49330292e-02
  3.09372954e-02  3.86506878e-02 -1.05908541e-02  2.40977798e-02
  5.15980064e-04 -4.72718664e-02  2.57097501e-02 -8.59548745e-04
 -5.78062609e-02 -7.84739926e-02 -5.88257276e-02  1.80376135e-02
  7.10081356e-03 -8.65093991e-03 -1.21569410e-02  2.54538637e-02
  7.57874846e-02  9.14418399e-02 -2.25839391e-02 -1.10233435e-02
 -7.67432433e-03 -4.17918786e-02  6.97098672e-02 -1.02864429e-02
 -5.91418780e-02 -1.59138292e-02 -1.37679661e-02  2.05629375e-02
  6.03963844e-02 -1.80207305e-02 -5.84595427e-02 -1.29777296e-02
 -7.97300413e-02 -1.44266738e-02 -2.17009988e-03 -5.29354960e-02
 -2.66629197e-02 -6.81669125e-03 -2.13118456e-02  8.39631911e-03
  2.24469006e-02 -3.60673964e-02  1.63186174e-02 -6.06405549e-02
 -3.97476703e-02  1.62451901e-02  7.31346838e-04 -6.71749045e-11
  1.33204870e-02  6.40461445e-02 -1.19958725e-02  3.64418328e-02
  3.82387340e-02 -1.71401948e-02 -2.52251681e-02  2.48002466e-02
  1.86210442e-02  3.90439783e-03 -2.02188864e-02 -1.58384424e-02
 -5.86598646e-04 -1.92396827e-02  5.40047437e-02 -2.06833091e-02
 -4.74627083e-03  2.80677378e-02  4.83443681e-03 -5.66290058e-02
 -2.28910577e-02  2.87065599e-02 -1.01586170e-02 -1.67080089e-02
  4.25935211e-03 -1.14828497e-01 -6.68645045e-03 -3.07100452e-02
 -6.85698760e-05  2.24728393e-03 -4.56721522e-02 -2.93388800e-03
 -2.82006804e-02  5.01179397e-02 -3.97657137e-03  4.80779745e-02
 -9.98528861e-03  3.00860964e-02 -1.83573067e-02 -4.86457627e-03
  3.30100879e-02  2.43052021e-02  3.21279876e-02  4.42972183e-02
 -6.22359067e-02 -2.44307499e-02  1.40309697e-02 -3.32945734e-02
 -4.66228798e-02 -7.37828016e-02  3.94294225e-02 -7.15621933e-03
  4.42002565e-02 -3.78352143e-02 -2.28890721e-02 -5.18450178e-02
 -2.18193885e-02 -9.07876436e-03  1.85880791e-02 -4.55862619e-02
 -5.78053370e-02 -3.12557146e-02 -2.02129073e-02 -1.45459082e-03
  2.82481243e-03 -2.66127829e-02 -4.56755199e-02 -1.79983694e-02
 -4.18288261e-02 -3.66499126e-02  5.09990146e-03  4.72687222e-02
  3.34732197e-02 -1.16077429e-02 -6.22781366e-03  9.44595132e-03
 -2.99139810e-03  9.83282551e-03 -6.42028600e-02  8.20596293e-02
  4.79258271e-03  2.42596660e-02 -1.06989685e-02  2.17497870e-02
  2.20904090e-02  3.98531295e-02  2.14733509e-03 -1.40805673e-02
 -2.98277773e-02  4.15254198e-03 -4.80921101e-03 -2.62911636e-02
 -2.05136333e-02 -1.59013662e-02  5.61566912e-02 -1.00847460e-01
 -2.68786829e-02 -3.74718197e-02 -2.84711784e-03 -1.40484590e-02
 -4.66223657e-02  3.49450065e-03 -1.21968836e-01  5.76907769e-02
 -1.34197075e-03 -4.62202281e-02 -4.63032797e-02 -3.30287740e-02
  8.39013886e-03 -1.96383819e-02 -2.25171633e-02  2.36945413e-03
  3.72992307e-02 -7.76748881e-02  1.33833988e-02 -7.61337811e-03
  1.40139216e-03  9.72690433e-02  1.46620031e-02 -7.36888349e-02
 -1.79756619e-02  1.85207687e-02 -1.76378842e-02  1.14216758e-02
 -5.57366852e-03 -2.37468723e-02 -6.66445680e-03 -2.78293975e-02
  7.33423093e-03 -4.05811444e-02  1.09277610e-02  2.89351605e-02
  5.32485025e-08  1.10487752e-02  2.22323462e-02 -2.97377892e-02
 -3.89236398e-02  4.95110862e-02  9.55297723e-02  6.37764158e-03
  1.02620162e-02  3.08761112e-02 -3.97648774e-02  1.67362355e-02
  4.57819104e-02  2.88866777e-02  7.18666753e-03  5.54367080e-02
 -8.73779505e-03  5.89788854e-02  4.03271355e-02  3.34920525e-03
  6.80636689e-02  5.52999116e-02  1.99787971e-02  4.58585806e-02
  1.48664843e-02 -9.68056545e-03 -6.78912848e-02 -3.39417420e-02
 -1.44699719e-02  2.74632759e-02 -5.26359342e-02  5.04315877e-03
  1.76956523e-02 -8.39307532e-02  3.66298780e-02 -1.67613458e-02
  1.15631986e-02  1.52577488e-02  8.43746588e-02 -9.22056008e-03
  6.40300149e-03 -1.75094344e-02  4.84110229e-03 -2.01874552e-03
 -3.65610495e-02 -3.00970417e-03 -8.62536952e-02  1.69429146e-02
 -6.64748549e-02 -1.95800383e-02  6.29002377e-02  5.46956100e-02
  5.47890551e-02  1.99789349e-02  1.73446145e-02 -2.10200977e-02
 -6.76107127e-03 -1.13555295e-02 -1.18795326e-02  8.70303717e-03
  9.41914693e-02  1.18091824e-02 -1.20240813e-02 -1.08443918e-02
 -3.09225377e-02 -3.06138932e-03 -6.10987507e-02  1.11149373e-02
 -7.97960371e-34  3.91908130e-03  1.46570737e-02  2.47324500e-02
  3.38662751e-02  4.11487333e-02  1.34516675e-02  7.98002258e-02
 -1.33842817e-02  4.01684223e-03  5.81993721e-03 -2.52699871e-02]
[2024-09-25 15:31:38,728][__main__][INFO] - LSH Seed of Text 1: 2
Batches:   0%|          | 0/1 [00:00<?, ?it/s]Batches: 100%|██████████| 1/1 [00:00<00:00, 145.46it/s]
[2024-09-25 15:31:38,758][__main__][INFO] - LSH Seed of Text 2: 6
Batches:   0%|          | 0/1 [00:00<?, ?it/s]Batches: 100%|██████████| 1/1 [00:00<00:00, 151.28it/s]
[2024-09-25 15:31:38,819][__main__][INFO] - Embedding 2: [ 1.46897379e-02  1.01597076e-02 -2.37796083e-02  3.38055007e-02
 -1.99364033e-02  4.44189571e-02  4.65833992e-02  1.29935509e-02
 -2.08674893e-02  5.78171667e-03  3.53453867e-02  5.65912277e-02
  8.27781297e-03  7.07383454e-02  4.65629473e-02  1.68441993e-03
 -7.28432648e-03  1.10927122e-02 -6.17882907e-02  4.90631815e-03
 -5.61780436e-03  2.54795291e-02 -1.03088934e-02  2.02785451e-02
  4.66990098e-02  2.31172256e-02  2.55079046e-02  3.89140844e-02
 -5.25952987e-02  1.28621366e-02  7.53157511e-02 -3.44420113e-02
 -2.46677902e-02 -3.05767637e-04  8.85823770e-09  9.53497179e-03
  1.60465315e-02  1.90047105e-03  3.58920433e-02 -1.27384057e-02
  4.75834794e-02  2.23440845e-02 -5.90590853e-03 -6.24652533e-03
  1.00389244e-02 -5.64600527e-02 -1.90046281e-02  3.58026773e-02
 -2.65851151e-02 -5.03786504e-02 -1.57520920e-02  2.12906227e-02
 -9.84278228e-03  3.33557697e-03  2.17948668e-02  5.32321818e-02
 -2.79315114e-02 -6.90949010e-03  7.50091523e-02 -1.66956689e-02
  2.30907463e-02  1.92180648e-03 -2.93430258e-02  3.49384025e-02
  7.65060633e-02  1.82977077e-02 -8.59158207e-03 -5.33119030e-03
 -1.86159518e-02  2.55711265e-02 -2.13327967e-02  6.43130206e-03
 -2.69992203e-02 -1.51790408e-02  2.82370392e-02  4.63618189e-02
  1.14269461e-02 -5.99357635e-02  6.64259261e-03 -4.99115065e-02
  1.32650267e-02 -6.62149191e-02 -3.95692103e-02 -3.66585590e-02
  9.36996099e-03  1.06903128e-02  2.20414624e-02 -4.78022732e-03
 -2.79672835e-02 -5.72795235e-02  7.84717128e-02  8.38015042e-03
  1.49747618e-02 -3.33873406e-02 -2.20490601e-02  4.69998876e-03
  8.87038093e-03  3.07768509e-02  2.76973303e-02 -5.74274734e-02
  2.05812603e-02  5.49162291e-02  8.52120742e-02 -3.58106829e-02
 -9.09414329e-03 -1.90004930e-02 -1.80771444e-02 -6.12172633e-02
 -9.35572684e-02  6.75613359e-02  8.46724398e-03  1.49805972e-03
 -9.19384602e-03 -6.63133934e-02 -1.11385897e-01 -7.78665543e-02
  5.45601100e-02  4.47632484e-02  5.19643500e-02  8.47860798e-03
 -3.35524268e-02  6.28788993e-02  7.19242357e-03 -1.73339453e-02
  1.28923124e-02  3.57305408e-02  3.02155390e-02  4.55581173e-02
 -6.34952858e-02  6.00968711e-02 -3.37601267e-02  4.93780663e-03
  3.53153758e-02  5.08454032e-02 -3.49961445e-02  3.59338969e-02
 -8.01814906e-03  2.21080650e-02 -1.01231504e-04  7.35618919e-03
  9.58254654e-03  5.56954741e-02  1.92117505e-02 -1.61333121e-02
 -2.26018559e-02 -2.72701471e-03 -1.59067977e-02  2.60749366e-02
 -1.51625974e-02  1.85439140e-02 -9.83382575e-03  1.68369114e-02
 -2.34908424e-03  4.01937449e-03 -1.21094314e-02  1.04641737e-02
 -2.03525666e-02 -1.10510355e-02 -1.95143092e-02 -7.12117925e-03
  2.29502153e-02 -7.31980521e-03 -2.54253782e-02  3.83294709e-02
 -3.31720896e-02 -1.46989916e-02  5.23825511e-02 -3.30128297e-02
  1.41951656e-02  2.80098561e-02 -8.04803222e-02 -1.80399138e-02
  7.02359974e-02  7.91903734e-02  1.62883792e-02  5.10443337e-02
  1.59057397e-02 -2.52551902e-02 -5.74808083e-02 -1.46854867e-03
 -3.03310454e-02 -3.74252200e-02  1.60259940e-02 -3.06841191e-02
  2.21377704e-02  1.09729674e-02  2.17306241e-02 -5.38267419e-02
  3.07683658e-04 -1.28112582e-03 -2.17469223e-02 -1.89321544e-02
  3.60073000e-02  1.14527643e-02  1.84737816e-02 -5.37382290e-02
 -1.20949149e-02  3.42516066e-03 -4.71550180e-03 -3.12302783e-02
 -5.93154691e-02  1.03535475e-02 -1.47494627e-02 -2.80103218e-02
  1.95908677e-02  4.71186750e-02 -6.90667704e-02 -1.60195995e-02
  7.08281435e-03  2.14390438e-02  1.16415158e-01  1.41333891e-02
 -4.41969223e-02  7.32945919e-04  1.84459314e-02  5.63920438e-02
  1.48141216e-02  3.55112478e-02 -2.55870516e-04  2.24152692e-02
 -1.58569892e-03  1.21665588e-02  6.17328808e-02 -1.67475510e-02
 -9.32339877e-02  1.67946666e-02 -1.29592866e-02  9.02915432e-04
 -5.45310089e-04 -1.21172257e-02  4.56636585e-03 -2.85671968e-02
  1.68200284e-02 -4.06492800e-02  1.00762416e-02  2.81475373e-02
 -8.40833858e-02  3.04948259e-02 -8.26733746e-03  2.49679238e-02
 -3.42795439e-02 -7.41904452e-02  3.31571177e-02  1.41804963e-02
 -8.39467742e-04  4.41436097e-02  1.40133444e-02  1.93656404e-02
  1.51292896e-02  1.29688019e-02 -1.65626826e-03 -1.06583387e-02
 -2.02498995e-02  1.97998807e-02 -9.11433343e-03 -4.67126854e-02
 -1.70335323e-02 -1.70302670e-02 -4.58677672e-02 -7.17491135e-02
  2.21317317e-02 -1.99264605e-02  1.99684538e-02  7.66468979e-03
 -1.60846021e-02 -2.40077674e-02  5.32618389e-02 -5.46679273e-02
  8.35630205e-03  3.39524969e-02  3.84460092e-02  6.35310411e-02
  2.35071182e-02 -1.81850884e-02 -1.28978607e-03 -4.07588892e-02
 -6.12014495e-02  8.26170947e-03 -2.02247892e-02 -5.56255318e-03
  3.33542633e-03  3.50456834e-02 -2.05113627e-02 -6.27989229e-03
 -5.06579727e-02 -1.64583009e-02  7.29569746e-03  4.12069298e-02
 -3.59168984e-02  2.39386056e-02  2.80004852e-02 -1.70120522e-02
  2.84325350e-02 -3.66328005e-03  4.57841381e-02  5.66438818e-03
 -1.01179918e-02  8.00384730e-02  3.34582222e-03  1.07349260e-02
  1.16208633e-02  1.59268752e-02  6.43688627e-03  4.23807232e-03
  1.23679237e-02 -2.47597396e-02  2.93078516e-02 -1.59909576e-02
 -1.99430324e-02 -4.91929892e-03 -2.21593156e-02  1.24039529e-02
 -1.61467772e-02 -2.63867844e-02 -2.44322289e-02 -2.61940956e-02
  2.01162025e-02  3.22977528e-02 -3.76918651e-02  8.07287768e-02
 -4.34552319e-02  1.63359046e-02  1.16664125e-02 -3.07642873e-02
 -1.38968241e-03 -1.47975617e-04  2.80599408e-02  2.95612700e-02
  2.00903248e-02  9.80891194e-03 -1.08769247e-02 -5.59594575e-03
  3.88520546e-02  3.03793065e-02  1.79439075e-02 -1.67127810e-02
  4.98880958e-03 -5.79280406e-02 -2.00833902e-02  3.40412110e-02
 -5.57210203e-03 -6.18293919e-02 -1.70596745e-02  5.62240928e-02
 -3.97091359e-02 -8.62848386e-02 -1.59300528e-02  1.82713792e-02
 -3.62588204e-02  3.76721728e-03 -3.77083011e-03  5.97343175e-03
 -5.52705396e-03  1.05787236e-02 -1.85230616e-02 -3.06806788e-02
 -4.58149761e-02  9.28029194e-02 -2.15017013e-02 -5.06213121e-02
 -1.34196989e-02 -1.71243735e-02 -4.14227135e-02  1.22992583e-02
 -4.46169153e-02  5.46815470e-02  2.95743849e-02  6.55943453e-02
  1.39426086e-02  1.50214648e-02  6.24663420e-02  3.84488292e-02
  7.24848956e-02 -1.35943973e-02 -2.39372477e-02 -4.62212116e-02
  5.39458655e-02  5.76889403e-02  6.20928705e-02 -1.96667388e-03
 -8.15426186e-03  1.09568005e-02 -5.20692468e-02 -2.47617587e-02
  1.14841182e-02 -1.38174435e-02 -2.05841344e-02  5.19908033e-03
 -2.02187430e-02 -1.82993244e-02 -2.42987555e-02 -4.70221555e-03
 -2.01136013e-03  3.64843793e-02  1.94074505e-03  2.80784052e-02
  5.22293299e-02  6.37314655e-03 -7.87509456e-02 -1.94727327e-05
  2.89022573e-03 -1.65724996e-02 -4.20519290e-03  1.72976078e-03
  3.95781882e-02  8.20935587e-04 -2.96740234e-02  4.62707598e-03
 -3.31968181e-02  8.33167415e-03 -6.09269249e-04 -9.46960505e-03
 -9.24509764e-03 -1.62935685e-02  1.05765918e-02  1.90964772e-03
  1.02523935e-03  2.72895731e-02 -1.00531736e-02 -2.05816813e-02
  5.25920689e-02  4.21469919e-02  1.79054274e-03  2.11161599e-02
  3.45804431e-02 -2.53778715e-02 -1.11854747e-01 -8.87917578e-02
  9.54598095e-03  8.73664021e-03 -4.01255190e-02 -1.83785986e-02
 -2.47617122e-02 -3.86923887e-02  4.49755751e-02  2.45116074e-02
 -9.14748013e-03 -9.92323458e-03 -4.57998626e-02  7.67362788e-02
  1.64938357e-03 -3.50910462e-02  2.74908450e-02  4.52976627e-03
  1.11747254e-02 -4.44613621e-02  2.83704847e-02 -4.47314642e-02
 -5.32734878e-02  4.02986556e-02  3.91880684e-02 -3.52452472e-02
  1.04775444e-01  2.94011761e-03 -1.01323985e-03  8.92673712e-03
 -3.00289951e-02  1.37944192e-01 -3.40118073e-02 -8.50765035e-04
 -2.96073928e-02  8.95611318e-09 -2.92924363e-02 -1.81167405e-02
  2.02617552e-02  6.80523040e-03  8.99705477e-03 -6.48024455e-02
  2.77906377e-02  1.21853771e-02  1.53393606e-02  7.51413777e-03
 -1.28580481e-02  5.75492205e-03 -5.56838475e-02 -4.75213071e-03
 -3.27943116e-02  1.93508863e-02 -7.30377510e-02  1.66542828e-02
  6.57185391e-02  1.59655027e-02  2.49200650e-02  8.63415599e-02
  5.16446959e-03  1.09610392e-03 -1.80150531e-02  8.48827604e-03
 -4.11488749e-02  3.12755667e-02 -5.03128320e-02 -2.69278279e-03
 -2.53228582e-02  1.87771004e-02  3.75716053e-02  6.33281022e-02
 -3.25637348e-02 -9.12927790e-04 -4.10207696e-02  1.51573559e-02
  4.75375075e-03  5.93855092e-03 -3.48384567e-02  1.66604505e-03
 -8.01136121e-02 -1.64198037e-02  3.17690545e-03  9.28200502e-03
  2.85124667e-02  3.48372385e-02 -4.30961400e-02  3.78912017e-02
  1.85920903e-03 -6.23676106e-02 -1.54021627e-03  2.64346562e-02
 -1.17273994e-01 -6.53691217e-02 -5.38026355e-02  3.01704537e-02
  8.91676100e-05 -3.37625928e-02 -1.45394374e-02  3.14457677e-02
  8.37615952e-02  7.01238513e-02 -2.95223780e-02 -2.54626735e-03
 -7.84006435e-03 -2.72441562e-02  5.97261824e-02 -1.79001950e-02
 -4.72918637e-02 -7.97307119e-03 -4.34168614e-03  2.76600365e-02
  5.77340089e-02 -1.36048319e-02 -3.46710011e-02 -7.75598036e-03
 -3.97719555e-02 -1.25313727e-02  7.65299285e-03 -2.44020764e-02
 -3.34230550e-02 -2.39478797e-02 -3.39644887e-02 -1.49228349e-02
  1.74521971e-02 -3.56437601e-02  1.47982212e-02 -3.37004699e-02
 -2.41244473e-02  2.90406886e-02 -2.07923731e-04 -1.56570368e-10
  3.15954983e-02  4.48862240e-02 -2.57914569e-02  4.49544415e-02
  2.40718257e-02 -4.94360412e-03 -1.80224341e-03  2.31465939e-02
 -2.49585952e-03 -1.52659770e-02 -2.46091485e-02 -2.30605379e-02
  2.71947891e-03 -6.17638172e-04  4.23870943e-02 -9.58978292e-03
 -1.90152857e-03  2.87937000e-02  1.70798078e-02 -4.69174981e-02
 -5.55379651e-02  3.58743817e-02 -1.94073245e-02 -1.87418386e-02
  5.12122735e-03 -9.85479578e-02  4.13304148e-03 -1.86214000e-02
 -6.38089096e-03 -1.32401641e-02 -3.83658931e-02  4.23853332e-03
 -2.54097357e-02  3.83008607e-02 -4.49829065e-04  1.81806181e-02
 -1.42393736e-02  3.36229168e-02 -4.51162383e-02  1.55581329e-02
  2.64250822e-02  3.27132200e-03  2.19911784e-02  4.75726426e-02
 -8.59941468e-02 -2.86801066e-02 -4.77026915e-03 -4.42481190e-02
 -4.29258123e-02 -6.26006871e-02  5.01461215e-02  1.13951659e-03
  3.84989381e-02 -3.60329747e-02 -2.73088794e-02 -1.55694373e-02
 -1.98828685e-03 -2.98492424e-02  1.60690118e-02 -2.65575573e-02
 -5.75568713e-02 -1.23919807e-02 -1.58229973e-02 -1.32796895e-02
  3.36114573e-03 -7.16846390e-03 -7.37454146e-02 -1.93322189e-02
 -2.29408666e-02 -5.32848388e-02 -7.59801688e-03  4.76792604e-02
  1.60856862e-02 -8.72164872e-03 -1.33197033e-03  1.17010465e-02
 -7.77628645e-03  3.40376794e-02 -5.51594570e-02  7.07058534e-02
 -4.06616600e-03  3.98243852e-02 -7.26227462e-03  5.74378902e-03
  3.11542619e-02  4.01663259e-02  1.66540910e-02 -7.17949262e-03
 -2.78875493e-02  6.75421720e-03 -3.40179424e-03 -2.89701391e-02
 -1.76146477e-02 -2.04845183e-02  6.35678396e-02 -1.01726182e-01
 -1.83075313e-02 -4.16969247e-02 -5.00287802e-04  1.52925737e-02
 -1.52387042e-02 -1.28307445e-02 -1.23821951e-01  4.71399799e-02
  6.39132271e-03 -4.45240438e-02 -5.38262203e-02 -7.55807909e-04
 -3.29996971e-03 -2.68795881e-02 -2.01629242e-04 -2.27039065e-02
  5.95150143e-02 -7.33175129e-02  2.23532151e-02 -1.63283031e-02
  1.32061178e-02  5.79121001e-02  2.76039150e-02 -8.79785717e-02
 -1.33283325e-02  1.74447149e-02 -2.59521272e-04  1.79193839e-02
 -1.22947916e-02 -4.09411378e-02  1.19650858e-02 -2.76236199e-02
 -1.15264012e-02 -5.78733645e-02  9.28227231e-03  2.27021277e-02
  6.21183958e-08 -3.67309502e-03 -3.96345090e-03 -5.55036068e-02
 -3.66209410e-02  4.40118834e-02  1.09418683e-01  3.87539901e-02
  3.26293036e-02  2.08409596e-02 -5.98415695e-02  1.64787602e-02
  4.80069667e-02  1.74353998e-02 -1.43746962e-03  2.35083234e-02
 -4.32075514e-03  6.88607842e-02  5.24900965e-02 -5.81548223e-03
  7.01118633e-02  5.32029532e-02  3.58035229e-02  3.85963432e-02
  3.29669416e-02  1.05625317e-02 -4.48281765e-02 -2.59062089e-02
 -1.08243451e-02  4.13630046e-02 -5.14713489e-02  8.55367072e-03
  1.00158239e-02 -7.86645189e-02  4.15016338e-02 -1.83250513e-02
 -3.68960854e-03 -1.40343304e-03  7.02538416e-02 -1.65477172e-02
  1.94009803e-02  8.13437626e-03 -5.69899858e-04 -2.86792424e-02
 -2.43500322e-02  1.20555684e-02 -6.71146661e-02  1.03854220e-02
 -5.37695140e-02  9.06659476e-03  7.19677359e-02  5.96832931e-02
  6.05878420e-02  7.82176852e-03  4.90405364e-03 -2.53224783e-02
  9.32040811e-03 -1.15490314e-02 -2.55125724e-02  2.88633015e-02
  1.02742061e-01 -8.41319561e-04 -6.34765439e-03 -1.63258389e-02
 -1.54606125e-03 -1.72464699e-02 -9.55882072e-02  2.58393306e-02
 -7.41856230e-34  1.59018871e-03  7.41173653e-03  2.56740861e-02
  5.33951372e-02  5.18817753e-02  8.15038383e-03  7.73402154e-02
  6.08012015e-05  4.27994924e-03  1.56602915e-02 -3.64582092e-02]
[2024-09-25 15:31:38,844][__main__][INFO] - Cosine Similarity: 0.9104119539260864
Batches:   0%|          | 0/1 [00:00<?, ?it/s]Batches: 100%|██████████| 1/1 [00:00<00:00, 87.84it/s]
Batches:   0%|          | 0/1 [00:00<?, ?it/s]Batches: 100%|██████████| 1/1 [00:00<00:00, 91.73it/s]
[2024-09-25 15:31:38,898][__main__][INFO] - Embedding 1: [-5.86583391e-02 -5.78241365e-04 -1.11619558e-03  2.99492721e-02
  5.82513250e-02  9.65452287e-03 -1.16653787e-02  4.30363230e-03
  6.81210589e-03  9.75230243e-03 -5.10951020e-02  1.59631129e-02
 -1.95746254e-02 -4.75444878e-03  3.31272408e-02  7.74053205e-03
 -1.61503162e-02  2.36407872e-02  2.68867072e-02  1.85449049e-02
  6.08455613e-02 -3.13397795e-02  2.25779824e-02 -4.63238806e-02
  4.22477312e-02 -8.31664652e-02 -2.16687452e-02  6.81812242e-02
 -5.90077676e-02 -6.99685812e-02 -4.94956374e-02  3.42228822e-02
 -1.22467568e-02 -4.17536981e-02 -1.20789034e-09  1.93695072e-02
  8.17415118e-03  8.99546035e-03 -3.65150534e-02  1.93323269e-02
  5.03462441e-02 -3.50099988e-02 -1.69745516e-02 -1.81532316e-02
 -1.24606155e-02  3.34445052e-02  2.15850361e-02  2.34083198e-02
 -2.30631325e-02  1.15085505e-02 -1.15615390e-02  5.17583862e-02
 -1.86034050e-02 -1.01836910e-02  4.38898429e-02  3.58640701e-02
 -9.43464506e-03 -1.26761034e-01  3.73411104e-02 -3.88125516e-02
  8.81142169e-03  2.10161712e-02 -1.44564537e-02 -1.65477954e-02
 -1.52220652e-02  5.59056513e-02  1.16507029e-02 -1.03033911e-02
  1.40008405e-02  6.48107519e-03 -4.26424146e-02  2.76685320e-02
  1.06969466e-02  5.46555594e-02 -2.06061397e-02  3.16306241e-02
 -4.60011177e-02  7.78926257e-03  1.92674976e-02 -4.80087847e-02
 -2.41991021e-02  2.13079657e-02 -3.01656500e-03  1.18498178e-02
  1.06830355e-02  1.89029872e-02  1.08573753e-02 -1.13824746e-02
 -9.46193992e-04  7.43924174e-03 -2.42933445e-02 -3.90066318e-02
  2.22936105e-02 -1.42272701e-02  2.66597494e-02 -4.52462882e-02
  5.67960404e-02 -1.59847736e-02 -3.28690149e-02 -1.93306282e-02
  1.22821573e-02 -3.10360286e-02  6.94059208e-03 -2.74218302e-02
 -3.00928727e-02 -2.46806610e-02 -1.19943637e-02 -1.10056177e-01
 -3.78230587e-02  1.80104114e-02  1.04765231e-02  5.25405689e-04
  2.39469372e-02  1.86490212e-02 -4.62037399e-02  1.71274040e-02
 -3.24348286e-02  8.80479719e-03  1.33186132e-02  1.09498398e-02
 -1.02010462e-02  6.08124062e-02  1.14890607e-02  3.26884091e-02
  1.24507630e-02 -6.06838167e-02  5.12672253e-02  1.55493924e-02
 -8.78383033e-03 -8.65308419e-02  3.84730799e-03  8.81323311e-03
  1.74528398e-02 -3.52616608e-02  3.74533534e-02  3.89775867e-03
  2.85693053e-02  2.34275181e-02  9.13961753e-02  2.85101403e-02
  1.05553726e-03  2.16496605e-02  5.26053496e-02  3.59124206e-02
 -2.26001143e-02 -5.41513637e-02  6.17513806e-03  1.45175857e-02
  2.60341982e-03  3.73527058e-03  1.69309396e-02  1.80111825e-02
 -2.56443359e-02 -2.47332035e-03 -6.77392334e-02 -2.92638876e-02
 -7.07404595e-03 -4.70832326e-02 -9.66166146e-03  1.62135586e-02
 -2.67169885e-02  4.54137027e-02  4.01670486e-02 -1.82018743e-03
  8.74661468e-03 -6.68910146e-02 -6.14584759e-02  6.63602212e-03
 -1.02094933e-02 -6.62460970e-03  6.18450753e-02 -4.87341546e-02
 -6.57574972e-03  1.71805974e-02  1.08838058e-03  5.04758060e-02
 -9.82892350e-04  1.96524486e-02 -1.39714256e-02 -7.20641622e-03
  5.56901693e-02  3.40824313e-02  2.57146973e-02 -7.38048032e-02
 -2.36983690e-02 -3.06802988e-03 -1.87645350e-02  1.21432673e-02
 -1.41458139e-02  3.92252319e-02 -5.80131486e-02  2.77774055e-02
 -4.01964746e-02 -5.05649671e-03 -1.78673770e-02 -3.46005638e-03
  9.97202620e-02 -2.38141622e-02  3.15357558e-02 -1.84693653e-02
 -3.33434977e-02  1.78735591e-02 -5.50472960e-02  2.57908106e-02
 -7.54097700e-02  2.61324625e-02 -3.60216736e-03  2.75964029e-02
  4.83034411e-03  1.88653171e-02  4.63026688e-02  4.64000367e-02
  3.45566683e-02  7.64758559e-03  1.46308653e-02 -4.35826071e-02
 -6.33858563e-03 -1.54599734e-02 -2.47924589e-02  2.76012979e-02
  4.56307083e-03  1.01655163e-01 -2.68511511e-02  7.54657434e-03
  1.58169912e-03 -2.90707313e-02  1.44585613e-02  1.96156763e-02
 -3.54255252e-02 -5.22946343e-02  3.04150628e-03  7.00026611e-03
  5.91032952e-02 -3.25373597e-02  5.25906086e-02  3.50244418e-02
  7.34696090e-02 -6.25770958e-03  2.63638161e-02 -4.23844643e-02
 -1.48437032e-02 -6.77374676e-02 -2.94585782e-03 -1.31438766e-02
  1.64986588e-02 -1.52466502e-02 -7.95994848e-02  1.95154846e-02
 -2.76668835e-02  4.06822599e-02  5.10266870e-02  1.78670846e-02
 -5.92444651e-02  8.64964351e-03  5.20467274e-02  1.56843830e-02
 -2.86991466e-02 -3.81820314e-02 -4.11140546e-02 -6.21681064e-02
 -4.61265631e-02  1.96447466e-02  3.87900621e-02 -7.87985139e-03
 -8.49049818e-03  2.10241154e-02 -2.28787474e-02 -5.75419031e-02
  1.87959317e-02  1.26761803e-02  2.93860454e-02  2.37494260e-02
  6.87745512e-02 -2.24200115e-02 -1.05913114e-02 -2.83972453e-02
 -2.65515852e-03 -3.88754979e-02  2.84715220e-02 -1.66155137e-02
 -3.16924267e-02  1.95195880e-02 -1.25447633e-02  2.03019120e-02
 -1.44792153e-02  3.07076182e-02  1.07600860e-01  1.80020612e-02
 -4.09221314e-02  3.73796970e-02 -8.27417988e-03  3.55588533e-02
  1.84487216e-02 -2.57793069e-03  4.85945232e-02 -1.54558718e-02
 -6.61297562e-03  2.07707416e-02 -1.01546925e-02 -2.91982032e-02
  7.40567269e-03  3.30592319e-02 -2.68077888e-02 -8.67103133e-03
  4.73044999e-02  5.35535477e-02 -1.49215125e-02  3.26347165e-02
  1.92390773e-02 -3.20964074e-03 -2.31982507e-02 -8.25797487e-03
  6.17036261e-02  5.53829931e-02  6.41587423e-03 -2.86286548e-02
 -5.03634587e-02  5.76475635e-03  2.51034759e-02  5.89476004e-02
 -2.03528255e-02  7.39112380e-04 -2.34127454e-02 -2.06196196e-02
  2.60239113e-02  2.37689335e-02  1.18965097e-03  4.90786023e-02
 -8.42705462e-03 -6.71475008e-02 -2.01522168e-02 -8.34656693e-03
 -4.02184278e-02 -1.00311134e-02 -2.04943363e-02 -4.87013981e-02
 -1.02799181e-02 -6.93937112e-03  1.60315186e-02 -2.95699500e-02
  1.74930524e-02 -6.17405996e-02  3.34255472e-02 -2.60423012e-02
 -4.65582125e-02  5.78158768e-03  2.04280019e-02  4.87733254e-04
 -3.44289020e-02 -1.95667222e-02 -4.52382341e-02  5.33417724e-02
 -1.18216523e-03  1.89698432e-02 -2.32537314e-02  1.27036795e-02
  3.78116369e-02  5.78441918e-02  4.79220971e-02  2.14081490e-03
  5.33228479e-02  5.08180484e-02  5.40230423e-02  6.95886463e-02
  1.93185862e-02  2.27192547e-02  2.59870458e-02 -4.98209298e-02
 -2.44321488e-03 -1.06177121e-01 -4.61700074e-02 -7.14409724e-03
  1.77697232e-03  7.95897748e-03 -1.00065228e-02 -8.48972052e-02
  1.46142961e-02 -5.05009107e-02  7.53382891e-02  9.23211128e-03
  2.24690624e-02  6.22631935e-03  7.46770278e-02  2.72585694e-02
 -3.22728837e-03 -9.40827373e-03  7.03240000e-03 -6.42784033e-03
  6.21990152e-02  1.26311444e-02  2.40467885e-03  4.46207598e-02
  7.13830367e-02 -4.25030589e-02  6.95651630e-03 -3.71404388e-03
  6.93610287e-04 -2.63460074e-02 -1.10951886e-02  1.41113130e-02
 -1.88090503e-02  1.12896137e-01 -3.53703015e-02  4.64914516e-02
  4.15082909e-02 -7.44991899e-02 -1.66402608e-02  4.46060672e-02
  3.14079858e-02 -1.02537135e-02  2.53904946e-02  2.93313945e-03
  4.40395698e-02  1.12880850e-02  1.01886084e-02  5.24387928e-03
 -8.16706102e-03 -5.61250299e-02 -1.57630462e-02  1.62269287e-02
  3.85906771e-02  5.35219489e-03 -1.16428499e-04  3.81838046e-02
  7.87350535e-02  6.44267797e-02 -7.31757805e-02  1.50807193e-02
  1.82316490e-02  1.21159712e-02 -2.09989455e-02 -7.09865335e-03
  3.28594632e-02  4.82768938e-02  3.75735499e-02 -6.69039935e-02
 -6.95235934e-03 -2.32274439e-02 -1.04292214e-03 -1.09024784e-02
  9.61527228e-03  1.50395622e-02  5.13661013e-04 -1.76122747e-02
 -1.64585896e-02  6.75293878e-02 -8.37956183e-03  1.33245410e-02
 -9.46395006e-03  7.81852403e-04  3.63978297e-02 -2.93681547e-02
  7.35857859e-02 -4.18140902e-04  9.26807001e-02  2.64350455e-02
  4.78586964e-02 -5.50011918e-02 -2.57006548e-02 -1.36404037e-02
  3.01023908e-02  2.06937116e-08 -7.55550936e-02 -3.70374992e-02
 -3.59981768e-02  6.62931278e-02 -4.81549762e-02 -1.10632971e-01
  7.31023634e-03  2.04516221e-02 -8.42568651e-02  2.15134528e-02
  1.07770963e-02  4.03211452e-02 -1.74822635e-03  3.76717038e-02
 -1.33260870e-02 -1.53020388e-02 -1.04131550e-01  6.55381242e-04
  5.96056879e-02  5.54867797e-02 -4.36185263e-02  1.32230856e-02
  1.95226038e-03  7.21894857e-03  7.98843708e-03 -4.32957523e-02
 -3.05701680e-02  4.52429540e-02  7.47586787e-03 -2.43858658e-02
 -4.41344529e-02 -2.73623262e-02 -5.45638278e-02 -3.08049042e-02
 -4.50264364e-02 -4.32646498e-02  5.87834930e-03 -5.36649711e-02
  5.11257313e-02 -4.68634777e-02  6.44583069e-03  2.88907643e-02
  2.12168172e-02 -7.19541758e-02  7.26301782e-03  3.05146202e-02
  2.22534649e-02 -2.52657849e-02 -4.02429290e-02 -1.49540482e-02
 -6.20490164e-02 -6.14442267e-02  4.90596220e-02  2.18295399e-02
 -1.96688417e-02  2.13814676e-02  9.75267496e-03  6.69869557e-02
  6.08345028e-03 -3.04800849e-02  8.73481575e-03 -5.29557690e-02
 -1.14967339e-02 -8.37382954e-03  2.23436169e-02 -1.28205996e-02
  3.77992005e-03  1.65924698e-03  1.24777975e-02 -3.93634774e-02
  2.39668656e-02 -2.41210163e-02  1.94087308e-02  7.12174326e-02
  7.86830392e-03 -7.94365779e-02  8.46374873e-03 -2.20633969e-02
  9.67224594e-03  1.12516899e-02 -1.35220047e-02  3.09310146e-02
 -7.98000209e-03  2.98848413e-02 -6.81736087e-03  1.10662067e-02
 -5.13951369e-02 -2.37823953e-03  1.13190543e-02 -2.19711345e-02
 -9.26873460e-03 -2.25007255e-02  1.07981469e-02  6.89278912e-11
  1.48621562e-03  9.66740549e-02 -9.63968923e-04 -7.33626122e-03
 -6.26537725e-02  1.13576939e-02 -2.56143371e-03  7.06854556e-03
  2.58718822e-02 -3.57430056e-02 -2.32267957e-02  1.12961540e-02
  7.12474203e-03  5.23399969e-04  1.06578879e-03 -1.25847049e-02
  2.32248306e-02  2.78291143e-02  2.93819467e-03 -1.40311662e-02
 -7.13758590e-03 -1.10806124e-02 -4.56844121e-02 -2.62125526e-02
 -2.02028211e-02  3.31890881e-02 -3.12614068e-02  2.27480242e-03
  1.79452896e-02  1.32543296e-02 -3.86918932e-02 -2.45868452e-02
 -6.93431217e-03  1.21389098e-01 -9.29290056e-03  1.35806724e-02
  4.86209765e-02  1.20274443e-02 -6.29255027e-02 -2.09315866e-02
  1.35706346e-02 -3.53261903e-02 -1.31108528e-02  1.89643651e-02
  2.97186500e-03  1.79769676e-02 -5.20953955e-03 -2.25036200e-02
  7.31892593e-04 -3.94173190e-02 -3.63226025e-03  7.70106632e-03
  3.91060933e-02 -9.22897011e-02 -2.65315780e-03  3.82202677e-02
  3.24658342e-02 -3.52336541e-02 -2.47620400e-02 -9.24409553e-03
  9.26502720e-02  3.66634652e-02  2.72624521e-03  8.74516834e-03
  4.14499827e-02 -1.80655085e-02  2.83995476e-02 -6.29314035e-03
  2.06584864e-05 -6.07314296e-02  4.88595553e-02 -1.22628994e-02
 -1.56238759e-02 -3.82437780e-02  2.95463093e-02  2.28596735e-03
 -1.69152189e-02 -6.85883388e-02 -9.02023353e-03  8.34791437e-02
 -5.08004390e-02 -1.55827182e-03  1.19231883e-02 -1.38588622e-02
  3.16942334e-02  4.91703860e-02 -2.27440558e-02  2.87847649e-02
 -1.37572121e-02 -5.17813722e-03 -2.48350967e-02  2.93075852e-02
 -4.62751873e-02 -3.38563658e-02 -2.82008518e-02 -1.99623071e-02
  1.11879231e-02  9.51163936e-03 -1.85776986e-02 -1.09767716e-03
 -3.70295309e-02 -3.85064557e-02 -4.97676879e-02  6.24840371e-02
  5.78560401e-03  2.63214335e-02 -6.00649323e-03  2.27560978e-02
 -4.61399965e-02  1.97209232e-02 -4.09885123e-02  1.61316320e-02
 -2.06712801e-02  9.03488975e-03  1.39600784e-02 -6.10604696e-02
 -2.47677676e-02  1.81748532e-02  3.56047531e-03  2.99690831e-02
 -4.13051955e-02  3.18559408e-02  4.08597253e-02  3.21788453e-02
 -4.35339436e-02  3.57174128e-02  1.96996909e-02 -2.33730935e-02
  9.07780230e-02 -1.62280183e-02  8.20766483e-03  2.13032588e-02
  2.70524882e-08  1.24087203e-02  3.46897207e-02 -1.71379782e-02
 -4.26602103e-02 -1.31700223e-03  1.89002026e-02 -3.59018743e-02
 -8.90255645e-02 -6.24292269e-02  1.23993736e-02  8.54011532e-03
  1.81486253e-02  2.39883680e-02  1.15504768e-02  5.30770747e-03
 -6.80217892e-02  9.28284600e-03 -4.37681787e-02  4.32002582e-02
 -3.51457149e-02 -3.77778299e-02  9.93022043e-03 -4.65989634e-02
 -2.40639057e-02  1.53255649e-02  2.20235996e-02  3.83937657e-02
 -2.88338456e-02  2.88920961e-02  2.48863008e-02  3.59398946e-02
 -2.02311333e-02 -5.87594695e-02 -6.60155714e-02  3.06313727e-02
  5.26343696e-02  4.62459354e-03  4.01652493e-02  2.45413817e-02
  4.48807813e-02 -5.10300472e-02  8.57380554e-02 -4.43898477e-02
 -8.12895522e-02 -4.02744003e-02 -8.31836984e-02 -9.96550824e-03
 -3.12793031e-02  1.87494364e-02  5.12430780e-02 -1.46412188e-02
 -1.95695609e-02 -3.66841219e-02  1.52402464e-02  2.94929370e-02
 -2.08661780e-02 -3.48604843e-02 -3.21656689e-02  2.03175773e-03
 -8.22380856e-02  4.44935067e-05  3.12421490e-02  2.03015469e-02
  7.30931163e-02 -4.74369107e-03 -4.78708073e-02 -2.02595070e-02
 -4.30374343e-33  3.04202009e-02  5.15445285e-02 -4.82517574e-03
  2.28176229e-02  1.96324550e-02  1.18712094e-02  3.21521685e-02
  4.92050778e-04  1.60068106e-02 -4.84677963e-02  1.85576715e-02]
[2024-09-25 15:31:38,903][__main__][INFO] - LSH Seed of Text 1: 0
Batches:   0%|          | 0/1 [00:00<?, ?it/s]Batches: 100%|██████████| 1/1 [00:00<00:00, 89.21it/s]
[2024-09-25 15:31:38,937][__main__][INFO] - LSH Seed of Text 2: 5
Batches:   0%|          | 0/1 [00:00<?, ?it/s]Batches: 100%|██████████| 1/1 [00:00<00:00, 89.20it/s]
[2024-09-25 15:31:39,011][__main__][INFO] - Embedding 2: [-1.39140552e-02  4.38057035e-02 -5.30584203e-03  7.36870989e-02
  3.50194909e-02  2.44288668e-02  3.13041359e-02 -2.38219257e-02
  2.92604659e-02  2.12717932e-02  1.54498611e-02  3.18118408e-02
  3.07533089e-02  3.49095352e-02  2.11524907e-02  1.27120623e-02
 -4.75015752e-02  8.00393708e-03  3.06391958e-02 -1.68360155e-02
  5.86562157e-02 -3.01955845e-02  3.60500347e-03 -4.65657897e-02
  3.78191583e-02  2.02538865e-03 -4.05119285e-02  5.13260588e-02
 -8.21252093e-02 -4.22932245e-02 -5.32399528e-02  2.78648250e-02
 -3.24836113e-02 -5.01223467e-02 -9.13940035e-09  1.41336990e-03
  2.42318455e-02  1.42773502e-02 -3.68159674e-02  9.34892613e-03
  4.67809550e-02 -1.41613986e-02 -6.09362088e-02 -1.07329674e-02
  4.29869955e-03  7.39043877e-02  4.82884087e-02  2.94531230e-02
 -3.96204852e-02  1.13582686e-02 -3.48912981e-05  1.21562174e-02
 -9.96591989e-03 -1.56602059e-02  5.28057553e-02  7.11615616e-03
  1.37702166e-03 -7.66532347e-02  3.84303145e-02 -4.40078713e-02
 -3.89410816e-02  2.83334535e-02 -2.06292327e-02 -6.49444154e-03
 -9.27173439e-03  2.83903405e-02  5.04805595e-02 -3.17720659e-02
  2.98157055e-02  1.32675515e-02 -1.31808650e-02  1.46287065e-02
  2.08467711e-02  5.61898388e-03 -2.06331648e-02  3.16217951e-02
 -3.87752876e-02  4.28976230e-02 -3.49050970e-03 -3.31285596e-02
 -4.55508232e-02 -2.79719546e-03 -1.96055323e-02  7.35820550e-03
  3.10004242e-02  4.40349709e-03  2.16855388e-02  3.57711911e-02
 -1.03981821e-02  1.42535847e-02  1.03625907e-02 -4.35876008e-03
 -9.85724293e-03 -1.32265463e-02  3.28612924e-02 -2.34505702e-02
  6.60181716e-02  5.25492914e-02 -4.48832195e-03 -2.07049735e-02
  1.12227062e-02  2.03141961e-02 -3.88322286e-02  3.86541965e-03
 -3.22302990e-02 -1.91681320e-03  2.45292089e-03 -5.52121848e-02
 -3.02523896e-02  6.59738034e-02  1.51879555e-02 -1.90455429e-02
  7.00634643e-02  2.60095652e-02 -4.57161777e-02  5.57317436e-02
 -2.79486328e-02  2.10672393e-02  1.36344424e-02  1.23529667e-02
 -4.11888905e-04  5.31116202e-02 -2.13783588e-02  4.39523794e-02
  1.41280675e-02 -4.63983826e-02  4.68538329e-02 -5.15772635e-03
 -1.69870108e-02 -8.71482864e-02  1.50675012e-04 -1.53741725e-02
 -3.59768514e-03 -2.93406919e-02  4.43977639e-02  7.74466060e-03
 -6.76914444e-03 -9.37904790e-03  9.08564851e-02  4.73747142e-02
 -2.65979171e-02  1.07859652e-02  4.52215187e-02  4.33382243e-02
 -6.73082247e-02 -6.13887608e-02 -1.99077018e-02 -2.00627968e-02
 -7.56412395e-04  1.28280511e-02 -1.64771304e-02  3.59775163e-02
 -3.18269841e-02 -2.19378015e-03 -1.02364264e-01 -2.40329541e-02
 -3.60048078e-02 -3.33858877e-02 -2.61456389e-02 -1.70138273e-02
 -9.35682654e-03  3.12146246e-02  4.55951411e-03  1.42398207e-02
  3.42357494e-02 -4.31903899e-02 -3.54882926e-02 -5.66758495e-03
 -5.47316391e-03 -5.50158955e-02  6.78436607e-02 -4.84473966e-02
 -2.94186473e-02 -3.88853103e-02 -2.00576149e-02 -6.87953159e-02
  7.75917340e-03  3.37062106e-02 -2.35700179e-02 -4.94286865e-02
  7.76255643e-03 -1.65156387e-02  2.93217488e-02 -6.16647750e-02
 -2.92757787e-02 -1.17739886e-02 -2.03658454e-02  1.09694470e-02
  2.69613718e-03  4.55310121e-02 -5.05549870e-02  6.28367253e-03
 -2.35178955e-02 -6.33333856e-03 -1.49241625e-03  5.61367162e-02
  9.71510410e-02 -4.31512557e-02  1.35222236e-02 -4.03810404e-02
 -6.06285110e-02  1.94444880e-02  1.81394499e-02  1.36162136e-02
 -3.71512286e-02  2.22218670e-02  2.30949149e-02  3.00058536e-02
  1.57802552e-02  7.15602338e-02  6.92953691e-02 -2.61899503e-03
  4.43520620e-02 -2.25023795e-02  1.35550310e-03 -6.10635765e-02
  7.50541640e-03 -1.70465000e-02 -3.60731734e-03  4.55301367e-02
 -1.85175706e-02  4.53412645e-02 -1.31722754e-02 -2.16471609e-02
  3.36663015e-02 -2.34946273e-02  2.83590909e-02  3.78317758e-02
 -5.35648055e-02 -3.51378396e-02 -2.73538977e-02 -1.61971264e-02
  1.34964734e-02 -4.99669323e-03  7.31432363e-02  1.86901353e-02
  6.45227134e-02  1.39039988e-02  5.70457093e-02 -8.62959996e-02
  5.44262072e-03 -4.49962430e-02  1.34806102e-02 -8.06459971e-03
 -1.50073003e-02 -1.87482759e-02 -6.62159696e-02 -2.47349069e-02
 -4.69914041e-02  1.95672438e-02  1.51128881e-02 -7.46892439e-03
 -4.93646190e-02 -3.53636444e-02  1.87878534e-02  2.39559859e-02
 -3.67657989e-02 -2.17912570e-02 -4.94927317e-02 -5.90220056e-02
 -1.10571180e-02 -1.67899521e-03  4.88135256e-02 -2.47673243e-02
 -1.57526054e-03  2.97458749e-02  5.11164917e-03 -2.31093746e-02
 -1.22913532e-02 -7.05649517e-03  3.17313448e-02  3.32055278e-02
  3.72417830e-02 -3.41913924e-02  1.73763577e-02  1.24967052e-03
  4.73576672e-02 -4.05592397e-02  6.95196390e-02 -4.58062552e-02
 -6.25976641e-03 -4.14591059e-02 -2.45719273e-02  1.57879516e-02
 -3.58915851e-02  3.95523310e-02  1.64118975e-01  2.37107798e-02
 -7.39297420e-02  3.44115146e-03 -3.30382399e-02 -7.41428696e-03
  2.16855276e-02 -4.82389191e-03  1.17528858e-02 -4.63108607e-02
 -3.40921320e-02 -5.79768047e-03 -2.34878100e-02  3.88543494e-02
 -7.00564682e-03  1.74425729e-02 -7.28353718e-03  1.46714048e-02
  5.78852110e-02  6.07300363e-02 -1.71393044e-02  1.27563858e-02
 -2.69177072e-02 -8.32012743e-02 -3.64700817e-02 -4.11236519e-03
  3.97570804e-02  6.71489164e-02 -5.23655303e-03 -1.61347706e-02
 -3.17257568e-02  1.02605866e-02  9.10453219e-03  3.06935627e-02
 -3.61314602e-02  2.21590996e-02  9.47858859e-03 -1.20617868e-02
 -5.71690733e-03  4.44738828e-02  3.79880480e-02  4.17027436e-02
  2.28521526e-02 -1.84759554e-02 -6.62694266e-03 -1.09774983e-02
 -1.02046831e-02 -3.39952633e-02  1.36093814e-02 -2.80128494e-02
 -5.30001754e-03  2.67499201e-02 -1.37447589e-03 -1.00612650e-02
  1.37018843e-03 -3.50499079e-02  1.93536486e-02 -5.37178256e-02
 -7.48261660e-02 -1.86096337e-02  3.16972937e-03  3.23279127e-02
 -2.27397848e-02  1.83711965e-02 -1.25776092e-02  7.91589171e-02
 -2.05034837e-02  4.44138534e-02  1.00023411e-02  8.27468652e-03
  8.99383146e-03  7.62204677e-02  6.56091422e-02 -7.51708774e-03
  3.87668163e-02  5.90332001e-02 -1.24566965e-02  7.34254718e-02
  3.67257893e-02  2.14230455e-02  8.17440264e-03 -8.31518881e-03
  3.77662778e-02 -6.08159788e-02 -3.02928057e-03  3.77674401e-02
 -2.14291438e-02 -1.09014278e-02 -2.07499918e-02 -6.73461258e-02
 -6.05131919e-03 -1.99617073e-02  5.71018644e-02 -4.44296328e-03
  2.61227638e-02  2.31987913e-03  7.48984814e-02  2.63376143e-02
  5.18452516e-03  2.23987252e-02  7.58455484e-04  3.75616970e-03
 -3.78322043e-02 -3.67072551e-03 -2.95855179e-02  1.33390632e-02
  2.38787718e-02  3.97128388e-02  1.53703885e-02 -2.21195212e-03
 -3.92511114e-02 -1.65710673e-02 -1.81902461e-02  4.14595120e-02
 -2.17339750e-02  4.67314869e-02  1.31846555e-02  2.90828869e-02
  5.28022312e-02 -1.24936365e-02  1.05312886e-02 -2.38494780e-02
  3.02853677e-02 -5.92746362e-02  3.49111855e-02  4.91525196e-02
  2.53571700e-02  9.41059832e-03  2.26790458e-02  4.70114686e-02
 -8.20995588e-03 -6.37977123e-02  1.67537495e-04  4.80196029e-02
  5.82355559e-02  2.40295678e-02 -3.07066925e-02  5.97858205e-02
  5.12354262e-02  3.22680287e-02 -4.40423675e-02 -4.20177908e-04
  1.78980604e-02  3.62996571e-02  1.56227089e-02 -1.04375444e-02
  4.76405658e-02  4.28226404e-02 -1.01694008e-02 -5.91423027e-02
  5.56542501e-02  4.45712581e-02 -2.67753676e-02 -2.90259514e-02
  1.18002081e-02 -5.54451486e-03 -1.80726871e-02 -1.74930338e-02
 -3.44537497e-02  1.62729286e-02  7.87446555e-03 -6.76085381e-03
 -3.59240510e-02  5.35605801e-03  2.13676002e-02 -2.37310827e-02
  4.36450168e-02 -5.23560420e-02  1.89578778e-03  9.61961504e-03
  2.60844752e-02 -5.38251828e-03 -2.73536053e-02 -4.67649028e-02
  3.89305279e-02  1.42372354e-08 -9.23938975e-02 -1.54589256e-02
 -1.10749476e-01  5.18390164e-02  2.18829513e-02 -5.12441210e-02
  8.35319888e-03 -2.08368413e-02 -6.28462583e-02  6.60261931e-03
  5.52921381e-04  1.50504708e-02 -1.81132071e-02  6.08707443e-02
  1.17942356e-02 -4.85742278e-02 -2.37302929e-02 -2.18045376e-02
  3.98787931e-02  1.43977255e-02 -5.64775504e-02  4.29503284e-02
  1.18529573e-02  1.85338836e-02 -2.30554529e-02 -6.71055354e-03
  2.11006007e-03 -1.29473768e-02  1.13994041e-02 -3.48010696e-02
 -3.98094654e-02 -8.69751349e-03 -4.74553257e-02 -2.48929001e-02
 -8.74182954e-02 -5.46768606e-02 -2.57814527e-02 -6.76938593e-02
  8.94944966e-02 -4.19621877e-02 -3.61934267e-02 -1.42634884e-02
  3.32515985e-02 -7.91927874e-02 -2.25092024e-02  4.70651500e-02
  1.38850715e-02 -2.35594530e-02  4.32397751e-03  1.05865253e-03
 -3.61227319e-02 -9.59782526e-02  2.39713769e-02  2.80752429e-03
  4.59779520e-03 -1.93789322e-02 -2.05616802e-02  4.36767377e-02
  3.59588140e-03 -2.58833822e-02  2.36590356e-02 -8.73434693e-02
 -4.82797846e-02 -1.70526411e-02  2.58712261e-03  1.02249896e-02
 -4.35721539e-02 -3.67000364e-02  1.16920667e-02 -6.77071437e-02
 -2.18722448e-02  6.60038292e-02  3.11500430e-02  5.08239157e-02
 -1.21467398e-03 -7.14142323e-02 -7.48180691e-03  3.57384942e-02
 -7.85614655e-04  1.91809963e-02 -1.58242825e-02 -6.28252141e-03
  1.71545744e-02 -2.37302519e-02 -4.18619905e-03 -1.77938137e-02
  8.85798875e-03 -1.02772843e-02  8.68073944e-03 -3.99334580e-02
 -1.65069140e-02  2.23289081e-03  1.52064981e-02  5.45389234e-10
  1.52953237e-03  7.72277787e-02  2.34910958e-02 -9.10415221e-03
 -6.58525247e-03 -2.48504821e-02 -2.49900911e-02 -5.41639887e-02
  3.85350958e-02 -6.75951019e-02 -1.05539812e-02  9.15224012e-03
  8.60794261e-03  3.05473222e-03 -6.68395683e-03 -2.57254336e-02
  3.07487771e-02 -8.16680491e-03  2.01121513e-02 -3.26790586e-02
  4.15949803e-03  2.49166545e-02 -2.80672219e-02 -5.67735620e-02
 -2.95007974e-02  7.79271424e-02 -1.94198992e-02 -1.99865811e-02
  4.65623662e-02  2.16154773e-02 -3.40447528e-04 -2.12797243e-02
  3.53970043e-02  8.36528391e-02  9.31902789e-03  1.82782076e-02
  5.23331501e-02  9.50845610e-03 -1.39568755e-02  2.45990455e-02
 -1.33348024e-02 -5.37662208e-02  1.84677728e-02  3.32555436e-02
 -1.02622574e-02  3.97918001e-02 -8.49823002e-03 -1.37374513e-02
  3.59961763e-02 -2.69456860e-02 -1.48597024e-02  3.40216816e-03
  4.75745685e-02 -1.27409816e-01 -3.78957912e-02  4.09256034e-02
  4.27226834e-02 -3.33841406e-02  4.02594395e-02  4.53191344e-03
  5.07419035e-02  3.01159713e-02 -2.14959239e-03 -1.24210268e-02
  3.68033238e-02  4.75864485e-02  1.54434079e-02  4.49627452e-02
  1.99338719e-02 -3.87196913e-02  5.91572002e-02 -3.48078571e-02
  8.96142889e-03 -2.30961647e-02 -5.60287200e-03  1.73343029e-02
 -4.35975455e-02 -2.36823242e-02 -4.44653258e-02  4.78609055e-02
 -2.78959200e-02  3.62216160e-02 -5.12072407e-02  9.73326899e-03
  5.06489053e-02  3.32085639e-02 -7.56283477e-03  3.44965905e-02
 -2.34079622e-02  1.09820683e-02 -3.53511721e-02  2.39013173e-02
 -8.51172488e-03 -3.97659354e-02  1.53652113e-02 -1.36738620e-03
  4.23865691e-02 -1.57932416e-02 -3.05112656e-02 -2.10149717e-02
  1.37128262e-03 -1.15516335e-02 -3.24244462e-02  5.10788262e-02
  5.42531302e-03  4.79157642e-02 -9.92479175e-03  2.03673709e-02
 -9.04967114e-02  3.53862233e-02 -1.80575587e-02  5.11368662e-02
 -2.56211851e-02 -3.87242697e-02  6.41047861e-03 -6.99294284e-02
 -8.11882224e-03  1.71681140e-02  4.94643440e-03  4.84675169e-02
 -6.76911324e-02  1.01397410e-02  1.77783018e-03 -2.23693643e-02
 -3.60522754e-02  8.96382518e-03  7.25329062e-03 -7.54088163e-02
  6.27633706e-02 -1.57112144e-02  8.62306356e-03 -1.72550678e-02
 -9.13380571e-09  2.65124161e-02  8.24867785e-02  2.03673914e-02
 -1.82742272e-02  7.36005977e-02 -2.20313519e-02 -1.51621299e-02
 -4.89660352e-02 -7.49582276e-02  2.44786460e-02 -1.69545803e-02
 -1.09676495e-02  1.70333795e-02  2.16149166e-02  6.78217877e-03
 -1.07789487e-02  1.54124498e-02 -4.58944915e-03 -4.88805305e-03
 -3.21592502e-02 -3.29025206e-03 -9.68253799e-03 -1.16504319e-01
 -9.52152535e-03 -4.02464299e-03 -1.01597942e-02  2.77045369e-02
  3.48439552e-02  1.54794930e-02  2.01638062e-02 -1.60456765e-02
  1.51323974e-02 -5.74323162e-02 -4.47390974e-02  1.55881383e-02
  1.74266137e-02 -2.22457312e-02  5.03181480e-02  1.82878897e-02
 -2.68440302e-02 -5.25427535e-02  7.79751688e-02 -3.47605534e-02
 -4.44896184e-02 -2.60988157e-02 -2.73783542e-02 -4.10797959e-03
 -3.68658383e-03  2.12098248e-02  1.19244158e-02 -5.64609468e-03
  2.34260317e-02 -1.66593995e-02  9.76837333e-03 -1.44131146e-02
 -4.72323187e-02  2.06303578e-02 -4.84165885e-02 -8.21285974e-03
  1.37778195e-02 -4.58103344e-02 -9.19757131e-03  2.05473751e-02
  8.11776891e-02  2.76902951e-02 -5.06979972e-02 -3.71112451e-02
 -5.26265882e-33  3.26881371e-02  3.69166881e-02  4.56420556e-02
 -1.79276112e-02  4.30895910e-02  6.93934504e-03  3.74774635e-02
  2.72216203e-05  7.39544928e-02 -3.95118743e-02  1.28611159e-02]
[2024-09-25 15:31:39,026][__main__][INFO] - Cosine Similarity: 0.6835996508598328
